[0.331s] Invoking command in '/home/user/cognipilot/cranium/build/ldlidar_stl_ros2': CMAKE_PREFIX_PATH=${CMAKE_PREFIX_PATH}:/home/user/cognipilot/cranium/install/b3rb_ros_aim_india:/opt/ros/humble /usr/bin/cmake --build /home/user/cognipilot/cranium/build/ldlidar_stl_ros2 -- -j4 -l4
[0.677s] [100%] Built target ldlidar_stl_ros2_node
[0.733s] Invoked command in '/home/user/cognipilot/cranium/build/ldlidar_stl_ros2' returned '0': CMAKE_PREFIX_PATH=${CMAKE_PREFIX_PATH}:/home/user/cognipilot/cranium/install/b3rb_ros_aim_india:/opt/ros/humble /usr/bin/cmake --build /home/user/cognipilot/cranium/build/ldlidar_stl_ros2 -- -j4 -l4
[0.741s] Invoking command in '/home/user/cognipilot/cranium/build/ldlidar_stl_ros2': CMAKE_PREFIX_PATH=${CMAKE_PREFIX_PATH}:/home/user/cognipilot/cranium/install/b3rb_ros_aim_india:/opt/ros/humble /usr/bin/cmake --install /home/user/cognipilot/cranium/build/ldlidar_stl_ros2
[0.783s] -- Install configuration: ""
[0.785s] -- Up-to-date: /home/user/cognipilot/cranium/install/ldlidar_stl_ros2/lib/ldlidar_stl_ros2/ldlidar_stl_ros2_node
[0.786s] -- Up-to-date: /home/user/cognipilot/cranium/install/ldlidar_stl_ros2/share/ldlidar_stl_ros2//launch
[0.787s] -- Up-to-date: /home/user/cognipilot/cranium/install/ldlidar_stl_ros2/share/ldlidar_stl_ros2//launch/ld06.launch.py
[0.789s] -- Up-to-date: /home/user/cognipilot/cranium/install/ldlidar_stl_ros2/share/ldlidar_stl_ros2//launch/viewer_ld19.launch.py
[0.790s] -- Up-to-date: /home/user/cognipilot/cranium/install/ldlidar_stl_ros2/share/ldlidar_stl_ros2//launch/viewer_stl27l.launch.py
[0.792s] -- Up-to-date: /home/user/cognipilot/cranium/install/ldlidar_stl_ros2/share/ldlidar_stl_ros2//launch/viewer_ld06.launch.py
[0.793s] -- Up-to-date: /home/user/cognipilot/cranium/install/ldlidar_stl_ros2/share/ldlidar_stl_ros2//launch/ld19.launch.py
[0.794s] -- Up-to-date: /home/user/cognipilot/cranium/install/ldlidar_stl_ros2/share/ldlidar_stl_ros2//launch/stl27l.launch.py
[0.795s] -- Up-to-date: /home/user/cognipilot/cranium/install/ldlidar_stl_ros2/share/ldlidar_stl_ros2//rviz2
[0.796s] -- Up-to-date: /home/user/cognipilot/cranium/install/ldlidar_stl_ros2/share/ldlidar_stl_ros2//rviz2/ldlidar.rviz
[0.796s] -- Up-to-date: /home/user/cognipilot/cranium/install/ldlidar_stl_ros2/share/ament_index/resource_index/package_run_dependencies/ldlidar_stl_ros2
[0.797s] -- Up-to-date: /home/user/cognipilot/cranium/install/ldlidar_stl_ros2/share/ament_index/resource_index/parent_prefix_path/ldlidar_stl_ros2
[0.799s] -- Up-to-date: /home/user/cognipilot/cranium/install/ldlidar_stl_ros2/share/ldlidar_stl_ros2/environment/ament_prefix_path.sh
[0.801s] -- Up-to-date: /home/user/cognipilot/cranium/install/ldlidar_stl_ros2/share/ldlidar_stl_ros2/environment/ament_prefix_path.dsv
[0.808s] -- Up-to-date: /home/user/cognipilot/cranium/install/ldlidar_stl_ros2/share/ldlidar_stl_ros2/environment/path.sh
[0.809s] -- Up-to-date: /home/user/cognipilot/cranium/install/ldlidar_stl_ros2/share/ldlidar_stl_ros2/environment/path.dsv
[0.811s] -- Up-to-date: /home/user/cognipilot/cranium/install/ldlidar_stl_ros2/share/ldlidar_stl_ros2/local_setup.bash
[0.812s] -- Up-to-date: /home/user/cognipilot/cranium/install/ldlidar_stl_ros2/share/ldlidar_stl_ros2/local_setup.sh
[0.813s] -- Up-to-date: /home/user/cognipilot/cranium/install/ldlidar_stl_ros2/share/ldlidar_stl_ros2/local_setup.zsh
[0.814s] -- Up-to-date: /home/user/cognipilot/cranium/install/ldlidar_stl_ros2/share/ldlidar_stl_ros2/local_setup.dsv
[0.815s] -- Installing: /home/user/cognipilot/cranium/install/ldlidar_stl_ros2/share/ldlidar_stl_ros2/package.dsv
[0.816s] -- Up-to-date: /home/user/cognipilot/cranium/install/ldlidar_stl_ros2/share/ament_index/resource_index/packages/ldlidar_stl_ros2
[0.817s] -- Up-to-date: /home/user/cognipilot/cranium/install/ldlidar_stl_ros2/share/ldlidar_stl_ros2/cmake/ldlidar_stl_ros2Config.cmake
[0.819s] -- Up-to-date: /home/user/cognipilot/cranium/install/ldlidar_stl_ros2/share/ldlidar_stl_ros2/cmake/ldlidar_stl_ros2Config-version.cmake
[0.820s] -- Up-to-date: /home/user/cognipilot/cranium/install/ldlidar_stl_ros2/share/ldlidar_stl_ros2/package.xml
[0.822s] Invoked command in '/home/user/cognipilot/cranium/build/ldlidar_stl_ros2' returned '0': CMAKE_PREFIX_PATH=${CMAKE_PREFIX_PATH}:/home/user/cognipilot/cranium/install/b3rb_ros_aim_india:/opt/ros/humble /usr/bin/cmake --install /home/user/cognipilot/cranium/build/ldlidar_stl_ros2
