[0.187s] Invoking command in '/home/user/cognipilot/cranium/build/ldlidar_stl_ros2': CMAKE_PREFIX_PATH=${CMAKE_PREFIX_PATH}:/opt/ros/humble /usr/bin/cmake --build /home/user/cognipilot/cranium/build/ldlidar_stl_ros2 -- -j4 -l4
[0.533s] [35m[1mConsolidate compiler generated dependencies of target ldlidar_stl_ros2_node[0m
[0.757s] [100%] Built target ldlidar_stl_ros2_node
[0.816s] Invoked command in '/home/user/cognipilot/cranium/build/ldlidar_stl_ros2' returned '0': CMAKE_PREFIX_PATH=${CMAKE_PREFIX_PATH}:/opt/ros/humble /usr/bin/cmake --build /home/user/cognipilot/cranium/build/ldlidar_stl_ros2 -- -j4 -l4
[0.827s] Invoking command in '/home/user/cognipilot/cranium/build/ldlidar_stl_ros2': CMAKE_PREFIX_PATH=${CMAKE_PREFIX_PATH}:/opt/ros/humble /usr/bin/cmake --install /home/user/cognipilot/cranium/build/ldlidar_stl_ros2
[0.868s] -- Install configuration: ""
[0.872s] -- Up-to-date: /home/user/cognipilot/cranium/install/ldlidar_stl_ros2/lib/ldlidar_stl_ros2/ldlidar_stl_ros2_node
[0.873s] -- Up-to-date: /home/user/cognipilot/cranium/install/ldlidar_stl_ros2/share/ldlidar_stl_ros2//launch
[0.876s] -- Up-to-date: /home/user/cognipilot/cranium/install/ldlidar_stl_ros2/share/ldlidar_stl_ros2//launch/ld06.launch.py
[0.877s] -- Up-to-date: /home/user/cognipilot/cranium/install/ldlidar_stl_ros2/share/ldlidar_stl_ros2//launch/viewer_ld19.launch.py
[0.878s] -- Up-to-date: /home/user/cognipilot/cranium/install/ldlidar_stl_ros2/share/ldlidar_stl_ros2//launch/viewer_stl27l.launch.py
[0.880s] -- Up-to-date: /home/user/cognipilot/cranium/install/ldlidar_stl_ros2/share/ldlidar_stl_ros2//launch/viewer_ld06.launch.py
[0.881s] -- Up-to-date: /home/user/cognipilot/cranium/install/ldlidar_stl_ros2/share/ldlidar_stl_ros2//launch/ld19.launch.py
[0.883s] -- Up-to-date: /home/user/cognipilot/cranium/install/ldlidar_stl_ros2/share/ldlidar_stl_ros2//launch/stl27l.launch.py
[0.884s] -- Up-to-date: /home/user/cognipilot/cranium/install/ldlidar_stl_ros2/share/ldlidar_stl_ros2//rviz2
[0.885s] -- Up-to-date: /home/user/cognipilot/cranium/install/ldlidar_stl_ros2/share/ldlidar_stl_ros2//rviz2/ldlidar.rviz
[0.886s] -- Up-to-date: /home/user/cognipilot/cranium/install/ldlidar_stl_ros2/share/ament_index/resource_index/package_run_dependencies/ldlidar_stl_ros2
[0.887s] -- Up-to-date: /home/user/cognipilot/cranium/install/ldlidar_stl_ros2/share/ament_index/resource_index/parent_prefix_path/ldlidar_stl_ros2
[0.888s] -- Up-to-date: /home/user/cognipilot/cranium/install/ldlidar_stl_ros2/share/ldlidar_stl_ros2/environment/ament_prefix_path.sh
[0.889s] -- Up-to-date: /home/user/cognipilot/cranium/install/ldlidar_stl_ros2/share/ldlidar_stl_ros2/environment/ament_prefix_path.dsv
[0.890s] -- Up-to-date: /home/user/cognipilot/cranium/install/ldlidar_stl_ros2/share/ldlidar_stl_ros2/environment/path.sh
[0.891s] -- Up-to-date: /home/user/cognipilot/cranium/install/ldlidar_stl_ros2/share/ldlidar_stl_ros2/environment/path.dsv
[0.893s] -- Up-to-date: /home/user/cognipilot/cranium/install/ldlidar_stl_ros2/share/ldlidar_stl_ros2/local_setup.bash
[0.894s] -- Up-to-date: /home/user/cognipilot/cranium/install/ldlidar_stl_ros2/share/ldlidar_stl_ros2/local_setup.sh
[0.896s] -- Up-to-date: /home/user/cognipilot/cranium/install/ldlidar_stl_ros2/share/ldlidar_stl_ros2/local_setup.zsh
[0.899s] -- Up-to-date: /home/user/cognipilot/cranium/install/ldlidar_stl_ros2/share/ldlidar_stl_ros2/local_setup.dsv
[0.904s] -- Installing: /home/user/cognipilot/cranium/install/ldlidar_stl_ros2/share/ldlidar_stl_ros2/package.dsv
[0.906s] -- Up-to-date: /home/user/cognipilot/cranium/install/ldlidar_stl_ros2/share/ament_index/resource_index/packages/ldlidar_stl_ros2
[0.907s] -- Up-to-date: /home/user/cognipilot/cranium/install/ldlidar_stl_ros2/share/ldlidar_stl_ros2/cmake/ldlidar_stl_ros2Config.cmake
[0.908s] -- Up-to-date: /home/user/cognipilot/cranium/install/ldlidar_stl_ros2/share/ldlidar_stl_ros2/cmake/ldlidar_stl_ros2Config-version.cmake
[0.909s] -- Up-to-date: /home/user/cognipilot/cranium/install/ldlidar_stl_ros2/share/ldlidar_stl_ros2/package.xml
[0.910s] Invoked command in '/home/user/cognipilot/cranium/build/ldlidar_stl_ros2' returned '0': CMAKE_PREFIX_PATH=${CMAKE_PREFIX_PATH}:/opt/ros/humble /usr/bin/cmake --install /home/user/cognipilot/cranium/build/ldlidar_stl_ros2
