[0.171s] Invoking command in '/home/user/cognipilot/cranium/build/synapse_protobuf': CMAKE_PREFIX_PATH=${CMAKE_PREFIX_PATH}:/home/user/cognipilot/cranium/install/b3rb_ros_aim_india:/opt/ros/humble /usr/bin/cmake --build /home/user/cognipilot/cranium/build/synapse_protobuf -- -j4 -l4
[1.011s] [100%] Built target synapse_protobuf
[1.248s] Invoked command in '/home/user/cognipilot/cranium/build/synapse_protobuf' returned '0': CMAKE_PREFIX_PATH=${CMAKE_PREFIX_PATH}:/home/user/cognipilot/cranium/install/b3rb_ros_aim_india:/opt/ros/humble /usr/bin/cmake --build /home/user/cognipilot/cranium/build/synapse_protobuf -- -j4 -l4
[1.261s] Invoking command in '/home/user/cognipilot/cranium/build/synapse_protobuf': CMAKE_PREFIX_PATH=${CMAKE_PREFIX_PATH}:/home/user/cognipilot/cranium/install/b3rb_ros_aim_india:/opt/ros/humble /usr/bin/cmake --install /home/user/cognipilot/cranium/build/synapse_protobuf
[1.316s] -- Install configuration: ""
[1.320s] -- Up-to-date: /home/user/cognipilot/cranium/install/synapse_protobuf/share/synapse_protobuf/environment/library_path.sh
[1.322s] -- Up-to-date: /home/user/cognipilot/cranium/install/synapse_protobuf/share/synapse_protobuf/environment/library_path.dsv
[1.324s] -- Up-to-date: /home/user/cognipilot/cranium/install/synapse_protobuf/share/ament_index/resource_index/package_run_dependencies/synapse_protobuf
[1.326s] -- Up-to-date: /home/user/cognipilot/cranium/install/synapse_protobuf/share/ament_index/resource_index/parent_prefix_path/synapse_protobuf
[1.328s] -- Up-to-date: /home/user/cognipilot/cranium/install/synapse_protobuf/share/synapse_protobuf/environment/ament_prefix_path.sh
[1.331s] -- Up-to-date: /home/user/cognipilot/cranium/install/synapse_protobuf/share/synapse_protobuf/environment/ament_prefix_path.dsv
[1.332s] -- Up-to-date: /home/user/cognipilot/cranium/install/synapse_protobuf/share/synapse_protobuf/environment/path.sh
[1.334s] -- Up-to-date: /home/user/cognipilot/cranium/install/synapse_protobuf/share/synapse_protobuf/environment/path.dsv
[1.337s] -- Up-to-date: /home/user/cognipilot/cranium/install/synapse_protobuf/share/synapse_protobuf/local_setup.bash
[1.339s] -- Up-to-date: /home/user/cognipilot/cranium/install/synapse_protobuf/share/synapse_protobuf/local_setup.sh
[1.341s] -- Up-to-date: /home/user/cognipilot/cranium/install/synapse_protobuf/share/synapse_protobuf/local_setup.zsh
[1.342s] -- Up-to-date: /home/user/cognipilot/cranium/install/synapse_protobuf/share/synapse_protobuf/local_setup.dsv
[1.344s] -- Installing: /home/user/cognipilot/cranium/install/synapse_protobuf/share/synapse_protobuf/package.dsv
[1.347s] -- Up-to-date: /home/user/cognipilot/cranium/install/synapse_protobuf/share/ament_index/resource_index/packages/synapse_protobuf
[1.361s] -- Up-to-date: /home/user/cognipilot/cranium/install/synapse_protobuf/share/synapse_protobuf/cmake/synapse_protobufExport.cmake
[1.363s] -- Up-to-date: /home/user/cognipilot/cranium/install/synapse_protobuf/share/synapse_protobuf/cmake/synapse_protobufExport-noconfig.cmake
[1.365s] -- Up-to-date: /home/user/cognipilot/cranium/install/synapse_protobuf/share/synapse_protobuf/cmake/ament_cmake_export_targets-extras.cmake
[1.366s] -- Up-to-date: /home/user/cognipilot/cranium/install/synapse_protobuf/share/synapse_protobuf/cmake/ament_cmake_export_dependencies-extras.cmake
[1.368s] -- Up-to-date: /home/user/cognipilot/cranium/install/synapse_protobuf/share/synapse_protobuf/cmake/synapse_protobufConfig.cmake
[1.375s] -- Up-to-date: /home/user/cognipilot/cranium/install/synapse_protobuf/share/synapse_protobuf/cmake/synapse_protobufConfig-version.cmake
[1.378s] -- Up-to-date: /home/user/cognipilot/cranium/install/synapse_protobuf/share/synapse_protobuf/package.xml
[1.383s] -- Up-to-date: /home/user/cognipilot/cranium/install/synapse_protobuf/lib/libsynapse_protobuf.a
[1.409s] -- Up-to-date: /home/user/cognipilot/cranium/install/synapse_protobuf/include/synapse_protobuf/actuators.pb.h
[1.410s] -- Up-to-date: /home/user/cognipilot/cranium/install/synapse_protobuf/include/synapse_protobuf/altimeter.pb.h
[1.411s] -- Up-to-date: /home/user/cognipilot/cranium/install/synapse_protobuf/include/synapse_protobuf/battery_state.pb.h
[1.412s] -- Up-to-date: /home/user/cognipilot/cranium/install/synapse_protobuf/include/synapse_protobuf/bezier_curve.pb.h
[1.413s] -- Up-to-date: /home/user/cognipilot/cranium/install/synapse_protobuf/include/synapse_protobuf/bezier_trajectory.pb.h
[1.414s] -- Up-to-date: /home/user/cognipilot/cranium/install/synapse_protobuf/include/synapse_protobuf/can.pb.h
[1.416s] -- Up-to-date: /home/user/cognipilot/cranium/install/synapse_protobuf/include/synapse_protobuf/header.pb.h
[1.417s] -- Up-to-date: /home/user/cognipilot/cranium/install/synapse_protobuf/include/synapse_protobuf/imu.pb.h
[1.419s] -- Up-to-date: /home/user/cognipilot/cranium/install/synapse_protobuf/include/synapse_protobuf/joy.pb.h
[1.420s] -- Up-to-date: /home/user/cognipilot/cranium/install/synapse_protobuf/include/synapse_protobuf/led.pb.h
[1.421s] -- Up-to-date: /home/user/cognipilot/cranium/install/synapse_protobuf/include/synapse_protobuf/led_array.pb.h
[1.422s] -- Up-to-date: /home/user/cognipilot/cranium/install/synapse_protobuf/include/synapse_protobuf/magnetic_field.pb.h
[1.423s] -- Up-to-date: /home/user/cognipilot/cranium/install/synapse_protobuf/include/synapse_protobuf/nav_sat_fix.pb.h
[1.424s] -- Up-to-date: /home/user/cognipilot/cranium/install/synapse_protobuf/include/synapse_protobuf/nav_sat_status.pb.h
[1.438s] -- Up-to-date: /home/user/cognipilot/cranium/install/synapse_protobuf/include/synapse_protobuf/odometry.pb.h
[1.439s] -- Up-to-date: /home/user/cognipilot/cranium/install/synapse_protobuf/include/synapse_protobuf/point.pb.h
[1.440s] -- Up-to-date: /home/user/cognipilot/cranium/install/synapse_protobuf/include/synapse_protobuf/pose.pb.h
[1.441s] -- Up-to-date: /home/user/cognipilot/cranium/install/synapse_protobuf/include/synapse_protobuf/pose_with_covariance.pb.h
[1.442s] -- Up-to-date: /home/user/cognipilot/cranium/install/synapse_protobuf/include/synapse_protobuf/quaternion.pb.h
[1.443s] -- Up-to-date: /home/user/cognipilot/cranium/install/synapse_protobuf/include/synapse_protobuf/safety.pb.h
[1.444s] -- Up-to-date: /home/user/cognipilot/cranium/install/synapse_protobuf/include/synapse_protobuf/sim_clock.pb.h
[1.461s] -- Up-to-date: /home/user/cognipilot/cranium/install/synapse_protobuf/include/synapse_protobuf/status.pb.h
[1.464s] -- Up-to-date: /home/user/cognipilot/cranium/install/synapse_protobuf/include/synapse_protobuf/time.pb.h
[1.465s] -- Up-to-date: /home/user/cognipilot/cranium/install/synapse_protobuf/include/synapse_protobuf/twist.pb.h
[1.467s] -- Up-to-date: /home/user/cognipilot/cranium/install/synapse_protobuf/include/synapse_protobuf/twist_with_covariance.pb.h
[1.469s] -- Up-to-date: /home/user/cognipilot/cranium/install/synapse_protobuf/include/synapse_protobuf/vector3.pb.h
[1.470s] -- Up-to-date: /home/user/cognipilot/cranium/install/synapse_protobuf/include/synapse_protobuf/wheel_odometry.pb.h
[1.472s] Invoked command in '/home/user/cognipilot/cranium/build/synapse_protobuf' returned '0': CMAKE_PREFIX_PATH=${CMAKE_PREFIX_PATH}:/home/user/cognipilot/cranium/install/b3rb_ros_aim_india:/opt/ros/humble /usr/bin/cmake --install /home/user/cognipilot/cranium/build/synapse_protobuf
