[0.177s] Invoking command in '/home/user/cognipilot/cranium/build/synapse_msgs': CMAKE_PREFIX_PATH=${CMAKE_PREFIX_PATH}:/home/user/cognipilot/cranium/install/b3rb_ros_aim_india:/opt/ros/humble /usr/bin/cmake --build /home/user/cognipilot/cranium/build/synapse_msgs -- -j4 -l4
[0.432s] [35m[1mConsolidate compiler generated dependencies of target synapse_msgs__rosidl_generator_c[0m
[0.509s] [ 10%] Built target synapse_msgs__rosidl_generator_c
[0.559s] [ 12%] Built target synapse_msgs__cpp
[0.614s] [35m[1mConsolidate compiler generated dependencies of target synapse_msgs__rosidl_typesupport_fastrtps_c[0m
[0.643s] [ 12%] Built target ament_cmake_python_copy_synapse_msgs
[0.651s] [35m[1mConsolidate compiler generated dependencies of target synapse_msgs__rosidl_typesupport_introspection_c[0m
[0.685s] [35m[1mConsolidate compiler generated dependencies of target synapse_msgs__rosidl_typesupport_c[0m
[0.777s] [35m[1mConsolidate compiler generated dependencies of target synapse_msgs__rosidl_typesupport_fastrtps_cpp[0m
[0.780s] [ 23%] Built target synapse_msgs__rosidl_typesupport_fastrtps_c
[0.820s] [ 34%] Built target synapse_msgs__rosidl_typesupport_c
[0.846s] [ 45%] Built target synapse_msgs__rosidl_typesupport_introspection_c
[0.889s] [35m[1mConsolidate compiler generated dependencies of target synapse_msgs__rosidl_typesupport_introspection_cpp[0m
[0.890s] [ 56%] Built target synapse_msgs__rosidl_typesupport_fastrtps_cpp
[0.962s] [35m[1mConsolidate compiler generated dependencies of target synapse_msgs__rosidl_typesupport_cpp[0m
[0.983s] [ 67%] Built target synapse_msgs__rosidl_typesupport_introspection_cpp
[1.124s] [ 78%] Built target synapse_msgs__rosidl_typesupport_cpp
[1.267s] [ 78%] Built target synapse_msgs
[1.368s] [ 80%] Built target synapse_msgs__py
[1.441s] [35m[1mConsolidate compiler generated dependencies of target synapse_msgs__rosidl_generator_py[0m
[1.536s] [ 89%] Built target synapse_msgs__rosidl_generator_py
[1.659s] [35m[1mConsolidate compiler generated dependencies of target synapse_msgs__rosidl_typesupport_introspection_c__pyext[0m
[1.660s] [35m[1mConsolidate compiler generated dependencies of target synapse_msgs__rosidl_typesupport_fastrtps_c__pyext[0m
[1.668s] [35m[1mConsolidate compiler generated dependencies of target synapse_msgs__rosidl_typesupport_c__pyext[0m
[1.750s] [ 92%] Built target synapse_msgs__rosidl_typesupport_introspection_c__pyext
[1.778s] [ 96%] Built target synapse_msgs__rosidl_typesupport_c__pyext
[1.782s] [100%] Built target synapse_msgs__rosidl_typesupport_fastrtps_c__pyext
[3.469s] running egg_info
[3.475s] writing synapse_msgs.egg-info/PKG-INFO
[3.477s] writing dependency_links to synapse_msgs.egg-info/dependency_links.txt
[3.478s] writing top-level names to synapse_msgs.egg-info/top_level.txt
[3.507s] reading manifest file 'synapse_msgs.egg-info/SOURCES.txt'
[3.513s] writing manifest file 'synapse_msgs.egg-info/SOURCES.txt'
[3.734s] [100%] Built target ament_cmake_python_build_synapse_msgs_egg
[3.793s] Invoked command in '/home/user/cognipilot/cranium/build/synapse_msgs' returned '0': CMAKE_PREFIX_PATH=${CMAKE_PREFIX_PATH}:/home/user/cognipilot/cranium/install/b3rb_ros_aim_india:/opt/ros/humble /usr/bin/cmake --build /home/user/cognipilot/cranium/build/synapse_msgs -- -j4 -l4
[3.801s] Invoking command in '/home/user/cognipilot/cranium/build/synapse_msgs': CMAKE_PREFIX_PATH=${CMAKE_PREFIX_PATH}:/home/user/cognipilot/cranium/install/b3rb_ros_aim_india:/opt/ros/humble /usr/bin/cmake --install /home/user/cognipilot/cranium/build/synapse_msgs
[3.845s] -- Install configuration: ""
[3.846s] -- Up-to-date: /home/user/cognipilot/cranium/install/synapse_msgs/share/ament_index/resource_index/rosidl_interfaces/synapse_msgs
[3.848s] -- Up-to-date: /home/user/cognipilot/cranium/install/synapse_msgs/include/synapse_msgs/synapse_msgs
[3.849s] -- Up-to-date: /home/user/cognipilot/cranium/install/synapse_msgs/include/synapse_msgs/synapse_msgs/msg
[3.850s] -- Up-to-date: /home/user/cognipilot/cranium/install/synapse_msgs/include/synapse_msgs/synapse_msgs/msg/warehouse_shelf.h
[3.851s] -- Up-to-date: /home/user/cognipilot/cranium/install/synapse_msgs/include/synapse_msgs/synapse_msgs/msg/bezier_trajectory.h
[3.853s] -- Up-to-date: /home/user/cognipilot/cranium/install/synapse_msgs/include/synapse_msgs/synapse_msgs/msg/edge_vectors.h
[3.854s] -- Up-to-date: /home/user/cognipilot/cranium/install/synapse_msgs/include/synapse_msgs/synapse_msgs/msg/traffic_status.h
[3.854s] -- Up-to-date: /home/user/cognipilot/cranium/install/synapse_msgs/include/synapse_msgs/synapse_msgs/msg/bezier_curve.h
[3.856s] -- Up-to-date: /home/user/cognipilot/cranium/install/synapse_msgs/include/synapse_msgs/synapse_msgs/msg/status.h
[3.857s] -- Up-to-date: /home/user/cognipilot/cranium/install/synapse_msgs/include/synapse_msgs/synapse_msgs/msg/detail
[3.858s] -- Up-to-date: /home/user/cognipilot/cranium/install/synapse_msgs/include/synapse_msgs/synapse_msgs/msg/detail/edge_vectors__functions.c
[3.859s] -- Up-to-date: /home/user/cognipilot/cranium/install/synapse_msgs/include/synapse_msgs/synapse_msgs/msg/detail/status__type_support.h
[3.860s] -- Up-to-date: /home/user/cognipilot/cranium/install/synapse_msgs/include/synapse_msgs/synapse_msgs/msg/detail/status__functions.c
[3.862s] -- Up-to-date: /home/user/cognipilot/cranium/install/synapse_msgs/include/synapse_msgs/synapse_msgs/msg/detail/bezier_trajectory__type_support.h
[3.863s] -- Up-to-date: /home/user/cognipilot/cranium/install/synapse_msgs/include/synapse_msgs/synapse_msgs/msg/detail/traffic_status__functions.c
[3.865s] -- Up-to-date: /home/user/cognipilot/cranium/install/synapse_msgs/include/synapse_msgs/synapse_msgs/msg/detail/status__functions.h
[3.866s] -- Up-to-date: /home/user/cognipilot/cranium/install/synapse_msgs/include/synapse_msgs/synapse_msgs/msg/detail/traffic_status__struct.h
[3.867s] -- Up-to-date: /home/user/cognipilot/cranium/install/synapse_msgs/include/synapse_msgs/synapse_msgs/msg/detail/bezier_curve__functions.h
[3.868s] -- Up-to-date: /home/user/cognipilot/cranium/install/synapse_msgs/include/synapse_msgs/synapse_msgs/msg/detail/traffic_status__functions.h
[3.869s] -- Up-to-date: /home/user/cognipilot/cranium/install/synapse_msgs/include/synapse_msgs/synapse_msgs/msg/detail/bezier_curve__type_support.h
[3.871s] -- Up-to-date: /home/user/cognipilot/cranium/install/synapse_msgs/include/synapse_msgs/synapse_msgs/msg/detail/warehouse_shelf__type_support.h
[3.872s] -- Up-to-date: /home/user/cognipilot/cranium/install/synapse_msgs/include/synapse_msgs/synapse_msgs/msg/detail/status__struct.h
[3.872s] -- Up-to-date: /home/user/cognipilot/cranium/install/synapse_msgs/include/synapse_msgs/synapse_msgs/msg/detail/edge_vectors__type_support.h
[3.873s] -- Up-to-date: /home/user/cognipilot/cranium/install/synapse_msgs/include/synapse_msgs/synapse_msgs/msg/detail/traffic_status__type_support.h
[3.875s] -- Up-to-date: /home/user/cognipilot/cranium/install/synapse_msgs/include/synapse_msgs/synapse_msgs/msg/detail/bezier_curve__struct.h
[3.876s] -- Up-to-date: /home/user/cognipilot/cranium/install/synapse_msgs/include/synapse_msgs/synapse_msgs/msg/detail/bezier_trajectory__functions.c
[3.877s] -- Up-to-date: /home/user/cognipilot/cranium/install/synapse_msgs/include/synapse_msgs/synapse_msgs/msg/detail/bezier_curve__functions.c
[3.878s] -- Up-to-date: /home/user/cognipilot/cranium/install/synapse_msgs/include/synapse_msgs/synapse_msgs/msg/detail/warehouse_shelf__functions.c
[3.879s] -- Up-to-date: /home/user/cognipilot/cranium/install/synapse_msgs/include/synapse_msgs/synapse_msgs/msg/detail/edge_vectors__functions.h
[3.881s] -- Up-to-date: /home/user/cognipilot/cranium/install/synapse_msgs/include/synapse_msgs/synapse_msgs/msg/detail/edge_vectors__struct.h
[3.882s] -- Up-to-date: /home/user/cognipilot/cranium/install/synapse_msgs/include/synapse_msgs/synapse_msgs/msg/detail/bezier_trajectory__struct.h
[3.883s] -- Up-to-date: /home/user/cognipilot/cranium/install/synapse_msgs/include/synapse_msgs/synapse_msgs/msg/detail/bezier_trajectory__functions.h
[3.883s] -- Up-to-date: /home/user/cognipilot/cranium/install/synapse_msgs/include/synapse_msgs/synapse_msgs/msg/detail/warehouse_shelf__struct.h
[3.884s] -- Up-to-date: /home/user/cognipilot/cranium/install/synapse_msgs/include/synapse_msgs/synapse_msgs/msg/detail/warehouse_shelf__functions.h
[3.885s] -- Up-to-date: /home/user/cognipilot/cranium/install/synapse_msgs/include/synapse_msgs/synapse_msgs/msg/rosidl_generator_c__visibility_control.h
[3.886s] -- Up-to-date: /home/user/cognipilot/cranium/install/synapse_msgs/share/synapse_msgs/environment/library_path.sh
[3.886s] -- Up-to-date: /home/user/cognipilot/cranium/install/synapse_msgs/share/synapse_msgs/environment/library_path.dsv
[3.887s] -- Up-to-date: /home/user/cognipilot/cranium/install/synapse_msgs/lib/libsynapse_msgs__rosidl_generator_c.so
[3.888s] -- Up-to-date: /home/user/cognipilot/cranium/install/synapse_msgs/include/synapse_msgs/synapse_msgs
[3.889s] -- Up-to-date: /home/user/cognipilot/cranium/install/synapse_msgs/include/synapse_msgs/synapse_msgs/msg
[3.890s] -- Up-to-date: /home/user/cognipilot/cranium/install/synapse_msgs/include/synapse_msgs/synapse_msgs/msg/detail
[3.890s] -- Up-to-date: /home/user/cognipilot/cranium/install/synapse_msgs/include/synapse_msgs/synapse_msgs/msg/detail/warehouse_shelf__rosidl_typesupport_fastrtps_c.h
[3.891s] -- Up-to-date: /home/user/cognipilot/cranium/install/synapse_msgs/include/synapse_msgs/synapse_msgs/msg/detail/traffic_status__rosidl_typesupport_fastrtps_c.h
[3.892s] -- Up-to-date: /home/user/cognipilot/cranium/install/synapse_msgs/include/synapse_msgs/synapse_msgs/msg/detail/bezier_curve__rosidl_typesupport_fastrtps_c.h
[3.893s] -- Up-to-date: /home/user/cognipilot/cranium/install/synapse_msgs/include/synapse_msgs/synapse_msgs/msg/detail/bezier_trajectory__rosidl_typesupport_fastrtps_c.h
[3.894s] -- Up-to-date: /home/user/cognipilot/cranium/install/synapse_msgs/include/synapse_msgs/synapse_msgs/msg/detail/status__rosidl_typesupport_fastrtps_c.h
[3.894s] -- Up-to-date: /home/user/cognipilot/cranium/install/synapse_msgs/include/synapse_msgs/synapse_msgs/msg/detail/edge_vectors__rosidl_typesupport_fastrtps_c.h
[3.895s] -- Up-to-date: /home/user/cognipilot/cranium/install/synapse_msgs/include/synapse_msgs/synapse_msgs/msg/rosidl_typesupport_fastrtps_c__visibility_control.h
[3.896s] -- Up-to-date: /home/user/cognipilot/cranium/install/synapse_msgs/lib/libsynapse_msgs__rosidl_typesupport_fastrtps_c.so
[3.897s] -- Up-to-date: /home/user/cognipilot/cranium/install/synapse_msgs/include/synapse_msgs/synapse_msgs
[3.897s] -- Up-to-date: /home/user/cognipilot/cranium/install/synapse_msgs/include/synapse_msgs/synapse_msgs/msg
[3.898s] -- Up-to-date: /home/user/cognipilot/cranium/install/synapse_msgs/include/synapse_msgs/synapse_msgs/msg/detail
[3.899s] -- Up-to-date: /home/user/cognipilot/cranium/install/synapse_msgs/include/synapse_msgs/synapse_msgs/msg/detail/edge_vectors__type_support.c
[3.900s] -- Up-to-date: /home/user/cognipilot/cranium/install/synapse_msgs/include/synapse_msgs/synapse_msgs/msg/detail/bezier_curve__type_support.c
[3.900s] -- Up-to-date: /home/user/cognipilot/cranium/install/synapse_msgs/include/synapse_msgs/synapse_msgs/msg/detail/status__rosidl_typesupport_introspection_c.h
[3.901s] -- Up-to-date: /home/user/cognipilot/cranium/install/synapse_msgs/include/synapse_msgs/synapse_msgs/msg/detail/status__type_support.c
[3.902s] -- Up-to-date: /home/user/cognipilot/cranium/install/synapse_msgs/include/synapse_msgs/synapse_msgs/msg/detail/edge_vectors__rosidl_typesupport_introspection_c.h
[3.903s] -- Up-to-date: /home/user/cognipilot/cranium/install/synapse_msgs/include/synapse_msgs/synapse_msgs/msg/detail/warehouse_shelf__rosidl_typesupport_introspection_c.h
[3.904s] -- Up-to-date: /home/user/cognipilot/cranium/install/synapse_msgs/include/synapse_msgs/synapse_msgs/msg/detail/traffic_status__rosidl_typesupport_introspection_c.h
[3.904s] -- Up-to-date: /home/user/cognipilot/cranium/install/synapse_msgs/include/synapse_msgs/synapse_msgs/msg/detail/bezier_trajectory__type_support.c
[3.905s] -- Up-to-date: /home/user/cognipilot/cranium/install/synapse_msgs/include/synapse_msgs/synapse_msgs/msg/detail/bezier_trajectory__rosidl_typesupport_introspection_c.h
[3.906s] -- Up-to-date: /home/user/cognipilot/cranium/install/synapse_msgs/include/synapse_msgs/synapse_msgs/msg/detail/warehouse_shelf__type_support.c
[3.907s] -- Up-to-date: /home/user/cognipilot/cranium/install/synapse_msgs/include/synapse_msgs/synapse_msgs/msg/detail/traffic_status__type_support.c
[3.907s] -- Up-to-date: /home/user/cognipilot/cranium/install/synapse_msgs/include/synapse_msgs/synapse_msgs/msg/detail/bezier_curve__rosidl_typesupport_introspection_c.h
[3.908s] -- Up-to-date: /home/user/cognipilot/cranium/install/synapse_msgs/include/synapse_msgs/synapse_msgs/msg/rosidl_typesupport_introspection_c__visibility_control.h
[3.909s] -- Up-to-date: /home/user/cognipilot/cranium/install/synapse_msgs/lib/libsynapse_msgs__rosidl_typesupport_introspection_c.so
[3.910s] -- Up-to-date: /home/user/cognipilot/cranium/install/synapse_msgs/lib/libsynapse_msgs__rosidl_typesupport_c.so
[3.910s] -- Up-to-date: /home/user/cognipilot/cranium/install/synapse_msgs/include/synapse_msgs/synapse_msgs
[3.911s] -- Up-to-date: /home/user/cognipilot/cranium/install/synapse_msgs/include/synapse_msgs/synapse_msgs/msg
[3.912s] -- Up-to-date: /home/user/cognipilot/cranium/install/synapse_msgs/include/synapse_msgs/synapse_msgs/msg/rosidl_generator_cpp__visibility_control.hpp
[3.912s] -- Up-to-date: /home/user/cognipilot/cranium/install/synapse_msgs/include/synapse_msgs/synapse_msgs/msg/edge_vectors.hpp
[3.913s] -- Up-to-date: /home/user/cognipilot/cranium/install/synapse_msgs/include/synapse_msgs/synapse_msgs/msg/status.hpp
[3.914s] -- Up-to-date: /home/user/cognipilot/cranium/install/synapse_msgs/include/synapse_msgs/synapse_msgs/msg/bezier_trajectory.hpp
[3.915s] -- Up-to-date: /home/user/cognipilot/cranium/install/synapse_msgs/include/synapse_msgs/synapse_msgs/msg/detail
[3.915s] -- Up-to-date: /home/user/cognipilot/cranium/install/synapse_msgs/include/synapse_msgs/synapse_msgs/msg/detail/bezier_trajectory__struct.hpp
[3.917s] -- Up-to-date: /home/user/cognipilot/cranium/install/synapse_msgs/include/synapse_msgs/synapse_msgs/msg/detail/warehouse_shelf__builder.hpp
[3.918s] -- Up-to-date: /home/user/cognipilot/cranium/install/synapse_msgs/include/synapse_msgs/synapse_msgs/msg/detail/traffic_status__struct.hpp
[3.919s] -- Up-to-date: /home/user/cognipilot/cranium/install/synapse_msgs/include/synapse_msgs/synapse_msgs/msg/detail/status__traits.hpp
[3.919s] -- Up-to-date: /home/user/cognipilot/cranium/install/synapse_msgs/include/synapse_msgs/synapse_msgs/msg/detail/warehouse_shelf__traits.hpp
[3.920s] -- Up-to-date: /home/user/cognipilot/cranium/install/synapse_msgs/include/synapse_msgs/synapse_msgs/msg/detail/traffic_status__type_support.hpp
[3.921s] -- Up-to-date: /home/user/cognipilot/cranium/install/synapse_msgs/include/synapse_msgs/synapse_msgs/msg/detail/status__type_support.hpp
[3.922s] -- Up-to-date: /home/user/cognipilot/cranium/install/synapse_msgs/include/synapse_msgs/synapse_msgs/msg/detail/bezier_trajectory__builder.hpp
[3.922s] -- Up-to-date: /home/user/cognipilot/cranium/install/synapse_msgs/include/synapse_msgs/synapse_msgs/msg/detail/bezier_curve__traits.hpp
[3.923s] -- Up-to-date: /home/user/cognipilot/cranium/install/synapse_msgs/include/synapse_msgs/synapse_msgs/msg/detail/edge_vectors__type_support.hpp
[3.924s] -- Up-to-date: /home/user/cognipilot/cranium/install/synapse_msgs/include/synapse_msgs/synapse_msgs/msg/detail/bezier_trajectory__type_support.hpp
[3.925s] -- Up-to-date: /home/user/cognipilot/cranium/install/synapse_msgs/include/synapse_msgs/synapse_msgs/msg/detail/bezier_curve__builder.hpp
[3.925s] -- Up-to-date: /home/user/cognipilot/cranium/install/synapse_msgs/include/synapse_msgs/synapse_msgs/msg/detail/traffic_status__builder.hpp
[3.926s] -- Up-to-date: /home/user/cognipilot/cranium/install/synapse_msgs/include/synapse_msgs/synapse_msgs/msg/detail/bezier_trajectory__traits.hpp
[3.927s] -- Up-to-date: /home/user/cognipilot/cranium/install/synapse_msgs/include/synapse_msgs/synapse_msgs/msg/detail/edge_vectors__traits.hpp
[3.928s] -- Up-to-date: /home/user/cognipilot/cranium/install/synapse_msgs/include/synapse_msgs/synapse_msgs/msg/detail/warehouse_shelf__type_support.hpp
[3.929s] -- Up-to-date: /home/user/cognipilot/cranium/install/synapse_msgs/include/synapse_msgs/synapse_msgs/msg/detail/edge_vectors__builder.hpp
[3.929s] -- Up-to-date: /home/user/cognipilot/cranium/install/synapse_msgs/include/synapse_msgs/synapse_msgs/msg/detail/warehouse_shelf__struct.hpp
[3.930s] -- Up-to-date: /home/user/cognipilot/cranium/install/synapse_msgs/include/synapse_msgs/synapse_msgs/msg/detail/edge_vectors__struct.hpp
[3.931s] -- Up-to-date: /home/user/cognipilot/cranium/install/synapse_msgs/include/synapse_msgs/synapse_msgs/msg/detail/bezier_curve__type_support.hpp
[3.932s] -- Up-to-date: /home/user/cognipilot/cranium/install/synapse_msgs/include/synapse_msgs/synapse_msgs/msg/detail/bezier_curve__struct.hpp
[3.932s] -- Up-to-date: /home/user/cognipilot/cranium/install/synapse_msgs/include/synapse_msgs/synapse_msgs/msg/detail/status__struct.hpp
[3.933s] -- Up-to-date: /home/user/cognipilot/cranium/install/synapse_msgs/include/synapse_msgs/synapse_msgs/msg/detail/traffic_status__traits.hpp
[3.934s] -- Up-to-date: /home/user/cognipilot/cranium/install/synapse_msgs/include/synapse_msgs/synapse_msgs/msg/detail/status__builder.hpp
[3.935s] -- Up-to-date: /home/user/cognipilot/cranium/install/synapse_msgs/include/synapse_msgs/synapse_msgs/msg/bezier_curve.hpp
[3.935s] -- Up-to-date: /home/user/cognipilot/cranium/install/synapse_msgs/include/synapse_msgs/synapse_msgs/msg/warehouse_shelf.hpp
[3.936s] -- Up-to-date: /home/user/cognipilot/cranium/install/synapse_msgs/include/synapse_msgs/synapse_msgs/msg/traffic_status.hpp
[3.937s] -- Up-to-date: /home/user/cognipilot/cranium/install/synapse_msgs/include/synapse_msgs/synapse_msgs
[3.938s] -- Up-to-date: /home/user/cognipilot/cranium/install/synapse_msgs/include/synapse_msgs/synapse_msgs/msg
[3.938s] -- Up-to-date: /home/user/cognipilot/cranium/install/synapse_msgs/include/synapse_msgs/synapse_msgs/msg/rosidl_typesupport_fastrtps_cpp__visibility_control.h
[3.939s] -- Up-to-date: /home/user/cognipilot/cranium/install/synapse_msgs/include/synapse_msgs/synapse_msgs/msg/detail
[3.940s] -- Up-to-date: /home/user/cognipilot/cranium/install/synapse_msgs/include/synapse_msgs/synapse_msgs/msg/detail/traffic_status__rosidl_typesupport_fastrtps_cpp.hpp
[3.941s] -- Up-to-date: /home/user/cognipilot/cranium/install/synapse_msgs/include/synapse_msgs/synapse_msgs/msg/detail/dds_fastrtps
[3.941s] -- Up-to-date: /home/user/cognipilot/cranium/install/synapse_msgs/include/synapse_msgs/synapse_msgs/msg/detail/edge_vectors__rosidl_typesupport_fastrtps_cpp.hpp
[3.942s] -- Up-to-date: /home/user/cognipilot/cranium/install/synapse_msgs/include/synapse_msgs/synapse_msgs/msg/detail/bezier_trajectory__rosidl_typesupport_fastrtps_cpp.hpp
[3.943s] -- Up-to-date: /home/user/cognipilot/cranium/install/synapse_msgs/include/synapse_msgs/synapse_msgs/msg/detail/warehouse_shelf__rosidl_typesupport_fastrtps_cpp.hpp
[3.944s] -- Up-to-date: /home/user/cognipilot/cranium/install/synapse_msgs/include/synapse_msgs/synapse_msgs/msg/detail/status__rosidl_typesupport_fastrtps_cpp.hpp
[3.944s] -- Up-to-date: /home/user/cognipilot/cranium/install/synapse_msgs/include/synapse_msgs/synapse_msgs/msg/detail/bezier_curve__rosidl_typesupport_fastrtps_cpp.hpp
[3.945s] -- Up-to-date: /home/user/cognipilot/cranium/install/synapse_msgs/lib/libsynapse_msgs__rosidl_typesupport_fastrtps_cpp.so
[3.946s] -- Up-to-date: /home/user/cognipilot/cranium/install/synapse_msgs/include/synapse_msgs/synapse_msgs
[3.947s] -- Up-to-date: /home/user/cognipilot/cranium/install/synapse_msgs/include/synapse_msgs/synapse_msgs/msg
[3.947s] -- Up-to-date: /home/user/cognipilot/cranium/install/synapse_msgs/include/synapse_msgs/synapse_msgs/msg/detail
[3.948s] -- Up-to-date: /home/user/cognipilot/cranium/install/synapse_msgs/include/synapse_msgs/synapse_msgs/msg/detail/status__rosidl_typesupport_introspection_cpp.hpp
[3.949s] -- Up-to-date: /home/user/cognipilot/cranium/install/synapse_msgs/include/synapse_msgs/synapse_msgs/msg/detail/bezier_curve__type_support.cpp
[3.950s] -- Up-to-date: /home/user/cognipilot/cranium/install/synapse_msgs/include/synapse_msgs/synapse_msgs/msg/detail/warehouse_shelf__type_support.cpp
[3.950s] -- Up-to-date: /home/user/cognipilot/cranium/install/synapse_msgs/include/synapse_msgs/synapse_msgs/msg/detail/bezier_trajectory__type_support.cpp
[3.951s] -- Up-to-date: /home/user/cognipilot/cranium/install/synapse_msgs/include/synapse_msgs/synapse_msgs/msg/detail/traffic_status__rosidl_typesupport_introspection_cpp.hpp
[3.952s] -- Up-to-date: /home/user/cognipilot/cranium/install/synapse_msgs/include/synapse_msgs/synapse_msgs/msg/detail/edge_vectors__rosidl_typesupport_introspection_cpp.hpp
[3.953s] -- Up-to-date: /home/user/cognipilot/cranium/install/synapse_msgs/include/synapse_msgs/synapse_msgs/msg/detail/status__type_support.cpp
[3.953s] -- Up-to-date: /home/user/cognipilot/cranium/install/synapse_msgs/include/synapse_msgs/synapse_msgs/msg/detail/warehouse_shelf__rosidl_typesupport_introspection_cpp.hpp
[3.954s] -- Up-to-date: /home/user/cognipilot/cranium/install/synapse_msgs/include/synapse_msgs/synapse_msgs/msg/detail/traffic_status__type_support.cpp
[3.955s] -- Up-to-date: /home/user/cognipilot/cranium/install/synapse_msgs/include/synapse_msgs/synapse_msgs/msg/detail/bezier_curve__rosidl_typesupport_introspection_cpp.hpp
[3.956s] -- Up-to-date: /home/user/cognipilot/cranium/install/synapse_msgs/include/synapse_msgs/synapse_msgs/msg/detail/edge_vectors__type_support.cpp
[3.956s] -- Up-to-date: /home/user/cognipilot/cranium/install/synapse_msgs/include/synapse_msgs/synapse_msgs/msg/detail/bezier_trajectory__rosidl_typesupport_introspection_cpp.hpp
[3.957s] -- Up-to-date: /home/user/cognipilot/cranium/install/synapse_msgs/lib/libsynapse_msgs__rosidl_typesupport_introspection_cpp.so
[3.958s] -- Up-to-date: /home/user/cognipilot/cranium/install/synapse_msgs/lib/libsynapse_msgs__rosidl_typesupport_cpp.so
[3.959s] -- Up-to-date: /home/user/cognipilot/cranium/install/synapse_msgs/share/synapse_msgs/environment/pythonpath.sh
[3.959s] -- Up-to-date: /home/user/cognipilot/cranium/install/synapse_msgs/share/synapse_msgs/environment/pythonpath.dsv
[3.960s] -- Up-to-date: /home/user/cognipilot/cranium/install/synapse_msgs/local/lib/python3.10/dist-packages/synapse_msgs-0.0.1-py3.10.egg-info
[3.961s] -- Installing: /home/user/cognipilot/cranium/install/synapse_msgs/local/lib/python3.10/dist-packages/synapse_msgs-0.0.1-py3.10.egg-info/dependency_links.txt
[3.962s] -- Installing: /home/user/cognipilot/cranium/install/synapse_msgs/local/lib/python3.10/dist-packages/synapse_msgs-0.0.1-py3.10.egg-info/top_level.txt
[3.962s] -- Installing: /home/user/cognipilot/cranium/install/synapse_msgs/local/lib/python3.10/dist-packages/synapse_msgs-0.0.1-py3.10.egg-info/SOURCES.txt
[3.963s] -- Installing: /home/user/cognipilot/cranium/install/synapse_msgs/local/lib/python3.10/dist-packages/synapse_msgs-0.0.1-py3.10.egg-info/PKG-INFO
[3.964s] -- Up-to-date: /home/user/cognipilot/cranium/install/synapse_msgs/local/lib/python3.10/dist-packages/synapse_msgs
[3.965s] -- Up-to-date: /home/user/cognipilot/cranium/install/synapse_msgs/local/lib/python3.10/dist-packages/synapse_msgs/_synapse_msgs_s.ep.rosidl_typesupport_introspection_c.c
[3.966s] -- Up-to-date: /home/user/cognipilot/cranium/install/synapse_msgs/local/lib/python3.10/dist-packages/synapse_msgs/_synapse_msgs_s.ep.rosidl_typesupport_fastrtps_c.c
[3.966s] -- Up-to-date: /home/user/cognipilot/cranium/install/synapse_msgs/local/lib/python3.10/dist-packages/synapse_msgs/libsynapse_msgs__rosidl_generator_py.so
[3.967s] -- Up-to-date: /home/user/cognipilot/cranium/install/synapse_msgs/local/lib/python3.10/dist-packages/synapse_msgs/synapse_msgs_s__rosidl_typesupport_introspection_c.cpython-310-aarch64-linux-gnu.so
[3.968s] -- Up-to-date: /home/user/cognipilot/cranium/install/synapse_msgs/local/lib/python3.10/dist-packages/synapse_msgs/synapse_msgs_s__rosidl_typesupport_fastrtps_c.cpython-310-aarch64-linux-gnu.so
[3.969s] -- Up-to-date: /home/user/cognipilot/cranium/install/synapse_msgs/local/lib/python3.10/dist-packages/synapse_msgs/synapse_msgs_s__rosidl_typesupport_c.cpython-310-aarch64-linux-gnu.so
[3.970s] -- Up-to-date: /home/user/cognipilot/cranium/install/synapse_msgs/local/lib/python3.10/dist-packages/synapse_msgs/_synapse_msgs_s.ep.rosidl_typesupport_c.c
[3.970s] -- Up-to-date: /home/user/cognipilot/cranium/install/synapse_msgs/local/lib/python3.10/dist-packages/synapse_msgs/msg
[3.971s] -- Up-to-date: /home/user/cognipilot/cranium/install/synapse_msgs/local/lib/python3.10/dist-packages/synapse_msgs/msg/_bezier_trajectory.py
[3.972s] -- Up-to-date: /home/user/cognipilot/cranium/install/synapse_msgs/local/lib/python3.10/dist-packages/synapse_msgs/msg/_status_s.c
[3.972s] -- Up-to-date: /home/user/cognipilot/cranium/install/synapse_msgs/local/lib/python3.10/dist-packages/synapse_msgs/msg/_warehouse_shelf_s.c
[3.973s] -- Up-to-date: /home/user/cognipilot/cranium/install/synapse_msgs/local/lib/python3.10/dist-packages/synapse_msgs/msg/_edge_vectors.py
[3.974s] -- Up-to-date: /home/user/cognipilot/cranium/install/synapse_msgs/local/lib/python3.10/dist-packages/synapse_msgs/msg/_warehouse_shelf.py
[3.975s] -- Up-to-date: /home/user/cognipilot/cranium/install/synapse_msgs/local/lib/python3.10/dist-packages/synapse_msgs/msg/_bezier_trajectory_s.c
[3.975s] -- Up-to-date: /home/user/cognipilot/cranium/install/synapse_msgs/local/lib/python3.10/dist-packages/synapse_msgs/msg/_traffic_status.py
[3.976s] -- Up-to-date: /home/user/cognipilot/cranium/install/synapse_msgs/local/lib/python3.10/dist-packages/synapse_msgs/msg/_status.py
[3.977s] -- Up-to-date: /home/user/cognipilot/cranium/install/synapse_msgs/local/lib/python3.10/dist-packages/synapse_msgs/msg/_bezier_curve.py
[3.978s] -- Up-to-date: /home/user/cognipilot/cranium/install/synapse_msgs/local/lib/python3.10/dist-packages/synapse_msgs/msg/_traffic_status_s.c
[3.979s] -- Up-to-date: /home/user/cognipilot/cranium/install/synapse_msgs/local/lib/python3.10/dist-packages/synapse_msgs/msg/_edge_vectors_s.c
[3.979s] -- Up-to-date: /home/user/cognipilot/cranium/install/synapse_msgs/local/lib/python3.10/dist-packages/synapse_msgs/msg/__init__.py
[3.980s] -- Up-to-date: /home/user/cognipilot/cranium/install/synapse_msgs/local/lib/python3.10/dist-packages/synapse_msgs/msg/_bezier_curve_s.c
[3.981s] -- Up-to-date: /home/user/cognipilot/cranium/install/synapse_msgs/local/lib/python3.10/dist-packages/synapse_msgs/__init__.py
[4.132s] Listing '/home/user/cognipilot/cranium/install/synapse_msgs/local/lib/python3.10/dist-packages/synapse_msgs'...
[4.133s] Listing '/home/user/cognipilot/cranium/install/synapse_msgs/local/lib/python3.10/dist-packages/synapse_msgs/msg'...
[4.178s] -- Up-to-date: /home/user/cognipilot/cranium/install/synapse_msgs/local/lib/python3.10/dist-packages/synapse_msgs/synapse_msgs_s__rosidl_typesupport_fastrtps_c.cpython-310-aarch64-linux-gnu.so
[4.179s] -- Up-to-date: /home/user/cognipilot/cranium/install/synapse_msgs/local/lib/python3.10/dist-packages/synapse_msgs/synapse_msgs_s__rosidl_typesupport_introspection_c.cpython-310-aarch64-linux-gnu.so
[4.181s] -- Up-to-date: /home/user/cognipilot/cranium/install/synapse_msgs/local/lib/python3.10/dist-packages/synapse_msgs/synapse_msgs_s__rosidl_typesupport_c.cpython-310-aarch64-linux-gnu.so
[4.183s] -- Up-to-date: /home/user/cognipilot/cranium/install/synapse_msgs/lib/libsynapse_msgs__rosidl_generator_py.so
[4.184s] -- Up-to-date: /home/user/cognipilot/cranium/install/synapse_msgs/share/synapse_msgs/msg/BezierCurve.idl
[4.185s] -- Up-to-date: /home/user/cognipilot/cranium/install/synapse_msgs/share/synapse_msgs/msg/BezierTrajectory.idl
[4.187s] -- Up-to-date: /home/user/cognipilot/cranium/install/synapse_msgs/share/synapse_msgs/msg/Status.idl
[4.188s] -- Up-to-date: /home/user/cognipilot/cranium/install/synapse_msgs/share/synapse_msgs/msg/WarehouseShelf.idl
[4.189s] -- Up-to-date: /home/user/cognipilot/cranium/install/synapse_msgs/share/synapse_msgs/msg/BezierCurve.msg
[4.190s] -- Up-to-date: /home/user/cognipilot/cranium/install/synapse_msgs/share/synapse_msgs/msg/BezierTrajectory.msg
[4.191s] -- Up-to-date: /home/user/cognipilot/cranium/install/synapse_msgs/share/synapse_msgs/msg/Status.msg
[4.193s] -- Up-to-date: /home/user/cognipilot/cranium/install/synapse_msgs/share/synapse_msgs/msg/WarehouseShelf.msg
[4.194s] -- Up-to-date: /home/user/cognipilot/cranium/install/synapse_msgs/share/ament_index/resource_index/package_run_dependencies/synapse_msgs
[4.195s] -- Up-to-date: /home/user/cognipilot/cranium/install/synapse_msgs/share/ament_index/resource_index/parent_prefix_path/synapse_msgs
[4.196s] -- Up-to-date: /home/user/cognipilot/cranium/install/synapse_msgs/share/synapse_msgs/environment/ament_prefix_path.sh
[4.197s] -- Up-to-date: /home/user/cognipilot/cranium/install/synapse_msgs/share/synapse_msgs/environment/ament_prefix_path.dsv
[4.199s] -- Up-to-date: /home/user/cognipilot/cranium/install/synapse_msgs/share/synapse_msgs/environment/path.sh
[4.200s] -- Up-to-date: /home/user/cognipilot/cranium/install/synapse_msgs/share/synapse_msgs/environment/path.dsv
[4.201s] -- Up-to-date: /home/user/cognipilot/cranium/install/synapse_msgs/share/synapse_msgs/local_setup.bash
[4.203s] -- Up-to-date: /home/user/cognipilot/cranium/install/synapse_msgs/share/synapse_msgs/local_setup.sh
[4.203s] -- Up-to-date: /home/user/cognipilot/cranium/install/synapse_msgs/share/synapse_msgs/local_setup.zsh
[4.204s] -- Up-to-date: /home/user/cognipilot/cranium/install/synapse_msgs/share/synapse_msgs/local_setup.dsv
[4.205s] -- Installing: /home/user/cognipilot/cranium/install/synapse_msgs/share/synapse_msgs/package.dsv
[4.206s] -- Up-to-date: /home/user/cognipilot/cranium/install/synapse_msgs/share/ament_index/resource_index/packages/synapse_msgs
[4.207s] -- Up-to-date: /home/user/cognipilot/cranium/install/synapse_msgs/share/synapse_msgs/cmake/export_synapse_msgs__rosidl_generator_cExport.cmake
[4.207s] -- Up-to-date: /home/user/cognipilot/cranium/install/synapse_msgs/share/synapse_msgs/cmake/export_synapse_msgs__rosidl_generator_cExport-noconfig.cmake
[4.208s] -- Up-to-date: /home/user/cognipilot/cranium/install/synapse_msgs/share/synapse_msgs/cmake/export_synapse_msgs__rosidl_typesupport_fastrtps_cExport.cmake
[4.209s] -- Up-to-date: /home/user/cognipilot/cranium/install/synapse_msgs/share/synapse_msgs/cmake/export_synapse_msgs__rosidl_typesupport_fastrtps_cExport-noconfig.cmake
[4.209s] -- Up-to-date: /home/user/cognipilot/cranium/install/synapse_msgs/share/synapse_msgs/cmake/synapse_msgs__rosidl_typesupport_introspection_cExport.cmake
[4.210s] -- Up-to-date: /home/user/cognipilot/cranium/install/synapse_msgs/share/synapse_msgs/cmake/synapse_msgs__rosidl_typesupport_introspection_cExport-noconfig.cmake
[4.211s] -- Up-to-date: /home/user/cognipilot/cranium/install/synapse_msgs/share/synapse_msgs/cmake/synapse_msgs__rosidl_typesupport_cExport.cmake
[4.212s] -- Up-to-date: /home/user/cognipilot/cranium/install/synapse_msgs/share/synapse_msgs/cmake/synapse_msgs__rosidl_typesupport_cExport-noconfig.cmake
[4.214s] -- Up-to-date: /home/user/cognipilot/cranium/install/synapse_msgs/share/synapse_msgs/cmake/export_synapse_msgs__rosidl_generator_cppExport.cmake
[4.220s] -- Up-to-date: /home/user/cognipilot/cranium/install/synapse_msgs/share/synapse_msgs/cmake/export_synapse_msgs__rosidl_typesupport_fastrtps_cppExport.cmake
[4.222s] -- Up-to-date: /home/user/cognipilot/cranium/install/synapse_msgs/share/synapse_msgs/cmake/export_synapse_msgs__rosidl_typesupport_fastrtps_cppExport-noconfig.cmake
[4.223s] -- Up-to-date: /home/user/cognipilot/cranium/install/synapse_msgs/share/synapse_msgs/cmake/synapse_msgs__rosidl_typesupport_introspection_cppExport.cmake
[4.224s] -- Up-to-date: /home/user/cognipilot/cranium/install/synapse_msgs/share/synapse_msgs/cmake/synapse_msgs__rosidl_typesupport_introspection_cppExport-noconfig.cmake
[4.225s] -- Up-to-date: /home/user/cognipilot/cranium/install/synapse_msgs/share/synapse_msgs/cmake/synapse_msgs__rosidl_typesupport_cppExport.cmake
[4.226s] -- Up-to-date: /home/user/cognipilot/cranium/install/synapse_msgs/share/synapse_msgs/cmake/synapse_msgs__rosidl_typesupport_cppExport-noconfig.cmake
[4.227s] -- Up-to-date: /home/user/cognipilot/cranium/install/synapse_msgs/share/synapse_msgs/cmake/export_synapse_msgs__rosidl_generator_pyExport.cmake
[4.228s] -- Up-to-date: /home/user/cognipilot/cranium/install/synapse_msgs/share/synapse_msgs/cmake/export_synapse_msgs__rosidl_generator_pyExport-noconfig.cmake
[4.229s] -- Up-to-date: /home/user/cognipilot/cranium/install/synapse_msgs/share/synapse_msgs/cmake/rosidl_cmake-extras.cmake
[4.230s] -- Up-to-date: /home/user/cognipilot/cranium/install/synapse_msgs/share/synapse_msgs/cmake/ament_cmake_export_dependencies-extras.cmake
[4.231s] -- Up-to-date: /home/user/cognipilot/cranium/install/synapse_msgs/share/synapse_msgs/cmake/ament_cmake_export_include_directories-extras.cmake
[4.232s] -- Up-to-date: /home/user/cognipilot/cranium/install/synapse_msgs/share/synapse_msgs/cmake/ament_cmake_export_libraries-extras.cmake
[4.233s] -- Up-to-date: /home/user/cognipilot/cranium/install/synapse_msgs/share/synapse_msgs/cmake/ament_cmake_export_targets-extras.cmake
[4.234s] -- Up-to-date: /home/user/cognipilot/cranium/install/synapse_msgs/share/synapse_msgs/cmake/rosidl_cmake_export_typesupport_targets-extras.cmake
[4.235s] -- Up-to-date: /home/user/cognipilot/cranium/install/synapse_msgs/share/synapse_msgs/cmake/rosidl_cmake_export_typesupport_libraries-extras.cmake
[4.236s] -- Up-to-date: /home/user/cognipilot/cranium/install/synapse_msgs/share/synapse_msgs/cmake/synapse_msgsConfig.cmake
[4.237s] -- Up-to-date: /home/user/cognipilot/cranium/install/synapse_msgs/share/synapse_msgs/cmake/synapse_msgsConfig-version.cmake
[4.238s] -- Up-to-date: /home/user/cognipilot/cranium/install/synapse_msgs/share/synapse_msgs/package.xml
[4.239s] Invoked command in '/home/user/cognipilot/cranium/build/synapse_msgs' returned '0': CMAKE_PREFIX_PATH=${CMAKE_PREFIX_PATH}:/home/user/cognipilot/cranium/install/b3rb_ros_aim_india:/opt/ros/humble /usr/bin/cmake --install /home/user/cognipilot/cranium/build/synapse_msgs
