[0.137s] Invoking command in '/home/user/cognipilot/cranium/build/synapse_ros': CMAKE_PREFIX_PATH=/home/user/cognipilot/cranium/install/synapse_tinyframe:/home/user/cognipilot/cranium/install/synapse_protobuf:/home/user/cognipilot/cranium/install/synapse_msgs:/home/user/cognipilot/cranium/install/b3rb_robot:/home/user/cognipilot/cranium/install/b3rb_bringup:/home/user/cognipilot/cranium/install/synapse_ros:/home/user/cognipilot/cranium/install/corti:/home/user/cognipilot/cranium/install/ldlidar_stl_ros2:/home/user/cognipilot/cranium/install/b3rb_nav2:/home/user/cognipilot/cranium/install/b3rb_description:/home/user/cognipilot/cranium/install/b3rb_ros_aim_india:/opt/ros/humble LD_LIBRARY_PATH=/home/user/cognipilot/cranium/install/synapse_msgs/lib:/home/user/cognipilot/cranium/install/synapse_tinyframe/lib:/home/user/cognipilot/cranium/install/synapse_protobuf/lib:/opt/ros/humble/opt/rviz_ogre_vendor/lib:/opt/ros/humble/lib/aarch64-linux-gnu:/opt/ros/humble/lib /usr/bin/cmake --build /home/user/cognipilot/cranium/build/synapse_ros -- -j4 -l4
[0.812s] [100%] Built target synapse_ros
[3.007s] Invoked command in '/home/user/cognipilot/cranium/build/synapse_ros' returned '0': CMAKE_PREFIX_PATH=/home/user/cognipilot/cranium/install/synapse_tinyframe:/home/user/cognipilot/cranium/install/synapse_protobuf:/home/user/cognipilot/cranium/install/synapse_msgs:/home/user/cognipilot/cranium/install/b3rb_robot:/home/user/cognipilot/cranium/install/b3rb_bringup:/home/user/cognipilot/cranium/install/synapse_ros:/home/user/cognipilot/cranium/install/corti:/home/user/cognipilot/cranium/install/ldlidar_stl_ros2:/home/user/cognipilot/cranium/install/b3rb_nav2:/home/user/cognipilot/cranium/install/b3rb_description:/home/user/cognipilot/cranium/install/b3rb_ros_aim_india:/opt/ros/humble LD_LIBRARY_PATH=/home/user/cognipilot/cranium/install/synapse_msgs/lib:/home/user/cognipilot/cranium/install/synapse_tinyframe/lib:/home/user/cognipilot/cranium/install/synapse_protobuf/lib:/opt/ros/humble/opt/rviz_ogre_vendor/lib:/opt/ros/humble/lib/aarch64-linux-gnu:/opt/ros/humble/lib /usr/bin/cmake --build /home/user/cognipilot/cranium/build/synapse_ros -- -j4 -l4
[3.019s] Invoking command in '/home/user/cognipilot/cranium/build/synapse_ros': CMAKE_PREFIX_PATH=/home/user/cognipilot/cranium/install/synapse_tinyframe:/home/user/cognipilot/cranium/install/synapse_protobuf:/home/user/cognipilot/cranium/install/synapse_msgs:/home/user/cognipilot/cranium/install/b3rb_robot:/home/user/cognipilot/cranium/install/b3rb_bringup:/home/user/cognipilot/cranium/install/synapse_ros:/home/user/cognipilot/cranium/install/corti:/home/user/cognipilot/cranium/install/ldlidar_stl_ros2:/home/user/cognipilot/cranium/install/b3rb_nav2:/home/user/cognipilot/cranium/install/b3rb_description:/home/user/cognipilot/cranium/install/b3rb_ros_aim_india:/opt/ros/humble LD_LIBRARY_PATH=/home/user/cognipilot/cranium/install/synapse_msgs/lib:/home/user/cognipilot/cranium/install/synapse_tinyframe/lib:/home/user/cognipilot/cranium/install/synapse_protobuf/lib:/opt/ros/humble/opt/rviz_ogre_vendor/lib:/opt/ros/humble/lib/aarch64-linux-gnu:/opt/ros/humble/lib /usr/bin/cmake --install /home/user/cognipilot/cranium/build/synapse_ros
[3.070s] -- Install configuration: ""
[3.078s] -- Up-to-date: /home/user/cognipilot/cranium/install/synapse_ros/lib/synapse_ros/synapse_ros
[3.080s] -- Up-to-date: /home/user/cognipilot/cranium/install/synapse_ros/share/synapse_ros/launch
[3.083s] -- Up-to-date: /home/user/cognipilot/cranium/install/synapse_ros/share/synapse_ros/launch/synapse_ros.launch.py
[3.084s] -- Up-to-date: /home/user/cognipilot/cranium/install/synapse_ros/share/ament_index/resource_index/package_run_dependencies/synapse_ros
[3.086s] -- Up-to-date: /home/user/cognipilot/cranium/install/synapse_ros/share/ament_index/resource_index/parent_prefix_path/synapse_ros
[3.088s] -- Up-to-date: /home/user/cognipilot/cranium/install/synapse_ros/share/synapse_ros/environment/ament_prefix_path.sh
[3.089s] -- Up-to-date: /home/user/cognipilot/cranium/install/synapse_ros/share/synapse_ros/environment/ament_prefix_path.dsv
[3.091s] -- Up-to-date: /home/user/cognipilot/cranium/install/synapse_ros/share/synapse_ros/environment/path.sh
[3.093s] -- Up-to-date: /home/user/cognipilot/cranium/install/synapse_ros/share/synapse_ros/environment/path.dsv
[3.094s] -- Up-to-date: /home/user/cognipilot/cranium/install/synapse_ros/share/synapse_ros/local_setup.bash
[3.095s] -- Up-to-date: /home/user/cognipilot/cranium/install/synapse_ros/share/synapse_ros/local_setup.sh
[3.096s] -- Up-to-date: /home/user/cognipilot/cranium/install/synapse_ros/share/synapse_ros/local_setup.zsh
[3.097s] -- Up-to-date: /home/user/cognipilot/cranium/install/synapse_ros/share/synapse_ros/local_setup.dsv
[3.098s] -- Installing: /home/user/cognipilot/cranium/install/synapse_ros/share/synapse_ros/package.dsv
[3.111s] -- Up-to-date: /home/user/cognipilot/cranium/install/synapse_ros/share/ament_index/resource_index/packages/synapse_ros
[3.112s] -- Up-to-date: /home/user/cognipilot/cranium/install/synapse_ros/share/synapse_ros/cmake/synapse_rosConfig.cmake
[3.113s] -- Up-to-date: /home/user/cognipilot/cranium/install/synapse_ros/share/synapse_ros/cmake/synapse_rosConfig-version.cmake
[3.114s] -- Up-to-date: /home/user/cognipilot/cranium/install/synapse_ros/share/synapse_ros/package.xml
[3.116s] Invoked command in '/home/user/cognipilot/cranium/build/synapse_ros' returned '0': CMAKE_PREFIX_PATH=/home/user/cognipilot/cranium/install/synapse_tinyframe:/home/user/cognipilot/cranium/install/synapse_protobuf:/home/user/cognipilot/cranium/install/synapse_msgs:/home/user/cognipilot/cranium/install/b3rb_robot:/home/user/cognipilot/cranium/install/b3rb_bringup:/home/user/cognipilot/cranium/install/synapse_ros:/home/user/cognipilot/cranium/install/corti:/home/user/cognipilot/cranium/install/ldlidar_stl_ros2:/home/user/cognipilot/cranium/install/b3rb_nav2:/home/user/cognipilot/cranium/install/b3rb_description:/home/user/cognipilot/cranium/install/b3rb_ros_aim_india:/opt/ros/humble LD_LIBRARY_PATH=/home/user/cognipilot/cranium/install/synapse_msgs/lib:/home/user/cognipilot/cranium/install/synapse_tinyframe/lib:/home/user/cognipilot/cranium/install/synapse_protobuf/lib:/opt/ros/humble/opt/rviz_ogre_vendor/lib:/opt/ros/humble/lib/aarch64-linux-gnu:/opt/ros/humble/lib /usr/bin/cmake --install /home/user/cognipilot/cranium/build/synapse_ros
