[0.175s] Invoking command in '/home/user/cognipilot/cranium/build/b3rb_description': CMAKE_PREFIX_PATH=${CMAKE_PREFIX_PATH}:/home/user/cognipilot/cranium/install/b3rb_ros_aim_india:/opt/ros/humble /usr/bin/cmake --build /home/user/cognipilot/cranium/build/b3rb_description -- -j4 -l4
[0.596s] Invoked command in '/home/user/cognipilot/cranium/build/b3rb_description' returned '0': CMAKE_PREFIX_PATH=${CMAKE_PREFIX_PATH}:/home/user/cognipilot/cranium/install/b3rb_ros_aim_india:/opt/ros/humble /usr/bin/cmake --build /home/user/cognipilot/cranium/build/b3rb_description -- -j4 -l4
[0.674s] Invoking command in '/home/user/cognipilot/cranium/build/b3rb_description': CMAKE_PREFIX_PATH=${CMAKE_PREFIX_PATH}:/home/user/cognipilot/cranium/install/b3rb_ros_aim_india:/opt/ros/humble /usr/bin/cmake --install /home/user/cognipilot/cranium/build/b3rb_description
[0.739s] -- Install configuration: ""
[0.743s] -- Up-to-date: /home/user/cognipilot/cranium/install/b3rb_description/share/b3rb_description/launch
[0.748s] -- Up-to-date: /home/user/cognipilot/cranium/install/b3rb_description/share/b3rb_description/launch/robot_description.launch.py
[0.750s] -- Up-to-date: /home/user/cognipilot/cranium/install/b3rb_description/share/b3rb_description/meshes
[0.756s] -- Up-to-date: /home/user/cognipilot/cranium/install/b3rb_description/share/b3rb_description/meshes/STL27L.dae
[0.757s] -- Up-to-date: /home/user/cognipilot/cranium/install/b3rb_description/share/b3rb_description/meshes/wheel.dae
[0.759s] -- Up-to-date: /home/user/cognipilot/cranium/install/b3rb_description/share/b3rb_description/meshes/b3rb.dae
[0.761s] -- Up-to-date: /home/user/cognipilot/cranium/install/b3rb_description/share/b3rb_description/urdf
[0.765s] -- Up-to-date: /home/user/cognipilot/cranium/install/b3rb_description/share/b3rb_description/urdf/b3rb.urdf
[0.766s] -- Up-to-date: /home/user/cognipilot/cranium/install/b3rb_description/share/ament_index/resource_index/package_run_dependencies/b3rb_description
[0.772s] -- Up-to-date: /home/user/cognipilot/cranium/install/b3rb_description/share/ament_index/resource_index/parent_prefix_path/b3rb_description
[0.773s] -- Up-to-date: /home/user/cognipilot/cranium/install/b3rb_description/share/b3rb_description/environment/ament_prefix_path.sh
[0.774s] -- Up-to-date: /home/user/cognipilot/cranium/install/b3rb_description/share/b3rb_description/environment/ament_prefix_path.dsv
[0.775s] -- Up-to-date: /home/user/cognipilot/cranium/install/b3rb_description/share/b3rb_description/environment/path.sh
[0.776s] -- Up-to-date: /home/user/cognipilot/cranium/install/b3rb_description/share/b3rb_description/environment/path.dsv
[0.777s] -- Up-to-date: /home/user/cognipilot/cranium/install/b3rb_description/share/b3rb_description/local_setup.bash
[0.787s] -- Up-to-date: /home/user/cognipilot/cranium/install/b3rb_description/share/b3rb_description/local_setup.sh
[0.789s] -- Up-to-date: /home/user/cognipilot/cranium/install/b3rb_description/share/b3rb_description/local_setup.zsh
[0.791s] -- Up-to-date: /home/user/cognipilot/cranium/install/b3rb_description/share/b3rb_description/local_setup.dsv
[0.792s] -- Installing: /home/user/cognipilot/cranium/install/b3rb_description/share/b3rb_description/package.dsv
[0.799s] -- Up-to-date: /home/user/cognipilot/cranium/install/b3rb_description/share/ament_index/resource_index/packages/b3rb_description
[0.800s] -- Up-to-date: /home/user/cognipilot/cranium/install/b3rb_description/share/b3rb_description/cmake/b3rb_descriptionConfig.cmake
[0.804s] -- Up-to-date: /home/user/cognipilot/cranium/install/b3rb_description/share/b3rb_description/cmake/b3rb_descriptionConfig-version.cmake
[0.805s] -- Up-to-date: /home/user/cognipilot/cranium/install/b3rb_description/share/b3rb_description/package.xml
[0.814s] Invoked command in '/home/user/cognipilot/cranium/build/b3rb_description' returned '0': CMAKE_PREFIX_PATH=${CMAKE_PREFIX_PATH}:/home/user/cognipilot/cranium/install/b3rb_ros_aim_india:/opt/ros/humble /usr/bin/cmake --install /home/user/cognipilot/cranium/build/b3rb_description
