[0.194s] Invoking command in '/home/user/cognipilot/cranium/build/b3rb_nav2': CMAKE_PREFIX_PATH=${CMAKE_PREFIX_PATH}:/home/user/cognipilot/cranium/install/b3rb_ros_aim_india:/opt/ros/humble /usr/bin/cmake --build /home/user/cognipilot/cranium/build/b3rb_nav2 -- -j4 -l4
[0.657s] Invoked command in '/home/user/cognipilot/cranium/build/b3rb_nav2' returned '0': CMAKE_PREFIX_PATH=${CMAKE_PREFIX_PATH}:/home/user/cognipilot/cranium/install/b3rb_ros_aim_india:/opt/ros/humble /usr/bin/cmake --build /home/user/cognipilot/cranium/build/b3rb_nav2 -- -j4 -l4
[0.664s] Invoking command in '/home/user/cognipilot/cranium/build/b3rb_nav2': CMAKE_PREFIX_PATH=${CMAKE_PREFIX_PATH}:/home/user/cognipilot/cranium/install/b3rb_ros_aim_india:/opt/ros/humble /usr/bin/cmake --install /home/user/cognipilot/cranium/build/b3rb_nav2
[0.731s] -- Install configuration: ""
[0.732s] -- Up-to-date: /home/user/cognipilot/cranium/install/b3rb_nav2/share/b3rb_nav2/config
[0.733s] -- Up-to-date: /home/user/cognipilot/cranium/install/b3rb_nav2/share/b3rb_nav2/config/nav_through_poses_bt.xml
[0.735s] -- Up-to-date: /home/user/cognipilot/cranium/install/b3rb_nav2/share/b3rb_nav2/config/localization.yaml
[0.736s] -- Up-to-date: /home/user/cognipilot/cranium/install/b3rb_nav2/share/b3rb_nav2/config/nav2.yaml
[0.737s] -- Up-to-date: /home/user/cognipilot/cranium/install/b3rb_nav2/share/b3rb_nav2/config/nav_to_pose_bt.xml
[0.738s] -- Up-to-date: /home/user/cognipilot/cranium/install/b3rb_nav2/share/b3rb_nav2/config/slam.yaml
[0.740s] -- Up-to-date: /home/user/cognipilot/cranium/install/b3rb_nav2/share/b3rb_nav2/maps
[0.740s] -- Up-to-date: /home/user/cognipilot/cranium/install/b3rb_nav2/share/b3rb_nav2/maps/depot.yaml
[0.741s] -- Up-to-date: /home/user/cognipilot/cranium/install/b3rb_nav2/share/b3rb_nav2/maps/depot.pgm
[0.743s] -- Up-to-date: /home/user/cognipilot/cranium/install/b3rb_nav2/share/b3rb_nav2/maps/basic_map.pgm
[0.744s] -- Up-to-date: /home/user/cognipilot/cranium/install/b3rb_nav2/share/b3rb_nav2/maps/basic_map.yaml
[0.745s] -- Up-to-date: /home/user/cognipilot/cranium/install/b3rb_nav2/share/b3rb_nav2/launch
[0.746s] -- Up-to-date: /home/user/cognipilot/cranium/install/b3rb_nav2/share/b3rb_nav2/launch/nav2.launch.py
[0.762s] -- Up-to-date: /home/user/cognipilot/cranium/install/b3rb_nav2/share/b3rb_nav2/launch/localization.launch.py
[0.765s] -- Up-to-date: /home/user/cognipilot/cranium/install/b3rb_nav2/share/b3rb_nav2/launch/slam.launch.py
[0.767s] -- Up-to-date: /home/user/cognipilot/cranium/install/b3rb_nav2/share/ament_index/resource_index/package_run_dependencies/b3rb_nav2
[0.768s] -- Up-to-date: /home/user/cognipilot/cranium/install/b3rb_nav2/share/ament_index/resource_index/parent_prefix_path/b3rb_nav2
[0.770s] -- Up-to-date: /home/user/cognipilot/cranium/install/b3rb_nav2/share/b3rb_nav2/environment/ament_prefix_path.sh
[0.772s] -- Up-to-date: /home/user/cognipilot/cranium/install/b3rb_nav2/share/b3rb_nav2/environment/ament_prefix_path.dsv
[0.774s] -- Up-to-date: /home/user/cognipilot/cranium/install/b3rb_nav2/share/b3rb_nav2/environment/path.sh
[0.779s] -- Up-to-date: /home/user/cognipilot/cranium/install/b3rb_nav2/share/b3rb_nav2/environment/path.dsv
[0.785s] -- Up-to-date: /home/user/cognipilot/cranium/install/b3rb_nav2/share/b3rb_nav2/local_setup.bash
[0.793s] -- Up-to-date: /home/user/cognipilot/cranium/install/b3rb_nav2/share/b3rb_nav2/local_setup.sh
[0.795s] -- Up-to-date: /home/user/cognipilot/cranium/install/b3rb_nav2/share/b3rb_nav2/local_setup.zsh
[0.797s] -- Up-to-date: /home/user/cognipilot/cranium/install/b3rb_nav2/share/b3rb_nav2/local_setup.dsv
[0.799s] -- Installing: /home/user/cognipilot/cranium/install/b3rb_nav2/share/b3rb_nav2/package.dsv
[0.802s] -- Up-to-date: /home/user/cognipilot/cranium/install/b3rb_nav2/share/ament_index/resource_index/packages/b3rb_nav2
[0.803s] -- Up-to-date: /home/user/cognipilot/cranium/install/b3rb_nav2/share/b3rb_nav2/cmake/b3rb_nav2Config.cmake
[0.806s] -- Up-to-date: /home/user/cognipilot/cranium/install/b3rb_nav2/share/b3rb_nav2/cmake/b3rb_nav2Config-version.cmake
[0.809s] -- Up-to-date: /home/user/cognipilot/cranium/install/b3rb_nav2/share/b3rb_nav2/package.xml
[0.811s] Invoked command in '/home/user/cognipilot/cranium/build/b3rb_nav2' returned '0': CMAKE_PREFIX_PATH=${CMAKE_PREFIX_PATH}:/home/user/cognipilot/cranium/install/b3rb_ros_aim_india:/opt/ros/humble /usr/bin/cmake --install /home/user/cognipilot/cranium/build/b3rb_nav2
