[0.120s] Invoking command in '/home/user/cognipilot/cranium/build/b3rb_description': CMAKE_PREFIX_PATH=${CMAKE_PREFIX_PATH}:/home/user/cognipilot/cranium/install/b3rb_ros_aim_india:/opt/ros/humble /usr/bin/cmake --build /home/user/cognipilot/cranium/build/b3rb_description -- -j4 -l4
[0.401s] Invoked command in '/home/user/cognipilot/cranium/build/b3rb_description' returned '0': CMAKE_PREFIX_PATH=${CMAKE_PREFIX_PATH}:/home/user/cognipilot/cranium/install/b3rb_ros_aim_india:/opt/ros/humble /usr/bin/cmake --build /home/user/cognipilot/cranium/build/b3rb_description -- -j4 -l4
[0.510s] Invoking command in '/home/user/cognipilot/cranium/build/b3rb_description': CMAKE_PREFIX_PATH=${CMAKE_PREFIX_PATH}:/home/user/cognipilot/cranium/install/b3rb_ros_aim_india:/opt/ros/humble /usr/bin/cmake --install /home/user/cognipilot/cranium/build/b3rb_description
[0.572s] -- Install configuration: ""
[0.574s] -- Up-to-date: /home/user/cognipilot/cranium/install/b3rb_description/share/b3rb_description/launch
[0.576s] -- Up-to-date: /home/user/cognipilot/cranium/install/b3rb_description/share/b3rb_description/launch/robot_description.launch.py
[0.577s] -- Up-to-date: /home/user/cognipilot/cranium/install/b3rb_description/share/b3rb_description/meshes
[0.581s] -- Up-to-date: /home/user/cognipilot/cranium/install/b3rb_description/share/b3rb_description/meshes/STL27L.dae
[0.582s] -- Up-to-date: /home/user/cognipilot/cranium/install/b3rb_description/share/b3rb_description/meshes/wheel.dae
[0.587s] -- Up-to-date: /home/user/cognipilot/cranium/install/b3rb_description/share/b3rb_description/meshes/b3rb.dae
[0.606s] -- Up-to-date: /home/user/cognipilot/cranium/install/b3rb_description/share/b3rb_description/urdf
[0.607s] -- Up-to-date: /home/user/cognipilot/cranium/install/b3rb_description/share/b3rb_description/urdf/b3rb.urdf
[0.608s] -- Up-to-date: /home/user/cognipilot/cranium/install/b3rb_description/share/ament_index/resource_index/package_run_dependencies/b3rb_description
[0.609s] -- Up-to-date: /home/user/cognipilot/cranium/install/b3rb_description/share/ament_index/resource_index/parent_prefix_path/b3rb_description
[0.622s] -- Up-to-date: /home/user/cognipilot/cranium/install/b3rb_description/share/b3rb_description/environment/ament_prefix_path.sh
[0.623s] -- Up-to-date: /home/user/cognipilot/cranium/install/b3rb_description/share/b3rb_description/environment/ament_prefix_path.dsv
[0.624s] -- Up-to-date: /home/user/cognipilot/cranium/install/b3rb_description/share/b3rb_description/environment/path.sh
[0.627s] -- Up-to-date: /home/user/cognipilot/cranium/install/b3rb_description/share/b3rb_description/environment/path.dsv
[0.628s] -- Up-to-date: /home/user/cognipilot/cranium/install/b3rb_description/share/b3rb_description/local_setup.bash
[0.629s] -- Up-to-date: /home/user/cognipilot/cranium/install/b3rb_description/share/b3rb_description/local_setup.sh
[0.630s] -- Up-to-date: /home/user/cognipilot/cranium/install/b3rb_description/share/b3rb_description/local_setup.zsh
[0.631s] -- Up-to-date: /home/user/cognipilot/cranium/install/b3rb_description/share/b3rb_description/local_setup.dsv
[0.632s] -- Installing: /home/user/cognipilot/cranium/install/b3rb_description/share/b3rb_description/package.dsv
[0.633s] -- Up-to-date: /home/user/cognipilot/cranium/install/b3rb_description/share/ament_index/resource_index/packages/b3rb_description
[0.634s] -- Up-to-date: /home/user/cognipilot/cranium/install/b3rb_description/share/b3rb_description/cmake/b3rb_descriptionConfig.cmake
[0.636s] -- Up-to-date: /home/user/cognipilot/cranium/install/b3rb_description/share/b3rb_description/cmake/b3rb_descriptionConfig-version.cmake
[0.649s] -- Up-to-date: /home/user/cognipilot/cranium/install/b3rb_description/share/b3rb_description/package.xml
[0.651s] Invoked command in '/home/user/cognipilot/cranium/build/b3rb_description' returned '0': CMAKE_PREFIX_PATH=${CMAKE_PREFIX_PATH}:/home/user/cognipilot/cranium/install/b3rb_ros_aim_india:/opt/ros/humble /usr/bin/cmake --install /home/user/cognipilot/cranium/build/b3rb_description
