/home/user/cognipilot/cranium/install/b3rb_ros_aim_india/lib/python3.10/site-packages/b3rb_ros_aim_india/b3rb_ros_warehouse.py
/home/user/cognipilot/cranium/install/b3rb_ros_aim_india/lib/python3.10/site-packages/b3rb_ros_aim_india/b3rb_ros_model_remove.py
/home/user/cognipilot/cranium/install/b3rb_ros_aim_india/lib/python3.10/site-packages/b3rb_ros_aim_india/__init__.py
/home/user/cognipilot/cranium/install/b3rb_ros_aim_india/lib/python3.10/site-packages/b3rb_ros_aim_india/b3rb_ros_draw_map.py
/home/user/cognipilot/cranium/install/b3rb_ros_aim_india/lib/python3.10/site-packages/b3rb_ros_aim_india/b3rb_ros_object_recog.py
/home/user/cognipilot/cranium/install/b3rb_ros_aim_india/lib/python3.10/site-packages/b3rb_ros_aim_india/__pycache__/b3rb_ros_warehouse.cpython-310.pyc
/home/user/cognipilot/cranium/install/b3rb_ros_aim_india/lib/python3.10/site-packages/b3rb_ros_aim_india/__pycache__/b3rb_ros_model_remove.cpython-310.pyc
/home/user/cognipilot/cranium/install/b3rb_ros_aim_india/lib/python3.10/site-packages/b3rb_ros_aim_india/__pycache__/__init__.cpython-310.pyc
/home/user/cognipilot/cranium/install/b3rb_ros_aim_india/lib/python3.10/site-packages/b3rb_ros_aim_india/__pycache__/b3rb_ros_draw_map.cpython-310.pyc
/home/user/cognipilot/cranium/install/b3rb_ros_aim_india/lib/python3.10/site-packages/b3rb_ros_aim_india/__pycache__/b3rb_ros_object_recog.cpython-310.pyc
/home/user/cognipilot/cranium/install/b3rb_ros_aim_india/share/ament_index/resource_index/packages/b3rb_ros_aim_india
/home/user/cognipilot/cranium/install/b3rb_ros_aim_india/share/ament_index/resource_index/coco.yaml
/home/user/cognipilot/cranium/install/b3rb_ros_aim_india/share/ament_index/resource_index/yolov5n-int8.tflite
/home/user/cognipilot/cranium/install/b3rb_ros_aim_india/share/b3rb_ros_aim_india/package.xml
/home/user/cognipilot/cranium/install/b3rb_ros_aim_india/lib/python3.10/site-packages/b3rb_ros_aim_india-0.0.0-py3.10.egg-info/requires.txt
/home/user/cognipilot/cranium/install/b3rb_ros_aim_india/lib/python3.10/site-packages/b3rb_ros_aim_india-0.0.0-py3.10.egg-info/entry_points.txt
/home/user/cognipilot/cranium/install/b3rb_ros_aim_india/lib/python3.10/site-packages/b3rb_ros_aim_india-0.0.0-py3.10.egg-info/dependency_links.txt
/home/user/cognipilot/cranium/install/b3rb_ros_aim_india/lib/python3.10/site-packages/b3rb_ros_aim_india-0.0.0-py3.10.egg-info/top_level.txt
/home/user/cognipilot/cranium/install/b3rb_ros_aim_india/lib/python3.10/site-packages/b3rb_ros_aim_india-0.0.0-py3.10.egg-info/SOURCES.txt
/home/user/cognipilot/cranium/install/b3rb_ros_aim_india/lib/python3.10/site-packages/b3rb_ros_aim_india-0.0.0-py3.10.egg-info/zip-safe
/home/user/cognipilot/cranium/install/b3rb_ros_aim_india/lib/python3.10/site-packages/b3rb_ros_aim_india-0.0.0-py3.10.egg-info/PKG-INFO
/home/user/cognipilot/cranium/install/b3rb_ros_aim_india/lib/b3rb_ros_aim_india/detect
/home/user/cognipilot/cranium/install/b3rb_ros_aim_india/lib/b3rb_ros_aim_india/explore
