running egg_info
creating ../../build/b3rb_ros_aim_india/b3rb_ros_aim_india.egg-info
writing ../../build/b3rb_ros_aim_india/b3rb_ros_aim_india.egg-info/PKG-INFO
writing dependency_links to ../../build/b3rb_ros_aim_india/b3rb_ros_aim_india.egg-info/dependency_links.txt
writing entry points to ../../build/b3rb_ros_aim_india/b3rb_ros_aim_india.egg-info/entry_points.txt
writing requirements to ../../build/b3rb_ros_aim_india/b3rb_ros_aim_india.egg-info/requires.txt
writing top-level names to ../../build/b3rb_ros_aim_india/b3rb_ros_aim_india.egg-info/top_level.txt
writing manifest file '../../build/b3rb_ros_aim_india/b3rb_ros_aim_india.egg-info/SOURCES.txt'
reading manifest file '../../build/b3rb_ros_aim_india/b3rb_ros_aim_india.egg-info/SOURCES.txt'
adding license file 'LICENSE'
writing manifest file '../../build/b3rb_ros_aim_india/b3rb_ros_aim_india.egg-info/SOURCES.txt'
running build
running build_py
creating /home/user/cognipilot/cranium/build/b3rb_ros_aim_india/build
creating /home/user/cognipilot/cranium/build/b3rb_ros_aim_india/build/lib
creating /home/user/cognipilot/cranium/build/b3rb_ros_aim_india/build/lib/b3rb_ros_aim_india
copying b3rb_ros_aim_india/b3rb_ros_warehouse.py -> /home/user/cognipilot/cranium/build/b3rb_ros_aim_india/build/lib/b3rb_ros_aim_india
copying b3rb_ros_aim_india/b3rb_ros_model_remove.py -> /home/user/cognipilot/cranium/build/b3rb_ros_aim_india/build/lib/b3rb_ros_aim_india
copying b3rb_ros_aim_india/__init__.py -> /home/user/cognipilot/cranium/build/b3rb_ros_aim_india/build/lib/b3rb_ros_aim_india
copying b3rb_ros_aim_india/b3rb_ros_draw_map.py -> /home/user/cognipilot/cranium/build/b3rb_ros_aim_india/build/lib/b3rb_ros_aim_india
copying b3rb_ros_aim_india/b3rb_ros_object_recog.py -> /home/user/cognipilot/cranium/build/b3rb_ros_aim_india/build/lib/b3rb_ros_aim_india
running install
running install_lib
creating /home/user/cognipilot/cranium/install/b3rb_ros_aim_india/lib/python3.10/site-packages/b3rb_ros_aim_india
copying /home/user/cognipilot/cranium/build/b3rb_ros_aim_india/build/lib/b3rb_ros_aim_india/b3rb_ros_warehouse.py -> /home/user/cognipilot/cranium/install/b3rb_ros_aim_india/lib/python3.10/site-packages/b3rb_ros_aim_india
copying /home/user/cognipilot/cranium/build/b3rb_ros_aim_india/build/lib/b3rb_ros_aim_india/b3rb_ros_model_remove.py -> /home/user/cognipilot/cranium/install/b3rb_ros_aim_india/lib/python3.10/site-packages/b3rb_ros_aim_india
copying /home/user/cognipilot/cranium/build/b3rb_ros_aim_india/build/lib/b3rb_ros_aim_india/__init__.py -> /home/user/cognipilot/cranium/install/b3rb_ros_aim_india/lib/python3.10/site-packages/b3rb_ros_aim_india
copying /home/user/cognipilot/cranium/build/b3rb_ros_aim_india/build/lib/b3rb_ros_aim_india/b3rb_ros_draw_map.py -> /home/user/cognipilot/cranium/install/b3rb_ros_aim_india/lib/python3.10/site-packages/b3rb_ros_aim_india
copying /home/user/cognipilot/cranium/build/b3rb_ros_aim_india/build/lib/b3rb_ros_aim_india/b3rb_ros_object_recog.py -> /home/user/cognipilot/cranium/install/b3rb_ros_aim_india/lib/python3.10/site-packages/b3rb_ros_aim_india
byte-compiling /home/user/cognipilot/cranium/install/b3rb_ros_aim_india/lib/python3.10/site-packages/b3rb_ros_aim_india/b3rb_ros_warehouse.py to b3rb_ros_warehouse.cpython-310.pyc
byte-compiling /home/user/cognipilot/cranium/install/b3rb_ros_aim_india/lib/python3.10/site-packages/b3rb_ros_aim_india/b3rb_ros_model_remove.py to b3rb_ros_model_remove.cpython-310.pyc
byte-compiling /home/user/cognipilot/cranium/install/b3rb_ros_aim_india/lib/python3.10/site-packages/b3rb_ros_aim_india/__init__.py to __init__.cpython-310.pyc
byte-compiling /home/user/cognipilot/cranium/install/b3rb_ros_aim_india/lib/python3.10/site-packages/b3rb_ros_aim_india/b3rb_ros_draw_map.py to b3rb_ros_draw_map.cpython-310.pyc
byte-compiling /home/user/cognipilot/cranium/install/b3rb_ros_aim_india/lib/python3.10/site-packages/b3rb_ros_aim_india/b3rb_ros_object_recog.py to b3rb_ros_object_recog.cpython-310.pyc
running install_data
creating /home/user/cognipilot/cranium/install/b3rb_ros_aim_india/share/ament_index
creating /home/user/cognipilot/cranium/install/b3rb_ros_aim_india/share/ament_index/resource_index
creating /home/user/cognipilot/cranium/install/b3rb_ros_aim_india/share/ament_index/resource_index/packages
copying resource/b3rb_ros_aim_india -> /home/user/cognipilot/cranium/install/b3rb_ros_aim_india/share/ament_index/resource_index/packages
copying resource/coco.yaml -> /home/user/cognipilot/cranium/install/b3rb_ros_aim_india/share/ament_index/resource_index
copying resource/yolov5n-int8.tflite -> /home/user/cognipilot/cranium/install/b3rb_ros_aim_india/share/ament_index/resource_index
copying package.xml -> /home/user/cognipilot/cranium/install/b3rb_ros_aim_india/share/b3rb_ros_aim_india
running install_egg_info
Copying ../../build/b3rb_ros_aim_india/b3rb_ros_aim_india.egg-info to /home/user/cognipilot/cranium/install/b3rb_ros_aim_india/lib/python3.10/site-packages/b3rb_ros_aim_india-0.0.0-py3.10.egg-info
running install_scripts
Installing detect script to /home/user/cognipilot/cranium/install/b3rb_ros_aim_india/lib/b3rb_ros_aim_india
Installing explore script to /home/user/cognipilot/cranium/install/b3rb_ros_aim_india/lib/b3rb_ros_aim_india
Installing remover script to /home/user/cognipilot/cranium/install/b3rb_ros_aim_india/lib/b3rb_ros_aim_india
Installing visualize script to /home/user/cognipilot/cranium/install/b3rb_ros_aim_india/lib/b3rb_ros_aim_india
writing list of installed files to '/home/user/cognipilot/cranium/build/b3rb_ros_aim_india/install.log'
