[0.102s] Invoking command in '/home/user/cognipilot/cranium/build/b3rb_bringup': CMAKE_PREFIX_PATH=/home/user/cognipilot/cranium/install/synapse_ros:/home/user/cognipilot/cranium/install/corti:/home/user/cognipilot/cranium/install/synapse_tinyframe:/home/user/cognipilot/cranium/install/synapse_protobuf:/home/user/cognipilot/cranium/install/synapse_msgs:/home/user/cognipilot/cranium/install/ldlidar_stl_ros2:/home/user/cognipilot/cranium/install/b3rb_nav2:/home/user/cognipilot/cranium/install/b3rb_description:/home/user/cognipilot/cranium/install/b3rb_robot:/home/user/cognipilot/cranium/install/b3rb_bringup:/home/user/cognipilot/cranium/install/b3rb_ros_aim_india:/opt/ros/humble LD_LIBRARY_PATH=/home/user/cognipilot/cranium/install/synapse_msgs/lib:/home/user/cognipilot/cranium/install/synapse_tinyframe/lib:/home/user/cognipilot/cranium/install/synapse_protobuf/lib:/opt/ros/humble/opt/rviz_ogre_vendor/lib:/opt/ros/humble/lib/aarch64-linux-gnu:/opt/ros/humble/lib /usr/bin/cmake --build /home/user/cognipilot/cranium/build/b3rb_bringup -- -j4 -l4
[0.231s] -- Found ament_cmake: 1.3.11 (/opt/ros/humble/share/ament_cmake/cmake)
[1.299s] -- Found ament_lint_auto: 0.12.12 (/opt/ros/humble/share/ament_lint_auto/cmake)
[1.883s] -- Added test 'flake8' to check Python code syntax and style conventions
[1.886s] -- Added test 'lint_cmake' to check CMake code style
[1.889s] -- Added test 'pep257' to check Python code against some of the docstring style conventions in PEP 257
[1.894s] -- Added test 'xmllint' to check XML markup files
[1.902s] -- Configuring done
[1.931s] -- Generating done
[1.946s] -- Build files have been written to: /home/user/cognipilot/cranium/build/b3rb_bringup
[2.056s] Invoked command in '/home/user/cognipilot/cranium/build/b3rb_bringup' returned '0': CMAKE_PREFIX_PATH=/home/user/cognipilot/cranium/install/synapse_ros:/home/user/cognipilot/cranium/install/corti:/home/user/cognipilot/cranium/install/synapse_tinyframe:/home/user/cognipilot/cranium/install/synapse_protobuf:/home/user/cognipilot/cranium/install/synapse_msgs:/home/user/cognipilot/cranium/install/ldlidar_stl_ros2:/home/user/cognipilot/cranium/install/b3rb_nav2:/home/user/cognipilot/cranium/install/b3rb_description:/home/user/cognipilot/cranium/install/b3rb_robot:/home/user/cognipilot/cranium/install/b3rb_bringup:/home/user/cognipilot/cranium/install/b3rb_ros_aim_india:/opt/ros/humble LD_LIBRARY_PATH=/home/user/cognipilot/cranium/install/synapse_msgs/lib:/home/user/cognipilot/cranium/install/synapse_tinyframe/lib:/home/user/cognipilot/cranium/install/synapse_protobuf/lib:/opt/ros/humble/opt/rviz_ogre_vendor/lib:/opt/ros/humble/lib/aarch64-linux-gnu:/opt/ros/humble/lib /usr/bin/cmake --build /home/user/cognipilot/cranium/build/b3rb_bringup -- -j4 -l4
[2.065s] Invoking command in '/home/user/cognipilot/cranium/build/b3rb_bringup': CMAKE_PREFIX_PATH=/home/user/cognipilot/cranium/install/synapse_ros:/home/user/cognipilot/cranium/install/corti:/home/user/cognipilot/cranium/install/synapse_tinyframe:/home/user/cognipilot/cranium/install/synapse_protobuf:/home/user/cognipilot/cranium/install/synapse_msgs:/home/user/cognipilot/cranium/install/ldlidar_stl_ros2:/home/user/cognipilot/cranium/install/b3rb_nav2:/home/user/cognipilot/cranium/install/b3rb_description:/home/user/cognipilot/cranium/install/b3rb_robot:/home/user/cognipilot/cranium/install/b3rb_bringup:/home/user/cognipilot/cranium/install/b3rb_ros_aim_india:/opt/ros/humble LD_LIBRARY_PATH=/home/user/cognipilot/cranium/install/synapse_msgs/lib:/home/user/cognipilot/cranium/install/synapse_tinyframe/lib:/home/user/cognipilot/cranium/install/synapse_protobuf/lib:/opt/ros/humble/opt/rviz_ogre_vendor/lib:/opt/ros/humble/lib/aarch64-linux-gnu:/opt/ros/humble/lib /usr/bin/cmake --install /home/user/cognipilot/cranium/build/b3rb_bringup
[2.105s] -- Install configuration: ""
[2.106s] -- Up-to-date: /home/user/cognipilot/cranium/install/b3rb_bringup/share/b3rb_bringup/launch
[2.108s] -- Installing: /home/user/cognipilot/cranium/install/b3rb_bringup/share/b3rb_bringup/launch/robot.launch.py
[2.109s] -- Installing: /home/user/cognipilot/cranium/install/b3rb_bringup/share/b3rb_bringup/launch/ov5645.launch.xml
[2.110s] -- Installing: /home/user/cognipilot/cranium/install/b3rb_bringup/share/b3rb_bringup/launch/laser.launch.py
[2.111s] -- Up-to-date: /home/user/cognipilot/cranium/install/b3rb_bringup/share/b3rb_bringup/config
[2.112s] -- Installing: /home/user/cognipilot/cranium/install/b3rb_bringup/share/b3rb_bringup/config/ov5645.ini
[2.113s] -- Up-to-date: /home/user/cognipilot/cranium/install/b3rb_bringup/share/ament_index/resource_index/package_run_dependencies/b3rb_bringup
[2.114s] -- Installing: /home/user/cognipilot/cranium/install/b3rb_bringup/share/ament_index/resource_index/parent_prefix_path/b3rb_bringup
[2.115s] -- Up-to-date: /home/user/cognipilot/cranium/install/b3rb_bringup/share/b3rb_bringup/environment/ament_prefix_path.sh
[2.117s] -- Installing: /home/user/cognipilot/cranium/install/b3rb_bringup/share/b3rb_bringup/environment/ament_prefix_path.dsv
[2.118s] -- Up-to-date: /home/user/cognipilot/cranium/install/b3rb_bringup/share/b3rb_bringup/environment/path.sh
[2.119s] -- Installing: /home/user/cognipilot/cranium/install/b3rb_bringup/share/b3rb_bringup/environment/path.dsv
[2.119s] -- Up-to-date: /home/user/cognipilot/cranium/install/b3rb_bringup/share/b3rb_bringup/local_setup.bash
[2.120s] -- Up-to-date: /home/user/cognipilot/cranium/install/b3rb_bringup/share/b3rb_bringup/local_setup.sh
[2.121s] -- Up-to-date: /home/user/cognipilot/cranium/install/b3rb_bringup/share/b3rb_bringup/local_setup.zsh
[2.121s] -- Installing: /home/user/cognipilot/cranium/install/b3rb_bringup/share/b3rb_bringup/local_setup.dsv
[2.122s] -- Installing: /home/user/cognipilot/cranium/install/b3rb_bringup/share/b3rb_bringup/package.dsv
[2.123s] -- Up-to-date: /home/user/cognipilot/cranium/install/b3rb_bringup/share/ament_index/resource_index/packages/b3rb_bringup
[2.124s] -- Up-to-date: /home/user/cognipilot/cranium/install/b3rb_bringup/share/b3rb_bringup/cmake/b3rb_bringupConfig.cmake
[2.126s] -- Up-to-date: /home/user/cognipilot/cranium/install/b3rb_bringup/share/b3rb_bringup/cmake/b3rb_bringupConfig-version.cmake
[2.129s] -- Installing: /home/user/cognipilot/cranium/install/b3rb_bringup/share/b3rb_bringup/package.xml
[2.135s] Invoked command in '/home/user/cognipilot/cranium/build/b3rb_bringup' returned '0': CMAKE_PREFIX_PATH=/home/user/cognipilot/cranium/install/synapse_ros:/home/user/cognipilot/cranium/install/corti:/home/user/cognipilot/cranium/install/synapse_tinyframe:/home/user/cognipilot/cranium/install/synapse_protobuf:/home/user/cognipilot/cranium/install/synapse_msgs:/home/user/cognipilot/cranium/install/ldlidar_stl_ros2:/home/user/cognipilot/cranium/install/b3rb_nav2:/home/user/cognipilot/cranium/install/b3rb_description:/home/user/cognipilot/cranium/install/b3rb_robot:/home/user/cognipilot/cranium/install/b3rb_bringup:/home/user/cognipilot/cranium/install/b3rb_ros_aim_india:/opt/ros/humble LD_LIBRARY_PATH=/home/user/cognipilot/cranium/install/synapse_msgs/lib:/home/user/cognipilot/cranium/install/synapse_tinyframe/lib:/home/user/cognipilot/cranium/install/synapse_protobuf/lib:/opt/ros/humble/opt/rviz_ogre_vendor/lib:/opt/ros/humble/lib/aarch64-linux-gnu:/opt/ros/humble/lib /usr/bin/cmake --install /home/user/cognipilot/cranium/build/b3rb_bringup
