[0.133s] Invoking command in '/home/user/cognipilot/cranium/build/b3rb_nav2': CMAKE_PREFIX_PATH=${CMAKE_PREFIX_PATH}:/home/user/cognipilot/cranium/install/b3rb_ros_aim_india:/opt/ros/humble /usr/bin/cmake --build /home/user/cognipilot/cranium/build/b3rb_nav2 -- -j4 -l4
[0.579s] Invoked command in '/home/user/cognipilot/cranium/build/b3rb_nav2' returned '0': CMAKE_PREFIX_PATH=${CMAKE_PREFIX_PATH}:/home/user/cognipilot/cranium/install/b3rb_ros_aim_india:/opt/ros/humble /usr/bin/cmake --build /home/user/cognipilot/cranium/build/b3rb_nav2 -- -j4 -l4
[0.591s] Invoking command in '/home/user/cognipilot/cranium/build/b3rb_nav2': CMAKE_PREFIX_PATH=${CMAKE_PREFIX_PATH}:/home/user/cognipilot/cranium/install/b3rb_ros_aim_india:/opt/ros/humble /usr/bin/cmake --install /home/user/cognipilot/cranium/build/b3rb_nav2
[0.652s] -- Install configuration: ""
[0.653s] -- Up-to-date: /home/user/cognipilot/cranium/install/b3rb_nav2/share/b3rb_nav2/config
[0.663s] -- Up-to-date: /home/user/cognipilot/cranium/install/b3rb_nav2/share/b3rb_nav2/config/nav_through_poses_bt.xml
[0.664s] -- Up-to-date: /home/user/cognipilot/cranium/install/b3rb_nav2/share/b3rb_nav2/config/localization.yaml
[0.666s] -- Up-to-date: /home/user/cognipilot/cranium/install/b3rb_nav2/share/b3rb_nav2/config/nav2.yaml
[0.667s] -- Up-to-date: /home/user/cognipilot/cranium/install/b3rb_nav2/share/b3rb_nav2/config/nav_to_pose_bt.xml
[0.668s] -- Up-to-date: /home/user/cognipilot/cranium/install/b3rb_nav2/share/b3rb_nav2/config/slam.yaml
[0.669s] -- Up-to-date: /home/user/cognipilot/cranium/install/b3rb_nav2/share/b3rb_nav2/maps
[0.675s] -- Up-to-date: /home/user/cognipilot/cranium/install/b3rb_nav2/share/b3rb_nav2/maps/depot.yaml
[0.676s] -- Up-to-date: /home/user/cognipilot/cranium/install/b3rb_nav2/share/b3rb_nav2/maps/depot.pgm
[0.678s] -- Up-to-date: /home/user/cognipilot/cranium/install/b3rb_nav2/share/b3rb_nav2/maps/basic_map.pgm
[0.680s] -- Up-to-date: /home/user/cognipilot/cranium/install/b3rb_nav2/share/b3rb_nav2/maps/basic_map.yaml
[0.690s] -- Up-to-date: /home/user/cognipilot/cranium/install/b3rb_nav2/share/b3rb_nav2/launch
[0.691s] -- Up-to-date: /home/user/cognipilot/cranium/install/b3rb_nav2/share/b3rb_nav2/launch/nav2.launch.py
[0.692s] -- Up-to-date: /home/user/cognipilot/cranium/install/b3rb_nav2/share/b3rb_nav2/launch/localization.launch.py
[0.694s] -- Up-to-date: /home/user/cognipilot/cranium/install/b3rb_nav2/share/b3rb_nav2/launch/slam.launch.py
[0.695s] -- Up-to-date: /home/user/cognipilot/cranium/install/b3rb_nav2/share/ament_index/resource_index/package_run_dependencies/b3rb_nav2
[0.696s] -- Up-to-date: /home/user/cognipilot/cranium/install/b3rb_nav2/share/ament_index/resource_index/parent_prefix_path/b3rb_nav2
[0.697s] -- Up-to-date: /home/user/cognipilot/cranium/install/b3rb_nav2/share/b3rb_nav2/environment/ament_prefix_path.sh
[0.698s] -- Up-to-date: /home/user/cognipilot/cranium/install/b3rb_nav2/share/b3rb_nav2/environment/ament_prefix_path.dsv
[0.699s] -- Up-to-date: /home/user/cognipilot/cranium/install/b3rb_nav2/share/b3rb_nav2/environment/path.sh
[0.700s] -- Up-to-date: /home/user/cognipilot/cranium/install/b3rb_nav2/share/b3rb_nav2/environment/path.dsv
[0.722s] -- Up-to-date: /home/user/cognipilot/cranium/install/b3rb_nav2/share/b3rb_nav2/local_setup.bash
[0.724s] -- Up-to-date: /home/user/cognipilot/cranium/install/b3rb_nav2/share/b3rb_nav2/local_setup.sh
[0.725s] -- Up-to-date: /home/user/cognipilot/cranium/install/b3rb_nav2/share/b3rb_nav2/local_setup.zsh
[0.726s] -- Up-to-date: /home/user/cognipilot/cranium/install/b3rb_nav2/share/b3rb_nav2/local_setup.dsv
[0.727s] -- Installing: /home/user/cognipilot/cranium/install/b3rb_nav2/share/b3rb_nav2/package.dsv
[0.728s] -- Up-to-date: /home/user/cognipilot/cranium/install/b3rb_nav2/share/ament_index/resource_index/packages/b3rb_nav2
[0.730s] -- Up-to-date: /home/user/cognipilot/cranium/install/b3rb_nav2/share/b3rb_nav2/cmake/b3rb_nav2Config.cmake
[0.731s] -- Up-to-date: /home/user/cognipilot/cranium/install/b3rb_nav2/share/b3rb_nav2/cmake/b3rb_nav2Config-version.cmake
[0.732s] -- Up-to-date: /home/user/cognipilot/cranium/install/b3rb_nav2/share/b3rb_nav2/package.xml
[0.758s] Invoked command in '/home/user/cognipilot/cranium/build/b3rb_nav2' returned '0': CMAKE_PREFIX_PATH=${CMAKE_PREFIX_PATH}:/home/user/cognipilot/cranium/install/b3rb_ros_aim_india:/opt/ros/humble /usr/bin/cmake --install /home/user/cognipilot/cranium/build/b3rb_nav2
