-- Install configuration: ""
-- Up-to-date: /home/user/cognipilot/cranium/install/b3rb_bringup/share/b3rb_bringup/launch
-- Up-to-date: /home/user/cognipilot/cranium/install/b3rb_bringup/share/b3rb_bringup/launch/robot.launch.py
-- Up-to-date: /home/user/cognipilot/cranium/install/b3rb_bringup/share/b3rb_bringup/launch/ov5645.launch.xml
-- Up-to-date: /home/user/cognipilot/cranium/install/b3rb_bringup/share/b3rb_bringup/launch/laser.launch.py
-- Up-to-date: /home/user/cognipilot/cranium/install/b3rb_bringup/share/b3rb_bringup/config
-- Up-to-date: /home/user/cognipilot/cranium/install/b3rb_bringup/share/b3rb_bringup/config/ov5645.ini
-- Up-to-date: /home/user/cognipilot/cranium/install/b3rb_bringup/share/ament_index/resource_index/package_run_dependencies/b3rb_bringup
-- Up-to-date: /home/user/cognipilot/cranium/install/b3rb_bringup/share/ament_index/resource_index/parent_prefix_path/b3rb_bringup
-- Up-to-date: /home/user/cognipilot/cranium/install/b3rb_bringup/share/b3rb_bringup/environment/ament_prefix_path.sh
-- Up-to-date: /home/user/cognipilot/cranium/install/b3rb_bringup/share/b3rb_bringup/environment/ament_prefix_path.dsv
-- Up-to-date: /home/user/cognipilot/cranium/install/b3rb_bringup/share/b3rb_bringup/environment/path.sh
-- Up-to-date: /home/user/cognipilot/cranium/install/b3rb_bringup/share/b3rb_bringup/environment/path.dsv
-- Up-to-date: /home/user/cognipilot/cranium/install/b3rb_bringup/share/b3rb_bringup/local_setup.bash
-- Up-to-date: /home/user/cognipilot/cranium/install/b3rb_bringup/share/b3rb_bringup/local_setup.sh
-- Up-to-date: /home/user/cognipilot/cranium/install/b3rb_bringup/share/b3rb_bringup/local_setup.zsh
-- Up-to-date: /home/user/cognipilot/cranium/install/b3rb_bringup/share/b3rb_bringup/local_setup.dsv
-- Up-to-date: /home/user/cognipilot/cranium/install/b3rb_bringup/share/b3rb_bringup/package.dsv
-- Up-to-date: /home/user/cognipilot/cranium/install/b3rb_bringup/share/ament_index/resource_index/packages/b3rb_bringup
-- Up-to-date: /home/user/cognipilot/cranium/install/b3rb_bringup/share/b3rb_bringup/cmake/b3rb_bringupConfig.cmake
-- Up-to-date: /home/user/cognipilot/cranium/install/b3rb_bringup/share/b3rb_bringup/cmake/b3rb_bringupConfig-version.cmake
-- Up-to-date: /home/user/cognipilot/cranium/install/b3rb_bringup/share/b3rb_bringup/package.xml
