[0.102s] Invoking command in '/home/user/cognipilot/cranium/build/b3rb_bringup': CMAKE_PREFIX_PATH=/home/user/cognipilot/cranium/install/synapse_ros:/home/user/cognipilot/cranium/install/corti:/home/user/cognipilot/cranium/install/synapse_tinyframe:/home/user/cognipilot/cranium/install/synapse_protobuf:/home/user/cognipilot/cranium/install/synapse_msgs:/home/user/cognipilot/cranium/install/ldlidar_stl_ros2:/home/user/cognipilot/cranium/install/b3rb_nav2:/home/user/cognipilot/cranium/install/b3rb_description:/home/user/cognipilot/cranium/install/b3rb_robot:/home/user/cognipilot/cranium/install/b3rb_bringup:/home/user/cognipilot/cranium/install/b3rb_ros_aim_india:/opt/ros/humble LD_LIBRARY_PATH=/home/user/cognipilot/cranium/install/synapse_msgs/lib:/home/user/cognipilot/cranium/install/synapse_tinyframe/lib:/home/user/cognipilot/cranium/install/synapse_protobuf/lib:/opt/ros/humble/opt/rviz_ogre_vendor/lib:/opt/ros/humble/lib/aarch64-linux-gnu:/opt/ros/humble/lib /usr/bin/cmake --build /home/user/cognipilot/cranium/build/b3rb_bringup -- -j4 -l4
[0.297s] Invoked command in '/home/user/cognipilot/cranium/build/b3rb_bringup' returned '0': CMAKE_PREFIX_PATH=/home/user/cognipilot/cranium/install/synapse_ros:/home/user/cognipilot/cranium/install/corti:/home/user/cognipilot/cranium/install/synapse_tinyframe:/home/user/cognipilot/cranium/install/synapse_protobuf:/home/user/cognipilot/cranium/install/synapse_msgs:/home/user/cognipilot/cranium/install/ldlidar_stl_ros2:/home/user/cognipilot/cranium/install/b3rb_nav2:/home/user/cognipilot/cranium/install/b3rb_description:/home/user/cognipilot/cranium/install/b3rb_robot:/home/user/cognipilot/cranium/install/b3rb_bringup:/home/user/cognipilot/cranium/install/b3rb_ros_aim_india:/opt/ros/humble LD_LIBRARY_PATH=/home/user/cognipilot/cranium/install/synapse_msgs/lib:/home/user/cognipilot/cranium/install/synapse_tinyframe/lib:/home/user/cognipilot/cranium/install/synapse_protobuf/lib:/opt/ros/humble/opt/rviz_ogre_vendor/lib:/opt/ros/humble/lib/aarch64-linux-gnu:/opt/ros/humble/lib /usr/bin/cmake --build /home/user/cognipilot/cranium/build/b3rb_bringup -- -j4 -l4
[0.306s] Invoking command in '/home/user/cognipilot/cranium/build/b3rb_bringup': CMAKE_PREFIX_PATH=/home/user/cognipilot/cranium/install/synapse_ros:/home/user/cognipilot/cranium/install/corti:/home/user/cognipilot/cranium/install/synapse_tinyframe:/home/user/cognipilot/cranium/install/synapse_protobuf:/home/user/cognipilot/cranium/install/synapse_msgs:/home/user/cognipilot/cranium/install/ldlidar_stl_ros2:/home/user/cognipilot/cranium/install/b3rb_nav2:/home/user/cognipilot/cranium/install/b3rb_description:/home/user/cognipilot/cranium/install/b3rb_robot:/home/user/cognipilot/cranium/install/b3rb_bringup:/home/user/cognipilot/cranium/install/b3rb_ros_aim_india:/opt/ros/humble LD_LIBRARY_PATH=/home/user/cognipilot/cranium/install/synapse_msgs/lib:/home/user/cognipilot/cranium/install/synapse_tinyframe/lib:/home/user/cognipilot/cranium/install/synapse_protobuf/lib:/opt/ros/humble/opt/rviz_ogre_vendor/lib:/opt/ros/humble/lib/aarch64-linux-gnu:/opt/ros/humble/lib /usr/bin/cmake --install /home/user/cognipilot/cranium/build/b3rb_bringup
[0.349s] -- Install configuration: ""
[0.351s] -- Up-to-date: /home/user/cognipilot/cranium/install/b3rb_bringup/share/b3rb_bringup/launch
[0.353s] -- Up-to-date: /home/user/cognipilot/cranium/install/b3rb_bringup/share/b3rb_bringup/launch/robot.launch.py
[0.354s] -- Up-to-date: /home/user/cognipilot/cranium/install/b3rb_bringup/share/b3rb_bringup/launch/ov5645.launch.xml
[0.355s] -- Up-to-date: /home/user/cognipilot/cranium/install/b3rb_bringup/share/b3rb_bringup/launch/laser.launch.py
[0.356s] -- Up-to-date: /home/user/cognipilot/cranium/install/b3rb_bringup/share/b3rb_bringup/config
[0.357s] -- Up-to-date: /home/user/cognipilot/cranium/install/b3rb_bringup/share/b3rb_bringup/config/ov5645.ini
[0.358s] -- Up-to-date: /home/user/cognipilot/cranium/install/b3rb_bringup/share/ament_index/resource_index/package_run_dependencies/b3rb_bringup
[0.359s] -- Up-to-date: /home/user/cognipilot/cranium/install/b3rb_bringup/share/ament_index/resource_index/parent_prefix_path/b3rb_bringup
[0.360s] -- Up-to-date: /home/user/cognipilot/cranium/install/b3rb_bringup/share/b3rb_bringup/environment/ament_prefix_path.sh
[0.362s] -- Up-to-date: /home/user/cognipilot/cranium/install/b3rb_bringup/share/b3rb_bringup/environment/ament_prefix_path.dsv
[0.364s] -- Up-to-date: /home/user/cognipilot/cranium/install/b3rb_bringup/share/b3rb_bringup/environment/path.sh
[0.371s] -- Up-to-date: /home/user/cognipilot/cranium/install/b3rb_bringup/share/b3rb_bringup/environment/path.dsv
[0.372s] -- Up-to-date: /home/user/cognipilot/cranium/install/b3rb_bringup/share/b3rb_bringup/local_setup.bash
[0.373s] -- Up-to-date: /home/user/cognipilot/cranium/install/b3rb_bringup/share/b3rb_bringup/local_setup.sh
[0.374s] -- Up-to-date: /home/user/cognipilot/cranium/install/b3rb_bringup/share/b3rb_bringup/local_setup.zsh
[0.375s] -- Up-to-date: /home/user/cognipilot/cranium/install/b3rb_bringup/share/b3rb_bringup/local_setup.dsv
[0.376s] -- Up-to-date: /home/user/cognipilot/cranium/install/b3rb_bringup/share/b3rb_bringup/package.dsv
[0.377s] -- Up-to-date: /home/user/cognipilot/cranium/install/b3rb_bringup/share/ament_index/resource_index/packages/b3rb_bringup
[0.378s] -- Up-to-date: /home/user/cognipilot/cranium/install/b3rb_bringup/share/b3rb_bringup/cmake/b3rb_bringupConfig.cmake
[0.380s] -- Up-to-date: /home/user/cognipilot/cranium/install/b3rb_bringup/share/b3rb_bringup/cmake/b3rb_bringupConfig-version.cmake
[0.381s] -- Up-to-date: /home/user/cognipilot/cranium/install/b3rb_bringup/share/b3rb_bringup/package.xml
[0.383s] Invoked command in '/home/user/cognipilot/cranium/build/b3rb_bringup' returned '0': CMAKE_PREFIX_PATH=/home/user/cognipilot/cranium/install/synapse_ros:/home/user/cognipilot/cranium/install/corti:/home/user/cognipilot/cranium/install/synapse_tinyframe:/home/user/cognipilot/cranium/install/synapse_protobuf:/home/user/cognipilot/cranium/install/synapse_msgs:/home/user/cognipilot/cranium/install/ldlidar_stl_ros2:/home/user/cognipilot/cranium/install/b3rb_nav2:/home/user/cognipilot/cranium/install/b3rb_description:/home/user/cognipilot/cranium/install/b3rb_robot:/home/user/cognipilot/cranium/install/b3rb_bringup:/home/user/cognipilot/cranium/install/b3rb_ros_aim_india:/opt/ros/humble LD_LIBRARY_PATH=/home/user/cognipilot/cranium/install/synapse_msgs/lib:/home/user/cognipilot/cranium/install/synapse_tinyframe/lib:/home/user/cognipilot/cranium/install/synapse_protobuf/lib:/opt/ros/humble/opt/rviz_ogre_vendor/lib:/opt/ros/humble/lib/aarch64-linux-gnu:/opt/ros/humble/lib /usr/bin/cmake --install /home/user/cognipilot/cranium/build/b3rb_bringup
