[0.138s] Invoking command in '/home/user/cognipilot/cranium/build/synapse_ros': CMAKE_PREFIX_PATH=/home/user/cognipilot/cranium/install/synapse_tinyframe:/home/user/cognipilot/cranium/install/synapse_protobuf:/home/user/cognipilot/cranium/install/synapse_msgs:/home/user/cognipilot/cranium/install/b3rb_robot:/home/user/cognipilot/cranium/install/b3rb_bringup:/home/user/cognipilot/cranium/install/synapse_ros:/home/user/cognipilot/cranium/install/corti:/home/user/cognipilot/cranium/install/ldlidar_stl_ros2:/home/user/cognipilot/cranium/install/b3rb_nav2:/home/user/cognipilot/cranium/install/b3rb_description:/opt/ros/humble LD_LIBRARY_PATH=/home/user/cognipilot/cranium/install/synapse_msgs/lib:/home/user/cognipilot/cranium/install/synapse_tinyframe/lib:/home/user/cognipilot/cranium/install/synapse_protobuf/lib:/opt/ros/humble/opt/rviz_ogre_vendor/lib:/opt/ros/humble/lib/aarch64-linux-gnu:/opt/ros/humble/lib /usr/bin/cmake --build /home/user/cognipilot/cranium/build/synapse_ros -- -j4 -l4
[0.445s] -- Found ament_cmake: 1.3.11 (/opt/ros/humble/share/ament_cmake/cmake)
[1.565s] -- Found rclcpp: 16.0.12 (/opt/ros/humble/share/rclcpp/cmake)
[1.784s] -- Found rosidl_generator_c: 3.1.6 (/opt/ros/humble/share/rosidl_generator_c/cmake)
[1.805s] -- Found rosidl_adapter: 3.1.6 (/opt/ros/humble/share/rosidl_adapter/cmake)
[1.851s] -- Found rosidl_generator_cpp: 3.1.6 (/opt/ros/humble/share/rosidl_generator_cpp/cmake)
[1.933s] -- Using all available rosidl_typesupport_c: rosidl_typesupport_fastrtps_c;rosidl_typesupport_introspection_c
[2.039s] -- Using all available rosidl_typesupport_cpp: rosidl_typesupport_fastrtps_cpp;rosidl_typesupport_introspection_cpp
[2.363s] -- Found rmw_implementation_cmake: 6.1.2 (/opt/ros/humble/share/rmw_implementation_cmake/cmake)
[2.382s] -- Found rmw_cyclonedds_cpp: 1.3.4 (/opt/ros/humble/share/rmw_cyclonedds_cpp/cmake)
[2.576s] -- Using RMW implementation 'rmw_cyclonedds_cpp' as default
[3.081s] -- Found actuator_msgs: 0.0.1 (/opt/ros/humble/share/actuator_msgs/cmake)
[3.215s] -- Found nav_msgs: 4.8.0 (/opt/ros/humble/share/nav_msgs/cmake)
[3.490s] -- Found sensor_msgs: 4.8.0 (/opt/ros/humble/share/sensor_msgs/cmake)
[3.670s] -- Found synapse_protobuf: 0.0.0 (/home/user/cognipilot/cranium/install/synapse_protobuf/share/synapse_protobuf/cmake)
[3.854s] -- Found synapse_tinyframe: 0.0.0 (/home/user/cognipilot/cranium/install/synapse_tinyframe/share/synapse_tinyframe/cmake)
[3.861s] -- Found synapse_msgs: 0.0.1 (/home/user/cognipilot/cranium/install/synapse_msgs/share/synapse_msgs/cmake)
[4.050s] -- Found ament_lint_auto: 0.12.12 (/opt/ros/humble/share/ament_lint_auto/cmake)
[4.699s] -- Added test 'copyright' to check source files copyright and LICENSE
[4.732s] -- Added test 'cppcheck' to perform static code analysis on C / C++ code
[4.733s] -- Configured cppcheck include dirs: 
[4.734s] -- Configured cppcheck exclude dirs and/or files: 
[4.751s] -- Added test 'cpplint' to check C / C++ code against the Google style
[4.752s] -- Configured cpplint exclude dirs and/or files: 
[4.756s] -- Added test 'flake8' to check Python code syntax and style conventions
[4.762s] -- Added test 'lint_cmake' to check CMake code style
[4.768s] -- Added test 'pep257' to check Python code against some of the docstring style conventions in PEP 257
[4.785s] -- Added test 'uncrustify' to check C / C++ code style
[4.786s] -- Configured uncrustify additional arguments: 
[4.790s] -- Added test 'xmllint' to check XML markup files
[4.798s] -- Configuring done
[4.909s] -- Generating done
[4.951s] -- Build files have been written to: /home/user/cognipilot/cranium/build/synapse_ros
[5.148s] [35m[1mConsolidate compiler generated dependencies of target synapse_ros[0m
[5.735s] [ 33%] [32mBuilding CXX object CMakeFiles/synapse_ros.dir/src/synapse_ros.cpp.o[0m
[5.749s] [ 66%] [32mBuilding CXX object CMakeFiles/synapse_ros.dir/src/proto/udp_link.cpp.o[0m
[8.801s] [100%] [32m[1mLinking CXX executable synapse_ros[0m
[33.859s] [100%] Built target synapse_ros
[33.915s] Invoked command in '/home/user/cognipilot/cranium/build/synapse_ros' returned '0': CMAKE_PREFIX_PATH=/home/user/cognipilot/cranium/install/synapse_tinyframe:/home/user/cognipilot/cranium/install/synapse_protobuf:/home/user/cognipilot/cranium/install/synapse_msgs:/home/user/cognipilot/cranium/install/b3rb_robot:/home/user/cognipilot/cranium/install/b3rb_bringup:/home/user/cognipilot/cranium/install/synapse_ros:/home/user/cognipilot/cranium/install/corti:/home/user/cognipilot/cranium/install/ldlidar_stl_ros2:/home/user/cognipilot/cranium/install/b3rb_nav2:/home/user/cognipilot/cranium/install/b3rb_description:/opt/ros/humble LD_LIBRARY_PATH=/home/user/cognipilot/cranium/install/synapse_msgs/lib:/home/user/cognipilot/cranium/install/synapse_tinyframe/lib:/home/user/cognipilot/cranium/install/synapse_protobuf/lib:/opt/ros/humble/opt/rviz_ogre_vendor/lib:/opt/ros/humble/lib/aarch64-linux-gnu:/opt/ros/humble/lib /usr/bin/cmake --build /home/user/cognipilot/cranium/build/synapse_ros -- -j4 -l4
[33.924s] Invoking command in '/home/user/cognipilot/cranium/build/synapse_ros': CMAKE_PREFIX_PATH=/home/user/cognipilot/cranium/install/synapse_tinyframe:/home/user/cognipilot/cranium/install/synapse_protobuf:/home/user/cognipilot/cranium/install/synapse_msgs:/home/user/cognipilot/cranium/install/b3rb_robot:/home/user/cognipilot/cranium/install/b3rb_bringup:/home/user/cognipilot/cranium/install/synapse_ros:/home/user/cognipilot/cranium/install/corti:/home/user/cognipilot/cranium/install/ldlidar_stl_ros2:/home/user/cognipilot/cranium/install/b3rb_nav2:/home/user/cognipilot/cranium/install/b3rb_description:/opt/ros/humble LD_LIBRARY_PATH=/home/user/cognipilot/cranium/install/synapse_msgs/lib:/home/user/cognipilot/cranium/install/synapse_tinyframe/lib:/home/user/cognipilot/cranium/install/synapse_protobuf/lib:/opt/ros/humble/opt/rviz_ogre_vendor/lib:/opt/ros/humble/lib/aarch64-linux-gnu:/opt/ros/humble/lib /usr/bin/cmake --install /home/user/cognipilot/cranium/build/synapse_ros
[33.963s] -- Install configuration: ""
[33.968s] -- Installing: /home/user/cognipilot/cranium/install/synapse_ros/lib/synapse_ros/synapse_ros
[34.115s] -- Set runtime path of "/home/user/cognipilot/cranium/install/synapse_ros/lib/synapse_ros/synapse_ros" to ""
[34.116s] -- Up-to-date: /home/user/cognipilot/cranium/install/synapse_ros/share/synapse_ros/launch
[34.116s] -- Up-to-date: /home/user/cognipilot/cranium/install/synapse_ros/share/synapse_ros/launch/synapse_ros.launch.py
[34.117s] -- Up-to-date: /home/user/cognipilot/cranium/install/synapse_ros/share/ament_index/resource_index/package_run_dependencies/synapse_ros
[34.118s] -- Up-to-date: /home/user/cognipilot/cranium/install/synapse_ros/share/ament_index/resource_index/parent_prefix_path/synapse_ros
[34.119s] -- Up-to-date: /home/user/cognipilot/cranium/install/synapse_ros/share/synapse_ros/environment/ament_prefix_path.sh
[34.120s] -- Installing: /home/user/cognipilot/cranium/install/synapse_ros/share/synapse_ros/environment/ament_prefix_path.dsv
[34.121s] -- Up-to-date: /home/user/cognipilot/cranium/install/synapse_ros/share/synapse_ros/environment/path.sh
[34.122s] -- Installing: /home/user/cognipilot/cranium/install/synapse_ros/share/synapse_ros/environment/path.dsv
[34.123s] -- Up-to-date: /home/user/cognipilot/cranium/install/synapse_ros/share/synapse_ros/local_setup.bash
[34.124s] -- Up-to-date: /home/user/cognipilot/cranium/install/synapse_ros/share/synapse_ros/local_setup.sh
[34.125s] -- Up-to-date: /home/user/cognipilot/cranium/install/synapse_ros/share/synapse_ros/local_setup.zsh
[34.126s] -- Installing: /home/user/cognipilot/cranium/install/synapse_ros/share/synapse_ros/local_setup.dsv
[34.127s] -- Installing: /home/user/cognipilot/cranium/install/synapse_ros/share/synapse_ros/package.dsv
[34.128s] -- Up-to-date: /home/user/cognipilot/cranium/install/synapse_ros/share/ament_index/resource_index/packages/synapse_ros
[34.128s] -- Up-to-date: /home/user/cognipilot/cranium/install/synapse_ros/share/synapse_ros/cmake/synapse_rosConfig.cmake
[34.129s] -- Up-to-date: /home/user/cognipilot/cranium/install/synapse_ros/share/synapse_ros/cmake/synapse_rosConfig-version.cmake
[34.130s] -- Up-to-date: /home/user/cognipilot/cranium/install/synapse_ros/share/synapse_ros/package.xml
[34.139s] Invoked command in '/home/user/cognipilot/cranium/build/synapse_ros' returned '0': CMAKE_PREFIX_PATH=/home/user/cognipilot/cranium/install/synapse_tinyframe:/home/user/cognipilot/cranium/install/synapse_protobuf:/home/user/cognipilot/cranium/install/synapse_msgs:/home/user/cognipilot/cranium/install/b3rb_robot:/home/user/cognipilot/cranium/install/b3rb_bringup:/home/user/cognipilot/cranium/install/synapse_ros:/home/user/cognipilot/cranium/install/corti:/home/user/cognipilot/cranium/install/ldlidar_stl_ros2:/home/user/cognipilot/cranium/install/b3rb_nav2:/home/user/cognipilot/cranium/install/b3rb_description:/opt/ros/humble LD_LIBRARY_PATH=/home/user/cognipilot/cranium/install/synapse_msgs/lib:/home/user/cognipilot/cranium/install/synapse_tinyframe/lib:/home/user/cognipilot/cranium/install/synapse_protobuf/lib:/opt/ros/humble/opt/rviz_ogre_vendor/lib:/opt/ros/humble/lib/aarch64-linux-gnu:/opt/ros/humble/lib /usr/bin/cmake --install /home/user/cognipilot/cranium/build/synapse_ros
