[0.282s] Invoking command in '/home/user/cognipilot/cranium/build/b3rb_description': CMAKE_PREFIX_PATH=${CMAKE_PREFIX_PATH}:/opt/ros/humble /usr/bin/cmake --build /home/user/cognipilot/cranium/build/b3rb_description -- -j4 -l4
[0.652s] Invoked command in '/home/user/cognipilot/cranium/build/b3rb_description' returned '0': CMAKE_PREFIX_PATH=${CMAKE_PREFIX_PATH}:/opt/ros/humble /usr/bin/cmake --build /home/user/cognipilot/cranium/build/b3rb_description -- -j4 -l4
[0.717s] Invoking command in '/home/user/cognipilot/cranium/build/b3rb_description': CMAKE_PREFIX_PATH=${CMAKE_PREFIX_PATH}:/opt/ros/humble /usr/bin/cmake --install /home/user/cognipilot/cranium/build/b3rb_description
[0.774s] -- Install configuration: ""
[0.776s] -- Up-to-date: /home/user/cognipilot/cranium/install/b3rb_description/share/b3rb_description/launch
[0.779s] -- Up-to-date: /home/user/cognipilot/cranium/install/b3rb_description/share/b3rb_description/launch/robot_description.launch.py
[0.781s] -- Up-to-date: /home/user/cognipilot/cranium/install/b3rb_description/share/b3rb_description/meshes
[0.784s] -- Up-to-date: /home/user/cognipilot/cranium/install/b3rb_description/share/b3rb_description/meshes/STL27L.dae
[0.786s] -- Up-to-date: /home/user/cognipilot/cranium/install/b3rb_description/share/b3rb_description/meshes/wheel.dae
[0.789s] -- Up-to-date: /home/user/cognipilot/cranium/install/b3rb_description/share/b3rb_description/meshes/b3rb.dae
[0.791s] -- Up-to-date: /home/user/cognipilot/cranium/install/b3rb_description/share/b3rb_description/urdf
[0.794s] -- Up-to-date: /home/user/cognipilot/cranium/install/b3rb_description/share/b3rb_description/urdf/b3rb.urdf
[0.796s] -- Up-to-date: /home/user/cognipilot/cranium/install/b3rb_description/share/ament_index/resource_index/package_run_dependencies/b3rb_description
[0.798s] -- Up-to-date: /home/user/cognipilot/cranium/install/b3rb_description/share/ament_index/resource_index/parent_prefix_path/b3rb_description
[0.800s] -- Up-to-date: /home/user/cognipilot/cranium/install/b3rb_description/share/b3rb_description/environment/ament_prefix_path.sh
[0.802s] -- Up-to-date: /home/user/cognipilot/cranium/install/b3rb_description/share/b3rb_description/environment/ament_prefix_path.dsv
[0.804s] -- Up-to-date: /home/user/cognipilot/cranium/install/b3rb_description/share/b3rb_description/environment/path.sh
[0.808s] -- Up-to-date: /home/user/cognipilot/cranium/install/b3rb_description/share/b3rb_description/environment/path.dsv
[0.809s] -- Up-to-date: /home/user/cognipilot/cranium/install/b3rb_description/share/b3rb_description/local_setup.bash
[0.810s] -- Up-to-date: /home/user/cognipilot/cranium/install/b3rb_description/share/b3rb_description/local_setup.sh
[0.814s] -- Up-to-date: /home/user/cognipilot/cranium/install/b3rb_description/share/b3rb_description/local_setup.zsh
[0.815s] -- Up-to-date: /home/user/cognipilot/cranium/install/b3rb_description/share/b3rb_description/local_setup.dsv
[0.816s] -- Up-to-date: /home/user/cognipilot/cranium/install/b3rb_description/share/b3rb_description/package.dsv
[0.818s] -- Up-to-date: /home/user/cognipilot/cranium/install/b3rb_description/share/ament_index/resource_index/packages/b3rb_description
[0.827s] -- Up-to-date: /home/user/cognipilot/cranium/install/b3rb_description/share/b3rb_description/cmake/b3rb_descriptionConfig.cmake
[0.828s] -- Up-to-date: /home/user/cognipilot/cranium/install/b3rb_description/share/b3rb_description/cmake/b3rb_descriptionConfig-version.cmake
[0.829s] -- Up-to-date: /home/user/cognipilot/cranium/install/b3rb_description/share/b3rb_description/package.xml
[0.838s] Invoked command in '/home/user/cognipilot/cranium/build/b3rb_description' returned '0': CMAKE_PREFIX_PATH=${CMAKE_PREFIX_PATH}:/opt/ros/humble /usr/bin/cmake --install /home/user/cognipilot/cranium/build/b3rb_description
