[0.199s] Invoking command in '/home/user/cognipilot/cranium/build/synapse_msgs': CMAKE_PREFIX_PATH=${CMAKE_PREFIX_PATH}:/home/user/cognipilot/cranium/install/b3rb_ros_aim_india:/opt/ros/humble /usr/bin/cmake --build /home/user/cognipilot/cranium/build/synapse_msgs -- -j4 -l4
[0.883s] [  1%] Built target synapse_msgs__cpp
[0.925s] [ 12%] Built target synapse_msgs__rosidl_generator_c
[0.985s] [ 12%] Built target ament_cmake_python_copy_synapse_msgs
[1.180s] [ 23%] Built target synapse_msgs__rosidl_typesupport_fastrtps_cpp
[1.186s] [ 34%] Built target synapse_msgs__rosidl_typesupport_fastrtps_c
[1.196s] [ 45%] Built target synapse_msgs__rosidl_typesupport_cpp
[1.197s] [ 56%] Built target synapse_msgs__rosidl_typesupport_introspection_cpp
[1.334s] [ 67%] Built target synapse_msgs__rosidl_typesupport_c
[1.345s] [ 78%] Built target synapse_msgs__rosidl_typesupport_introspection_c
[1.546s] [ 78%] Built target synapse_msgs
[1.665s] [ 80%] Built target synapse_msgs__py
[1.828s] [ 89%] Built target synapse_msgs__rosidl_generator_py
[2.015s] [ 92%] Built target synapse_msgs__rosidl_typesupport_introspection_c__pyext
[2.063s] [ 96%] Built target synapse_msgs__rosidl_typesupport_fastrtps_c__pyext
[2.099s] [100%] Built target synapse_msgs__rosidl_typesupport_c__pyext
[3.800s] running egg_info
[3.805s] writing synapse_msgs.egg-info/PKG-INFO
[3.807s] writing dependency_links to synapse_msgs.egg-info/dependency_links.txt
[3.809s] writing top-level names to synapse_msgs.egg-info/top_level.txt
[3.849s] reading manifest file 'synapse_msgs.egg-info/SOURCES.txt'
[3.855s] writing manifest file 'synapse_msgs.egg-info/SOURCES.txt'
[4.076s] [100%] Built target ament_cmake_python_build_synapse_msgs_egg
[4.134s] Invoked command in '/home/user/cognipilot/cranium/build/synapse_msgs' returned '0': CMAKE_PREFIX_PATH=${CMAKE_PREFIX_PATH}:/home/user/cognipilot/cranium/install/b3rb_ros_aim_india:/opt/ros/humble /usr/bin/cmake --build /home/user/cognipilot/cranium/build/synapse_msgs -- -j4 -l4
[4.145s] Invoking command in '/home/user/cognipilot/cranium/build/synapse_msgs': CMAKE_PREFIX_PATH=${CMAKE_PREFIX_PATH}:/home/user/cognipilot/cranium/install/b3rb_ros_aim_india:/opt/ros/humble /usr/bin/cmake --install /home/user/cognipilot/cranium/build/synapse_msgs
[4.188s] -- Install configuration: ""
[4.190s] -- Up-to-date: /home/user/cognipilot/cranium/install/synapse_msgs/share/ament_index/resource_index/rosidl_interfaces/synapse_msgs
[4.191s] -- Up-to-date: /home/user/cognipilot/cranium/install/synapse_msgs/include/synapse_msgs/synapse_msgs
[4.192s] -- Up-to-date: /home/user/cognipilot/cranium/install/synapse_msgs/include/synapse_msgs/synapse_msgs/msg
[4.194s] -- Up-to-date: /home/user/cognipilot/cranium/install/synapse_msgs/include/synapse_msgs/synapse_msgs/msg/warehouse_shelf.h
[4.195s] -- Up-to-date: /home/user/cognipilot/cranium/install/synapse_msgs/include/synapse_msgs/synapse_msgs/msg/bezier_trajectory.h
[4.197s] -- Up-to-date: /home/user/cognipilot/cranium/install/synapse_msgs/include/synapse_msgs/synapse_msgs/msg/edge_vectors.h
[4.198s] -- Up-to-date: /home/user/cognipilot/cranium/install/synapse_msgs/include/synapse_msgs/synapse_msgs/msg/traffic_status.h
[4.199s] -- Up-to-date: /home/user/cognipilot/cranium/install/synapse_msgs/include/synapse_msgs/synapse_msgs/msg/bezier_curve.h
[4.200s] -- Up-to-date: /home/user/cognipilot/cranium/install/synapse_msgs/include/synapse_msgs/synapse_msgs/msg/status.h
[4.201s] -- Up-to-date: /home/user/cognipilot/cranium/install/synapse_msgs/include/synapse_msgs/synapse_msgs/msg/detail
[4.201s] -- Up-to-date: /home/user/cognipilot/cranium/install/synapse_msgs/include/synapse_msgs/synapse_msgs/msg/detail/edge_vectors__functions.c
[4.202s] -- Up-to-date: /home/user/cognipilot/cranium/install/synapse_msgs/include/synapse_msgs/synapse_msgs/msg/detail/status__type_support.h
[4.204s] -- Up-to-date: /home/user/cognipilot/cranium/install/synapse_msgs/include/synapse_msgs/synapse_msgs/msg/detail/status__functions.c
[4.205s] -- Up-to-date: /home/user/cognipilot/cranium/install/synapse_msgs/include/synapse_msgs/synapse_msgs/msg/detail/bezier_trajectory__type_support.h
[4.206s] -- Up-to-date: /home/user/cognipilot/cranium/install/synapse_msgs/include/synapse_msgs/synapse_msgs/msg/detail/traffic_status__functions.c
[4.206s] -- Up-to-date: /home/user/cognipilot/cranium/install/synapse_msgs/include/synapse_msgs/synapse_msgs/msg/detail/status__functions.h
[4.207s] -- Up-to-date: /home/user/cognipilot/cranium/install/synapse_msgs/include/synapse_msgs/synapse_msgs/msg/detail/traffic_status__struct.h
[4.208s] -- Up-to-date: /home/user/cognipilot/cranium/install/synapse_msgs/include/synapse_msgs/synapse_msgs/msg/detail/bezier_curve__functions.h
[4.209s] -- Up-to-date: /home/user/cognipilot/cranium/install/synapse_msgs/include/synapse_msgs/synapse_msgs/msg/detail/traffic_status__functions.h
[4.211s] -- Up-to-date: /home/user/cognipilot/cranium/install/synapse_msgs/include/synapse_msgs/synapse_msgs/msg/detail/bezier_curve__type_support.h
[4.212s] -- Up-to-date: /home/user/cognipilot/cranium/install/synapse_msgs/include/synapse_msgs/synapse_msgs/msg/detail/warehouse_shelf__type_support.h
[4.213s] -- Up-to-date: /home/user/cognipilot/cranium/install/synapse_msgs/include/synapse_msgs/synapse_msgs/msg/detail/status__struct.h
[4.214s] -- Up-to-date: /home/user/cognipilot/cranium/install/synapse_msgs/include/synapse_msgs/synapse_msgs/msg/detail/edge_vectors__type_support.h
[4.214s] -- Up-to-date: /home/user/cognipilot/cranium/install/synapse_msgs/include/synapse_msgs/synapse_msgs/msg/detail/traffic_status__type_support.h
[4.215s] -- Up-to-date: /home/user/cognipilot/cranium/install/synapse_msgs/include/synapse_msgs/synapse_msgs/msg/detail/bezier_curve__struct.h
[4.216s] -- Up-to-date: /home/user/cognipilot/cranium/install/synapse_msgs/include/synapse_msgs/synapse_msgs/msg/detail/bezier_trajectory__functions.c
[4.217s] -- Up-to-date: /home/user/cognipilot/cranium/install/synapse_msgs/include/synapse_msgs/synapse_msgs/msg/detail/bezier_curve__functions.c
[4.218s] -- Up-to-date: /home/user/cognipilot/cranium/install/synapse_msgs/include/synapse_msgs/synapse_msgs/msg/detail/warehouse_shelf__functions.c
[4.219s] -- Up-to-date: /home/user/cognipilot/cranium/install/synapse_msgs/include/synapse_msgs/synapse_msgs/msg/detail/edge_vectors__functions.h
[4.221s] -- Up-to-date: /home/user/cognipilot/cranium/install/synapse_msgs/include/synapse_msgs/synapse_msgs/msg/detail/edge_vectors__struct.h
[4.222s] -- Up-to-date: /home/user/cognipilot/cranium/install/synapse_msgs/include/synapse_msgs/synapse_msgs/msg/detail/bezier_trajectory__struct.h
[4.224s] -- Up-to-date: /home/user/cognipilot/cranium/install/synapse_msgs/include/synapse_msgs/synapse_msgs/msg/detail/bezier_trajectory__functions.h
[4.225s] -- Up-to-date: /home/user/cognipilot/cranium/install/synapse_msgs/include/synapse_msgs/synapse_msgs/msg/detail/warehouse_shelf__struct.h
[4.226s] -- Up-to-date: /home/user/cognipilot/cranium/install/synapse_msgs/include/synapse_msgs/synapse_msgs/msg/detail/warehouse_shelf__functions.h
[4.227s] -- Up-to-date: /home/user/cognipilot/cranium/install/synapse_msgs/include/synapse_msgs/synapse_msgs/msg/rosidl_generator_c__visibility_control.h
[4.228s] -- Up-to-date: /home/user/cognipilot/cranium/install/synapse_msgs/share/synapse_msgs/environment/library_path.sh
[4.229s] -- Up-to-date: /home/user/cognipilot/cranium/install/synapse_msgs/share/synapse_msgs/environment/library_path.dsv
[4.229s] -- Up-to-date: /home/user/cognipilot/cranium/install/synapse_msgs/lib/libsynapse_msgs__rosidl_generator_c.so
[4.230s] -- Up-to-date: /home/user/cognipilot/cranium/install/synapse_msgs/include/synapse_msgs/synapse_msgs
[4.232s] -- Up-to-date: /home/user/cognipilot/cranium/install/synapse_msgs/include/synapse_msgs/synapse_msgs/msg
[4.233s] -- Up-to-date: /home/user/cognipilot/cranium/install/synapse_msgs/include/synapse_msgs/synapse_msgs/msg/detail
[4.234s] -- Up-to-date: /home/user/cognipilot/cranium/install/synapse_msgs/include/synapse_msgs/synapse_msgs/msg/detail/warehouse_shelf__rosidl_typesupport_fastrtps_c.h
[4.235s] -- Up-to-date: /home/user/cognipilot/cranium/install/synapse_msgs/include/synapse_msgs/synapse_msgs/msg/detail/traffic_status__rosidl_typesupport_fastrtps_c.h
[4.236s] -- Up-to-date: /home/user/cognipilot/cranium/install/synapse_msgs/include/synapse_msgs/synapse_msgs/msg/detail/bezier_curve__rosidl_typesupport_fastrtps_c.h
[4.237s] -- Up-to-date: /home/user/cognipilot/cranium/install/synapse_msgs/include/synapse_msgs/synapse_msgs/msg/detail/bezier_trajectory__rosidl_typesupport_fastrtps_c.h
[4.237s] -- Up-to-date: /home/user/cognipilot/cranium/install/synapse_msgs/include/synapse_msgs/synapse_msgs/msg/detail/status__rosidl_typesupport_fastrtps_c.h
[4.238s] -- Up-to-date: /home/user/cognipilot/cranium/install/synapse_msgs/include/synapse_msgs/synapse_msgs/msg/detail/edge_vectors__rosidl_typesupport_fastrtps_c.h
[4.239s] -- Up-to-date: /home/user/cognipilot/cranium/install/synapse_msgs/include/synapse_msgs/synapse_msgs/msg/rosidl_typesupport_fastrtps_c__visibility_control.h
[4.240s] -- Up-to-date: /home/user/cognipilot/cranium/install/synapse_msgs/lib/libsynapse_msgs__rosidl_typesupport_fastrtps_c.so
[4.241s] -- Up-to-date: /home/user/cognipilot/cranium/install/synapse_msgs/include/synapse_msgs/synapse_msgs
[4.242s] -- Up-to-date: /home/user/cognipilot/cranium/install/synapse_msgs/include/synapse_msgs/synapse_msgs/msg
[4.243s] -- Up-to-date: /home/user/cognipilot/cranium/install/synapse_msgs/include/synapse_msgs/synapse_msgs/msg/detail
[4.244s] -- Up-to-date: /home/user/cognipilot/cranium/install/synapse_msgs/include/synapse_msgs/synapse_msgs/msg/detail/edge_vectors__type_support.c
[4.245s] -- Up-to-date: /home/user/cognipilot/cranium/install/synapse_msgs/include/synapse_msgs/synapse_msgs/msg/detail/bezier_curve__type_support.c
[4.247s] -- Up-to-date: /home/user/cognipilot/cranium/install/synapse_msgs/include/synapse_msgs/synapse_msgs/msg/detail/status__rosidl_typesupport_introspection_c.h
[4.248s] -- Up-to-date: /home/user/cognipilot/cranium/install/synapse_msgs/include/synapse_msgs/synapse_msgs/msg/detail/status__type_support.c
[4.249s] -- Up-to-date: /home/user/cognipilot/cranium/install/synapse_msgs/include/synapse_msgs/synapse_msgs/msg/detail/edge_vectors__rosidl_typesupport_introspection_c.h
[4.250s] -- Up-to-date: /home/user/cognipilot/cranium/install/synapse_msgs/include/synapse_msgs/synapse_msgs/msg/detail/warehouse_shelf__rosidl_typesupport_introspection_c.h
[4.251s] -- Up-to-date: /home/user/cognipilot/cranium/install/synapse_msgs/include/synapse_msgs/synapse_msgs/msg/detail/traffic_status__rosidl_typesupport_introspection_c.h
[4.252s] -- Up-to-date: /home/user/cognipilot/cranium/install/synapse_msgs/include/synapse_msgs/synapse_msgs/msg/detail/bezier_trajectory__type_support.c
[4.252s] -- Up-to-date: /home/user/cognipilot/cranium/install/synapse_msgs/include/synapse_msgs/synapse_msgs/msg/detail/bezier_trajectory__rosidl_typesupport_introspection_c.h
[4.253s] -- Up-to-date: /home/user/cognipilot/cranium/install/synapse_msgs/include/synapse_msgs/synapse_msgs/msg/detail/warehouse_shelf__type_support.c
[4.254s] -- Up-to-date: /home/user/cognipilot/cranium/install/synapse_msgs/include/synapse_msgs/synapse_msgs/msg/detail/traffic_status__type_support.c
[4.255s] -- Up-to-date: /home/user/cognipilot/cranium/install/synapse_msgs/include/synapse_msgs/synapse_msgs/msg/detail/bezier_curve__rosidl_typesupport_introspection_c.h
[4.256s] -- Up-to-date: /home/user/cognipilot/cranium/install/synapse_msgs/include/synapse_msgs/synapse_msgs/msg/rosidl_typesupport_introspection_c__visibility_control.h
[4.256s] -- Up-to-date: /home/user/cognipilot/cranium/install/synapse_msgs/lib/libsynapse_msgs__rosidl_typesupport_introspection_c.so
[4.257s] -- Up-to-date: /home/user/cognipilot/cranium/install/synapse_msgs/lib/libsynapse_msgs__rosidl_typesupport_c.so
[4.258s] -- Up-to-date: /home/user/cognipilot/cranium/install/synapse_msgs/include/synapse_msgs/synapse_msgs
[4.259s] -- Up-to-date: /home/user/cognipilot/cranium/install/synapse_msgs/include/synapse_msgs/synapse_msgs/msg
[4.260s] -- Up-to-date: /home/user/cognipilot/cranium/install/synapse_msgs/include/synapse_msgs/synapse_msgs/msg/rosidl_generator_cpp__visibility_control.hpp
[4.260s] -- Up-to-date: /home/user/cognipilot/cranium/install/synapse_msgs/include/synapse_msgs/synapse_msgs/msg/edge_vectors.hpp
[4.261s] -- Up-to-date: /home/user/cognipilot/cranium/install/synapse_msgs/include/synapse_msgs/synapse_msgs/msg/status.hpp
[4.262s] -- Up-to-date: /home/user/cognipilot/cranium/install/synapse_msgs/include/synapse_msgs/synapse_msgs/msg/bezier_trajectory.hpp
[4.263s] -- Up-to-date: /home/user/cognipilot/cranium/install/synapse_msgs/include/synapse_msgs/synapse_msgs/msg/detail
[4.263s] -- Up-to-date: /home/user/cognipilot/cranium/install/synapse_msgs/include/synapse_msgs/synapse_msgs/msg/detail/bezier_trajectory__struct.hpp
[4.264s] -- Up-to-date: /home/user/cognipilot/cranium/install/synapse_msgs/include/synapse_msgs/synapse_msgs/msg/detail/warehouse_shelf__builder.hpp
[4.265s] -- Up-to-date: /home/user/cognipilot/cranium/install/synapse_msgs/include/synapse_msgs/synapse_msgs/msg/detail/traffic_status__struct.hpp
[4.266s] -- Up-to-date: /home/user/cognipilot/cranium/install/synapse_msgs/include/synapse_msgs/synapse_msgs/msg/detail/status__traits.hpp
[4.266s] -- Up-to-date: /home/user/cognipilot/cranium/install/synapse_msgs/include/synapse_msgs/synapse_msgs/msg/detail/warehouse_shelf__traits.hpp
[4.267s] -- Up-to-date: /home/user/cognipilot/cranium/install/synapse_msgs/include/synapse_msgs/synapse_msgs/msg/detail/traffic_status__type_support.hpp
[4.268s] -- Up-to-date: /home/user/cognipilot/cranium/install/synapse_msgs/include/synapse_msgs/synapse_msgs/msg/detail/status__type_support.hpp
[4.269s] -- Up-to-date: /home/user/cognipilot/cranium/install/synapse_msgs/include/synapse_msgs/synapse_msgs/msg/detail/bezier_trajectory__builder.hpp
[4.269s] -- Up-to-date: /home/user/cognipilot/cranium/install/synapse_msgs/include/synapse_msgs/synapse_msgs/msg/detail/bezier_curve__traits.hpp
[4.270s] -- Up-to-date: /home/user/cognipilot/cranium/install/synapse_msgs/include/synapse_msgs/synapse_msgs/msg/detail/edge_vectors__type_support.hpp
[4.271s] -- Up-to-date: /home/user/cognipilot/cranium/install/synapse_msgs/include/synapse_msgs/synapse_msgs/msg/detail/bezier_trajectory__type_support.hpp
[4.272s] -- Up-to-date: /home/user/cognipilot/cranium/install/synapse_msgs/include/synapse_msgs/synapse_msgs/msg/detail/bezier_curve__builder.hpp
[4.273s] -- Up-to-date: /home/user/cognipilot/cranium/install/synapse_msgs/include/synapse_msgs/synapse_msgs/msg/detail/traffic_status__builder.hpp
[4.274s] -- Up-to-date: /home/user/cognipilot/cranium/install/synapse_msgs/include/synapse_msgs/synapse_msgs/msg/detail/bezier_trajectory__traits.hpp
[4.275s] -- Up-to-date: /home/user/cognipilot/cranium/install/synapse_msgs/include/synapse_msgs/synapse_msgs/msg/detail/edge_vectors__traits.hpp
[4.276s] -- Up-to-date: /home/user/cognipilot/cranium/install/synapse_msgs/include/synapse_msgs/synapse_msgs/msg/detail/warehouse_shelf__type_support.hpp
[4.276s] -- Up-to-date: /home/user/cognipilot/cranium/install/synapse_msgs/include/synapse_msgs/synapse_msgs/msg/detail/edge_vectors__builder.hpp
[4.277s] -- Up-to-date: /home/user/cognipilot/cranium/install/synapse_msgs/include/synapse_msgs/synapse_msgs/msg/detail/warehouse_shelf__struct.hpp
[4.278s] -- Up-to-date: /home/user/cognipilot/cranium/install/synapse_msgs/include/synapse_msgs/synapse_msgs/msg/detail/edge_vectors__struct.hpp
[4.279s] -- Up-to-date: /home/user/cognipilot/cranium/install/synapse_msgs/include/synapse_msgs/synapse_msgs/msg/detail/bezier_curve__type_support.hpp
[4.279s] -- Up-to-date: /home/user/cognipilot/cranium/install/synapse_msgs/include/synapse_msgs/synapse_msgs/msg/detail/bezier_curve__struct.hpp
[4.280s] -- Up-to-date: /home/user/cognipilot/cranium/install/synapse_msgs/include/synapse_msgs/synapse_msgs/msg/detail/status__struct.hpp
[4.281s] -- Up-to-date: /home/user/cognipilot/cranium/install/synapse_msgs/include/synapse_msgs/synapse_msgs/msg/detail/traffic_status__traits.hpp
[4.281s] -- Up-to-date: /home/user/cognipilot/cranium/install/synapse_msgs/include/synapse_msgs/synapse_msgs/msg/detail/status__builder.hpp
[4.282s] -- Up-to-date: /home/user/cognipilot/cranium/install/synapse_msgs/include/synapse_msgs/synapse_msgs/msg/bezier_curve.hpp
[4.283s] -- Up-to-date: /home/user/cognipilot/cranium/install/synapse_msgs/include/synapse_msgs/synapse_msgs/msg/warehouse_shelf.hpp
[4.284s] -- Up-to-date: /home/user/cognipilot/cranium/install/synapse_msgs/include/synapse_msgs/synapse_msgs/msg/traffic_status.hpp
[4.284s] -- Up-to-date: /home/user/cognipilot/cranium/install/synapse_msgs/include/synapse_msgs/synapse_msgs
[4.285s] -- Up-to-date: /home/user/cognipilot/cranium/install/synapse_msgs/include/synapse_msgs/synapse_msgs/msg
[4.286s] -- Up-to-date: /home/user/cognipilot/cranium/install/synapse_msgs/include/synapse_msgs/synapse_msgs/msg/rosidl_typesupport_fastrtps_cpp__visibility_control.h
[4.287s] -- Up-to-date: /home/user/cognipilot/cranium/install/synapse_msgs/include/synapse_msgs/synapse_msgs/msg/detail
[4.288s] -- Up-to-date: /home/user/cognipilot/cranium/install/synapse_msgs/include/synapse_msgs/synapse_msgs/msg/detail/traffic_status__rosidl_typesupport_fastrtps_cpp.hpp
[4.288s] -- Up-to-date: /home/user/cognipilot/cranium/install/synapse_msgs/include/synapse_msgs/synapse_msgs/msg/detail/dds_fastrtps
[4.289s] -- Up-to-date: /home/user/cognipilot/cranium/install/synapse_msgs/include/synapse_msgs/synapse_msgs/msg/detail/edge_vectors__rosidl_typesupport_fastrtps_cpp.hpp
[4.290s] -- Up-to-date: /home/user/cognipilot/cranium/install/synapse_msgs/include/synapse_msgs/synapse_msgs/msg/detail/bezier_trajectory__rosidl_typesupport_fastrtps_cpp.hpp
[4.290s] -- Up-to-date: /home/user/cognipilot/cranium/install/synapse_msgs/include/synapse_msgs/synapse_msgs/msg/detail/warehouse_shelf__rosidl_typesupport_fastrtps_cpp.hpp
[4.291s] -- Up-to-date: /home/user/cognipilot/cranium/install/synapse_msgs/include/synapse_msgs/synapse_msgs/msg/detail/status__rosidl_typesupport_fastrtps_cpp.hpp
[4.292s] -- Up-to-date: /home/user/cognipilot/cranium/install/synapse_msgs/include/synapse_msgs/synapse_msgs/msg/detail/bezier_curve__rosidl_typesupport_fastrtps_cpp.hpp
[4.293s] -- Up-to-date: /home/user/cognipilot/cranium/install/synapse_msgs/lib/libsynapse_msgs__rosidl_typesupport_fastrtps_cpp.so
[4.294s] -- Up-to-date: /home/user/cognipilot/cranium/install/synapse_msgs/include/synapse_msgs/synapse_msgs
[4.294s] -- Up-to-date: /home/user/cognipilot/cranium/install/synapse_msgs/include/synapse_msgs/synapse_msgs/msg
[4.295s] -- Up-to-date: /home/user/cognipilot/cranium/install/synapse_msgs/include/synapse_msgs/synapse_msgs/msg/detail
[4.296s] -- Up-to-date: /home/user/cognipilot/cranium/install/synapse_msgs/include/synapse_msgs/synapse_msgs/msg/detail/status__rosidl_typesupport_introspection_cpp.hpp
[4.297s] -- Up-to-date: /home/user/cognipilot/cranium/install/synapse_msgs/include/synapse_msgs/synapse_msgs/msg/detail/bezier_curve__type_support.cpp
[4.298s] -- Up-to-date: /home/user/cognipilot/cranium/install/synapse_msgs/include/synapse_msgs/synapse_msgs/msg/detail/warehouse_shelf__type_support.cpp
[4.298s] -- Up-to-date: /home/user/cognipilot/cranium/install/synapse_msgs/include/synapse_msgs/synapse_msgs/msg/detail/bezier_trajectory__type_support.cpp
[4.299s] -- Up-to-date: /home/user/cognipilot/cranium/install/synapse_msgs/include/synapse_msgs/synapse_msgs/msg/detail/traffic_status__rosidl_typesupport_introspection_cpp.hpp
[4.300s] -- Up-to-date: /home/user/cognipilot/cranium/install/synapse_msgs/include/synapse_msgs/synapse_msgs/msg/detail/edge_vectors__rosidl_typesupport_introspection_cpp.hpp
[4.301s] -- Up-to-date: /home/user/cognipilot/cranium/install/synapse_msgs/include/synapse_msgs/synapse_msgs/msg/detail/status__type_support.cpp
[4.301s] -- Up-to-date: /home/user/cognipilot/cranium/install/synapse_msgs/include/synapse_msgs/synapse_msgs/msg/detail/warehouse_shelf__rosidl_typesupport_introspection_cpp.hpp
[4.302s] -- Up-to-date: /home/user/cognipilot/cranium/install/synapse_msgs/include/synapse_msgs/synapse_msgs/msg/detail/traffic_status__type_support.cpp
[4.303s] -- Up-to-date: /home/user/cognipilot/cranium/install/synapse_msgs/include/synapse_msgs/synapse_msgs/msg/detail/bezier_curve__rosidl_typesupport_introspection_cpp.hpp
[4.304s] -- Up-to-date: /home/user/cognipilot/cranium/install/synapse_msgs/include/synapse_msgs/synapse_msgs/msg/detail/edge_vectors__type_support.cpp
[4.305s] -- Up-to-date: /home/user/cognipilot/cranium/install/synapse_msgs/include/synapse_msgs/synapse_msgs/msg/detail/bezier_trajectory__rosidl_typesupport_introspection_cpp.hpp
[4.305s] -- Up-to-date: /home/user/cognipilot/cranium/install/synapse_msgs/lib/libsynapse_msgs__rosidl_typesupport_introspection_cpp.so
[4.306s] -- Up-to-date: /home/user/cognipilot/cranium/install/synapse_msgs/lib/libsynapse_msgs__rosidl_typesupport_cpp.so
[4.307s] -- Up-to-date: /home/user/cognipilot/cranium/install/synapse_msgs/share/synapse_msgs/environment/pythonpath.sh
[4.308s] -- Up-to-date: /home/user/cognipilot/cranium/install/synapse_msgs/share/synapse_msgs/environment/pythonpath.dsv
[4.308s] -- Up-to-date: /home/user/cognipilot/cranium/install/synapse_msgs/local/lib/python3.10/dist-packages/synapse_msgs-0.0.1-py3.10.egg-info
[4.309s] -- Installing: /home/user/cognipilot/cranium/install/synapse_msgs/local/lib/python3.10/dist-packages/synapse_msgs-0.0.1-py3.10.egg-info/dependency_links.txt
[4.310s] -- Installing: /home/user/cognipilot/cranium/install/synapse_msgs/local/lib/python3.10/dist-packages/synapse_msgs-0.0.1-py3.10.egg-info/top_level.txt
[4.310s] -- Installing: /home/user/cognipilot/cranium/install/synapse_msgs/local/lib/python3.10/dist-packages/synapse_msgs-0.0.1-py3.10.egg-info/SOURCES.txt
[4.311s] -- Installing: /home/user/cognipilot/cranium/install/synapse_msgs/local/lib/python3.10/dist-packages/synapse_msgs-0.0.1-py3.10.egg-info/PKG-INFO
[4.312s] -- Up-to-date: /home/user/cognipilot/cranium/install/synapse_msgs/local/lib/python3.10/dist-packages/synapse_msgs
[4.313s] -- Up-to-date: /home/user/cognipilot/cranium/install/synapse_msgs/local/lib/python3.10/dist-packages/synapse_msgs/_synapse_msgs_s.ep.rosidl_typesupport_introspection_c.c
[4.313s] -- Up-to-date: /home/user/cognipilot/cranium/install/synapse_msgs/local/lib/python3.10/dist-packages/synapse_msgs/_synapse_msgs_s.ep.rosidl_typesupport_fastrtps_c.c
[4.314s] -- Up-to-date: /home/user/cognipilot/cranium/install/synapse_msgs/local/lib/python3.10/dist-packages/synapse_msgs/libsynapse_msgs__rosidl_generator_py.so
[4.315s] -- Up-to-date: /home/user/cognipilot/cranium/install/synapse_msgs/local/lib/python3.10/dist-packages/synapse_msgs/synapse_msgs_s__rosidl_typesupport_introspection_c.cpython-310-aarch64-linux-gnu.so
[4.316s] -- Up-to-date: /home/user/cognipilot/cranium/install/synapse_msgs/local/lib/python3.10/dist-packages/synapse_msgs/synapse_msgs_s__rosidl_typesupport_fastrtps_c.cpython-310-aarch64-linux-gnu.so
[4.316s] -- Up-to-date: /home/user/cognipilot/cranium/install/synapse_msgs/local/lib/python3.10/dist-packages/synapse_msgs/synapse_msgs_s__rosidl_typesupport_c.cpython-310-aarch64-linux-gnu.so
[4.317s] -- Up-to-date: /home/user/cognipilot/cranium/install/synapse_msgs/local/lib/python3.10/dist-packages/synapse_msgs/_synapse_msgs_s.ep.rosidl_typesupport_c.c
[4.318s] -- Up-to-date: /home/user/cognipilot/cranium/install/synapse_msgs/local/lib/python3.10/dist-packages/synapse_msgs/msg
[4.319s] -- Up-to-date: /home/user/cognipilot/cranium/install/synapse_msgs/local/lib/python3.10/dist-packages/synapse_msgs/msg/_bezier_trajectory.py
[4.319s] -- Up-to-date: /home/user/cognipilot/cranium/install/synapse_msgs/local/lib/python3.10/dist-packages/synapse_msgs/msg/_status_s.c
[4.320s] -- Up-to-date: /home/user/cognipilot/cranium/install/synapse_msgs/local/lib/python3.10/dist-packages/synapse_msgs/msg/_warehouse_shelf_s.c
[4.321s] -- Up-to-date: /home/user/cognipilot/cranium/install/synapse_msgs/local/lib/python3.10/dist-packages/synapse_msgs/msg/_edge_vectors.py
[4.321s] -- Up-to-date: /home/user/cognipilot/cranium/install/synapse_msgs/local/lib/python3.10/dist-packages/synapse_msgs/msg/_warehouse_shelf.py
[4.322s] -- Up-to-date: /home/user/cognipilot/cranium/install/synapse_msgs/local/lib/python3.10/dist-packages/synapse_msgs/msg/_bezier_trajectory_s.c
[4.323s] -- Up-to-date: /home/user/cognipilot/cranium/install/synapse_msgs/local/lib/python3.10/dist-packages/synapse_msgs/msg/_traffic_status.py
[4.324s] -- Up-to-date: /home/user/cognipilot/cranium/install/synapse_msgs/local/lib/python3.10/dist-packages/synapse_msgs/msg/_status.py
[4.325s] -- Up-to-date: /home/user/cognipilot/cranium/install/synapse_msgs/local/lib/python3.10/dist-packages/synapse_msgs/msg/_bezier_curve.py
[4.325s] -- Up-to-date: /home/user/cognipilot/cranium/install/synapse_msgs/local/lib/python3.10/dist-packages/synapse_msgs/msg/_traffic_status_s.c
[4.326s] -- Up-to-date: /home/user/cognipilot/cranium/install/synapse_msgs/local/lib/python3.10/dist-packages/synapse_msgs/msg/_edge_vectors_s.c
[4.327s] -- Up-to-date: /home/user/cognipilot/cranium/install/synapse_msgs/local/lib/python3.10/dist-packages/synapse_msgs/msg/__init__.py
[4.328s] -- Up-to-date: /home/user/cognipilot/cranium/install/synapse_msgs/local/lib/python3.10/dist-packages/synapse_msgs/msg/_bezier_curve_s.c
[4.328s] -- Up-to-date: /home/user/cognipilot/cranium/install/synapse_msgs/local/lib/python3.10/dist-packages/synapse_msgs/__init__.py
[4.508s] Listing '/home/user/cognipilot/cranium/install/synapse_msgs/local/lib/python3.10/dist-packages/synapse_msgs'...
[4.509s] Listing '/home/user/cognipilot/cranium/install/synapse_msgs/local/lib/python3.10/dist-packages/synapse_msgs/msg'...
[4.557s] -- Up-to-date: /home/user/cognipilot/cranium/install/synapse_msgs/local/lib/python3.10/dist-packages/synapse_msgs/synapse_msgs_s__rosidl_typesupport_fastrtps_c.cpython-310-aarch64-linux-gnu.so
[4.560s] -- Up-to-date: /home/user/cognipilot/cranium/install/synapse_msgs/local/lib/python3.10/dist-packages/synapse_msgs/synapse_msgs_s__rosidl_typesupport_introspection_c.cpython-310-aarch64-linux-gnu.so
[4.562s] -- Up-to-date: /home/user/cognipilot/cranium/install/synapse_msgs/local/lib/python3.10/dist-packages/synapse_msgs/synapse_msgs_s__rosidl_typesupport_c.cpython-310-aarch64-linux-gnu.so
[4.566s] -- Up-to-date: /home/user/cognipilot/cranium/install/synapse_msgs/lib/libsynapse_msgs__rosidl_generator_py.so
[4.568s] -- Up-to-date: /home/user/cognipilot/cranium/install/synapse_msgs/share/synapse_msgs/msg/BezierCurve.idl
[4.569s] -- Up-to-date: /home/user/cognipilot/cranium/install/synapse_msgs/share/synapse_msgs/msg/BezierTrajectory.idl
[4.571s] -- Up-to-date: /home/user/cognipilot/cranium/install/synapse_msgs/share/synapse_msgs/msg/Status.idl
[4.572s] -- Up-to-date: /home/user/cognipilot/cranium/install/synapse_msgs/share/synapse_msgs/msg/WarehouseShelf.idl
[4.573s] -- Up-to-date: /home/user/cognipilot/cranium/install/synapse_msgs/share/synapse_msgs/msg/BezierCurve.msg
[4.574s] -- Up-to-date: /home/user/cognipilot/cranium/install/synapse_msgs/share/synapse_msgs/msg/BezierTrajectory.msg
[4.576s] -- Up-to-date: /home/user/cognipilot/cranium/install/synapse_msgs/share/synapse_msgs/msg/Status.msg
[4.577s] -- Up-to-date: /home/user/cognipilot/cranium/install/synapse_msgs/share/synapse_msgs/msg/WarehouseShelf.msg
[4.578s] -- Up-to-date: /home/user/cognipilot/cranium/install/synapse_msgs/share/ament_index/resource_index/package_run_dependencies/synapse_msgs
[4.579s] -- Up-to-date: /home/user/cognipilot/cranium/install/synapse_msgs/share/ament_index/resource_index/parent_prefix_path/synapse_msgs
[4.580s] -- Up-to-date: /home/user/cognipilot/cranium/install/synapse_msgs/share/synapse_msgs/environment/ament_prefix_path.sh
[4.581s] -- Up-to-date: /home/user/cognipilot/cranium/install/synapse_msgs/share/synapse_msgs/environment/ament_prefix_path.dsv
[4.581s] -- Up-to-date: /home/user/cognipilot/cranium/install/synapse_msgs/share/synapse_msgs/environment/path.sh
[4.582s] -- Up-to-date: /home/user/cognipilot/cranium/install/synapse_msgs/share/synapse_msgs/environment/path.dsv
[4.583s] -- Up-to-date: /home/user/cognipilot/cranium/install/synapse_msgs/share/synapse_msgs/local_setup.bash
[4.584s] -- Up-to-date: /home/user/cognipilot/cranium/install/synapse_msgs/share/synapse_msgs/local_setup.sh
[4.585s] -- Up-to-date: /home/user/cognipilot/cranium/install/synapse_msgs/share/synapse_msgs/local_setup.zsh
[4.586s] -- Up-to-date: /home/user/cognipilot/cranium/install/synapse_msgs/share/synapse_msgs/local_setup.dsv
[4.587s] -- Installing: /home/user/cognipilot/cranium/install/synapse_msgs/share/synapse_msgs/package.dsv
[4.588s] -- Up-to-date: /home/user/cognipilot/cranium/install/synapse_msgs/share/ament_index/resource_index/packages/synapse_msgs
[4.589s] -- Up-to-date: /home/user/cognipilot/cranium/install/synapse_msgs/share/synapse_msgs/cmake/export_synapse_msgs__rosidl_generator_cExport.cmake
[4.590s] -- Up-to-date: /home/user/cognipilot/cranium/install/synapse_msgs/share/synapse_msgs/cmake/export_synapse_msgs__rosidl_generator_cExport-noconfig.cmake
[4.591s] -- Up-to-date: /home/user/cognipilot/cranium/install/synapse_msgs/share/synapse_msgs/cmake/export_synapse_msgs__rosidl_typesupport_fastrtps_cExport.cmake
[4.592s] -- Up-to-date: /home/user/cognipilot/cranium/install/synapse_msgs/share/synapse_msgs/cmake/export_synapse_msgs__rosidl_typesupport_fastrtps_cExport-noconfig.cmake
[4.593s] -- Up-to-date: /home/user/cognipilot/cranium/install/synapse_msgs/share/synapse_msgs/cmake/synapse_msgs__rosidl_typesupport_introspection_cExport.cmake
[4.594s] -- Up-to-date: /home/user/cognipilot/cranium/install/synapse_msgs/share/synapse_msgs/cmake/synapse_msgs__rosidl_typesupport_introspection_cExport-noconfig.cmake
[4.594s] -- Up-to-date: /home/user/cognipilot/cranium/install/synapse_msgs/share/synapse_msgs/cmake/synapse_msgs__rosidl_typesupport_cExport.cmake
[4.596s] -- Up-to-date: /home/user/cognipilot/cranium/install/synapse_msgs/share/synapse_msgs/cmake/synapse_msgs__rosidl_typesupport_cExport-noconfig.cmake
[4.596s] -- Up-to-date: /home/user/cognipilot/cranium/install/synapse_msgs/share/synapse_msgs/cmake/export_synapse_msgs__rosidl_generator_cppExport.cmake
[4.597s] -- Up-to-date: /home/user/cognipilot/cranium/install/synapse_msgs/share/synapse_msgs/cmake/export_synapse_msgs__rosidl_typesupport_fastrtps_cppExport.cmake
[4.598s] -- Up-to-date: /home/user/cognipilot/cranium/install/synapse_msgs/share/synapse_msgs/cmake/export_synapse_msgs__rosidl_typesupport_fastrtps_cppExport-noconfig.cmake
[4.599s] -- Up-to-date: /home/user/cognipilot/cranium/install/synapse_msgs/share/synapse_msgs/cmake/synapse_msgs__rosidl_typesupport_introspection_cppExport.cmake
[4.600s] -- Up-to-date: /home/user/cognipilot/cranium/install/synapse_msgs/share/synapse_msgs/cmake/synapse_msgs__rosidl_typesupport_introspection_cppExport-noconfig.cmake
[4.601s] -- Up-to-date: /home/user/cognipilot/cranium/install/synapse_msgs/share/synapse_msgs/cmake/synapse_msgs__rosidl_typesupport_cppExport.cmake
[4.602s] -- Up-to-date: /home/user/cognipilot/cranium/install/synapse_msgs/share/synapse_msgs/cmake/synapse_msgs__rosidl_typesupport_cppExport-noconfig.cmake
[4.603s] -- Up-to-date: /home/user/cognipilot/cranium/install/synapse_msgs/share/synapse_msgs/cmake/export_synapse_msgs__rosidl_generator_pyExport.cmake
[4.605s] -- Up-to-date: /home/user/cognipilot/cranium/install/synapse_msgs/share/synapse_msgs/cmake/export_synapse_msgs__rosidl_generator_pyExport-noconfig.cmake
[4.606s] -- Up-to-date: /home/user/cognipilot/cranium/install/synapse_msgs/share/synapse_msgs/cmake/rosidl_cmake-extras.cmake
[4.607s] -- Up-to-date: /home/user/cognipilot/cranium/install/synapse_msgs/share/synapse_msgs/cmake/ament_cmake_export_dependencies-extras.cmake
[4.608s] -- Up-to-date: /home/user/cognipilot/cranium/install/synapse_msgs/share/synapse_msgs/cmake/ament_cmake_export_include_directories-extras.cmake
[4.609s] -- Up-to-date: /home/user/cognipilot/cranium/install/synapse_msgs/share/synapse_msgs/cmake/ament_cmake_export_libraries-extras.cmake
[4.610s] -- Up-to-date: /home/user/cognipilot/cranium/install/synapse_msgs/share/synapse_msgs/cmake/ament_cmake_export_targets-extras.cmake
[4.610s] -- Up-to-date: /home/user/cognipilot/cranium/install/synapse_msgs/share/synapse_msgs/cmake/rosidl_cmake_export_typesupport_targets-extras.cmake
[4.611s] -- Up-to-date: /home/user/cognipilot/cranium/install/synapse_msgs/share/synapse_msgs/cmake/rosidl_cmake_export_typesupport_libraries-extras.cmake
[4.612s] -- Up-to-date: /home/user/cognipilot/cranium/install/synapse_msgs/share/synapse_msgs/cmake/synapse_msgsConfig.cmake
[4.613s] -- Up-to-date: /home/user/cognipilot/cranium/install/synapse_msgs/share/synapse_msgs/cmake/synapse_msgsConfig-version.cmake
[4.613s] -- Up-to-date: /home/user/cognipilot/cranium/install/synapse_msgs/share/synapse_msgs/package.xml
[4.623s] Invoked command in '/home/user/cognipilot/cranium/build/synapse_msgs' returned '0': CMAKE_PREFIX_PATH=${CMAKE_PREFIX_PATH}:/home/user/cognipilot/cranium/install/b3rb_ros_aim_india:/opt/ros/humble /usr/bin/cmake --install /home/user/cognipilot/cranium/build/synapse_msgs
