[0.104s] Invoking command in '/home/user/cognipilot/cranium/build/b3rb_robot': CMAKE_PREFIX_PATH=/home/user/cognipilot/cranium/install/b3rb_bringup:/home/user/cognipilot/cranium/install/synapse_ros:/home/user/cognipilot/cranium/install/corti:/home/user/cognipilot/cranium/install/synapse_tinyframe:/home/user/cognipilot/cranium/install/synapse_protobuf:/home/user/cognipilot/cranium/install/synapse_msgs:/home/user/cognipilot/cranium/install/ldlidar_stl_ros2:/home/user/cognipilot/cranium/install/b3rb_nav2:/home/user/cognipilot/cranium/install/b3rb_description:/home/user/cognipilot/cranium/install/b3rb_robot:/opt/ros/humble LD_LIBRARY_PATH=/home/user/cognipilot/cranium/install/synapse_msgs/lib:/home/user/cognipilot/cranium/install/synapse_tinyframe/lib:/home/user/cognipilot/cranium/install/synapse_protobuf/lib:/opt/ros/humble/opt/rviz_ogre_vendor/lib:/opt/ros/humble/lib/aarch64-linux-gnu:/opt/ros/humble/lib /usr/bin/cmake --build /home/user/cognipilot/cranium/build/b3rb_robot -- -j4 -l4
[0.299s] Invoked command in '/home/user/cognipilot/cranium/build/b3rb_robot' returned '0': CMAKE_PREFIX_PATH=/home/user/cognipilot/cranium/install/b3rb_bringup:/home/user/cognipilot/cranium/install/synapse_ros:/home/user/cognipilot/cranium/install/corti:/home/user/cognipilot/cranium/install/synapse_tinyframe:/home/user/cognipilot/cranium/install/synapse_protobuf:/home/user/cognipilot/cranium/install/synapse_msgs:/home/user/cognipilot/cranium/install/ldlidar_stl_ros2:/home/user/cognipilot/cranium/install/b3rb_nav2:/home/user/cognipilot/cranium/install/b3rb_description:/home/user/cognipilot/cranium/install/b3rb_robot:/opt/ros/humble LD_LIBRARY_PATH=/home/user/cognipilot/cranium/install/synapse_msgs/lib:/home/user/cognipilot/cranium/install/synapse_tinyframe/lib:/home/user/cognipilot/cranium/install/synapse_protobuf/lib:/opt/ros/humble/opt/rviz_ogre_vendor/lib:/opt/ros/humble/lib/aarch64-linux-gnu:/opt/ros/humble/lib /usr/bin/cmake --build /home/user/cognipilot/cranium/build/b3rb_robot -- -j4 -l4
[0.309s] Invoking command in '/home/user/cognipilot/cranium/build/b3rb_robot': CMAKE_PREFIX_PATH=/home/user/cognipilot/cranium/install/b3rb_bringup:/home/user/cognipilot/cranium/install/synapse_ros:/home/user/cognipilot/cranium/install/corti:/home/user/cognipilot/cranium/install/synapse_tinyframe:/home/user/cognipilot/cranium/install/synapse_protobuf:/home/user/cognipilot/cranium/install/synapse_msgs:/home/user/cognipilot/cranium/install/ldlidar_stl_ros2:/home/user/cognipilot/cranium/install/b3rb_nav2:/home/user/cognipilot/cranium/install/b3rb_description:/home/user/cognipilot/cranium/install/b3rb_robot:/opt/ros/humble LD_LIBRARY_PATH=/home/user/cognipilot/cranium/install/synapse_msgs/lib:/home/user/cognipilot/cranium/install/synapse_tinyframe/lib:/home/user/cognipilot/cranium/install/synapse_protobuf/lib:/opt/ros/humble/opt/rviz_ogre_vendor/lib:/opt/ros/humble/lib/aarch64-linux-gnu:/opt/ros/humble/lib /usr/bin/cmake --install /home/user/cognipilot/cranium/build/b3rb_robot
[0.348s] -- Install configuration: ""
[0.349s] -- Up-to-date: /home/user/cognipilot/cranium/install/b3rb_robot/share/ament_index/resource_index/package_run_dependencies/b3rb_robot
[0.350s] -- Up-to-date: /home/user/cognipilot/cranium/install/b3rb_robot/share/ament_index/resource_index/parent_prefix_path/b3rb_robot
[0.352s] -- Up-to-date: /home/user/cognipilot/cranium/install/b3rb_robot/share/b3rb_robot/environment/ament_prefix_path.sh
[0.353s] -- Up-to-date: /home/user/cognipilot/cranium/install/b3rb_robot/share/b3rb_robot/environment/ament_prefix_path.dsv
[0.354s] -- Up-to-date: /home/user/cognipilot/cranium/install/b3rb_robot/share/b3rb_robot/environment/path.sh
[0.355s] -- Up-to-date: /home/user/cognipilot/cranium/install/b3rb_robot/share/b3rb_robot/environment/path.dsv
[0.355s] -- Up-to-date: /home/user/cognipilot/cranium/install/b3rb_robot/share/b3rb_robot/local_setup.bash
[0.357s] -- Up-to-date: /home/user/cognipilot/cranium/install/b3rb_robot/share/b3rb_robot/local_setup.sh
[0.358s] -- Up-to-date: /home/user/cognipilot/cranium/install/b3rb_robot/share/b3rb_robot/local_setup.zsh
[0.359s] -- Up-to-date: /home/user/cognipilot/cranium/install/b3rb_robot/share/b3rb_robot/local_setup.dsv
[0.359s] -- Up-to-date: /home/user/cognipilot/cranium/install/b3rb_robot/share/b3rb_robot/package.dsv
[0.361s] -- Up-to-date: /home/user/cognipilot/cranium/install/b3rb_robot/share/ament_index/resource_index/packages/b3rb_robot
[0.363s] -- Up-to-date: /home/user/cognipilot/cranium/install/b3rb_robot/share/b3rb_robot/cmake/b3rb_robotConfig.cmake
[0.369s] -- Up-to-date: /home/user/cognipilot/cranium/install/b3rb_robot/share/b3rb_robot/cmake/b3rb_robotConfig-version.cmake
[0.370s] -- Up-to-date: /home/user/cognipilot/cranium/install/b3rb_robot/share/b3rb_robot/package.xml
[0.371s] Invoked command in '/home/user/cognipilot/cranium/build/b3rb_robot' returned '0': CMAKE_PREFIX_PATH=/home/user/cognipilot/cranium/install/b3rb_bringup:/home/user/cognipilot/cranium/install/synapse_ros:/home/user/cognipilot/cranium/install/corti:/home/user/cognipilot/cranium/install/synapse_tinyframe:/home/user/cognipilot/cranium/install/synapse_protobuf:/home/user/cognipilot/cranium/install/synapse_msgs:/home/user/cognipilot/cranium/install/ldlidar_stl_ros2:/home/user/cognipilot/cranium/install/b3rb_nav2:/home/user/cognipilot/cranium/install/b3rb_description:/home/user/cognipilot/cranium/install/b3rb_robot:/opt/ros/humble LD_LIBRARY_PATH=/home/user/cognipilot/cranium/install/synapse_msgs/lib:/home/user/cognipilot/cranium/install/synapse_tinyframe/lib:/home/user/cognipilot/cranium/install/synapse_protobuf/lib:/opt/ros/humble/opt/rviz_ogre_vendor/lib:/opt/ros/humble/lib/aarch64-linux-gnu:/opt/ros/humble/lib /usr/bin/cmake --install /home/user/cognipilot/cranium/build/b3rb_robot
