[0.138s] Invoking command in '/home/user/cognipilot/cranium/build/synapse_tinyframe': CMAKE_PREFIX_PATH=${CMAKE_PREFIX_PATH}:/home/user/cognipilot/cranium/install/b3rb_ros_aim_india:/opt/ros/humble /usr/bin/cmake --build /home/user/cognipilot/cranium/build/synapse_tinyframe -- -j4 -l4
[0.488s] [100%] Built target synapse_tinyframe
[0.608s] Invoked command in '/home/user/cognipilot/cranium/build/synapse_tinyframe' returned '0': CMAKE_PREFIX_PATH=${CMAKE_PREFIX_PATH}:/home/user/cognipilot/cranium/install/b3rb_ros_aim_india:/opt/ros/humble /usr/bin/cmake --build /home/user/cognipilot/cranium/build/synapse_tinyframe -- -j4 -l4
[0.611s] Invoking command in '/home/user/cognipilot/cranium/build/synapse_tinyframe': CMAKE_PREFIX_PATH=${CMAKE_PREFIX_PATH}:/home/user/cognipilot/cranium/install/b3rb_ros_aim_india:/opt/ros/humble /usr/bin/cmake --install /home/user/cognipilot/cranium/build/synapse_tinyframe
[0.843s] -- Install configuration: ""
[0.845s] -- Up-to-date: /home/user/cognipilot/cranium/install/synapse_tinyframe/share/synapse_tinyframe/environment/library_path.sh
[0.848s] -- Up-to-date: /home/user/cognipilot/cranium/install/synapse_tinyframe/share/synapse_tinyframe/environment/library_path.dsv
[0.850s] -- Up-to-date: /home/user/cognipilot/cranium/install/synapse_tinyframe/include
[0.851s] -- Up-to-date: /home/user/cognipilot/cranium/install/synapse_tinyframe/include/synapse_tinyframe
[0.852s] -- Up-to-date: /home/user/cognipilot/cranium/install/synapse_tinyframe/include/synapse_tinyframe/SynapseTopics.h
[0.853s] -- Up-to-date: /home/user/cognipilot/cranium/install/synapse_tinyframe/include/synapse_tinyframe/TinyFrame.h
[0.855s] -- Up-to-date: /home/user/cognipilot/cranium/install/synapse_tinyframe/include/synapse_tinyframe/utils.h
[0.856s] -- Up-to-date: /home/user/cognipilot/cranium/install/synapse_tinyframe/include/synapse_tinyframe/TF_Config.h
[0.857s] -- Up-to-date: /home/user/cognipilot/cranium/install/synapse_tinyframe/lib/libsynapse_tinyframe.a
[0.858s] -- Up-to-date: /home/user/cognipilot/cranium/install/synapse_tinyframe/share/ament_index/resource_index/package_run_dependencies/synapse_tinyframe
[0.859s] -- Up-to-date: /home/user/cognipilot/cranium/install/synapse_tinyframe/share/ament_index/resource_index/parent_prefix_path/synapse_tinyframe
[0.870s] -- Up-to-date: /home/user/cognipilot/cranium/install/synapse_tinyframe/share/synapse_tinyframe/environment/ament_prefix_path.sh
[0.871s] -- Up-to-date: /home/user/cognipilot/cranium/install/synapse_tinyframe/share/synapse_tinyframe/environment/ament_prefix_path.dsv
[0.872s] -- Up-to-date: /home/user/cognipilot/cranium/install/synapse_tinyframe/share/synapse_tinyframe/environment/path.sh
[0.873s] -- Up-to-date: /home/user/cognipilot/cranium/install/synapse_tinyframe/share/synapse_tinyframe/environment/path.dsv
[0.874s] -- Up-to-date: /home/user/cognipilot/cranium/install/synapse_tinyframe/share/synapse_tinyframe/local_setup.bash
[0.875s] -- Up-to-date: /home/user/cognipilot/cranium/install/synapse_tinyframe/share/synapse_tinyframe/local_setup.sh
[0.889s] -- Up-to-date: /home/user/cognipilot/cranium/install/synapse_tinyframe/share/synapse_tinyframe/local_setup.zsh
[0.889s] -- Up-to-date: /home/user/cognipilot/cranium/install/synapse_tinyframe/share/synapse_tinyframe/local_setup.dsv
[0.890s] -- Installing: /home/user/cognipilot/cranium/install/synapse_tinyframe/share/synapse_tinyframe/package.dsv
[0.897s] -- Up-to-date: /home/user/cognipilot/cranium/install/synapse_tinyframe/share/ament_index/resource_index/packages/synapse_tinyframe
[0.904s] -- Up-to-date: /home/user/cognipilot/cranium/install/synapse_tinyframe/share/synapse_tinyframe/cmake/synapse_tinyframeExport.cmake
[0.907s] -- Up-to-date: /home/user/cognipilot/cranium/install/synapse_tinyframe/share/synapse_tinyframe/cmake/synapse_tinyframeExport-noconfig.cmake
[0.908s] -- Up-to-date: /home/user/cognipilot/cranium/install/synapse_tinyframe/share/synapse_tinyframe/cmake/ament_cmake_export_targets-extras.cmake
[0.910s] -- Up-to-date: /home/user/cognipilot/cranium/install/synapse_tinyframe/share/synapse_tinyframe/cmake/synapse_tinyframeConfig.cmake
[0.913s] -- Up-to-date: /home/user/cognipilot/cranium/install/synapse_tinyframe/share/synapse_tinyframe/cmake/synapse_tinyframeConfig-version.cmake
[0.914s] -- Up-to-date: /home/user/cognipilot/cranium/install/synapse_tinyframe/share/synapse_tinyframe/package.xml
[0.942s] Invoked command in '/home/user/cognipilot/cranium/build/synapse_tinyframe' returned '0': CMAKE_PREFIX_PATH=${CMAKE_PREFIX_PATH}:/home/user/cognipilot/cranium/install/b3rb_ros_aim_india:/opt/ros/humble /usr/bin/cmake --install /home/user/cognipilot/cranium/build/synapse_tinyframe
