[6.458s] Invoking command in '/home/user/cognipilot/cranium/src/NXP_AIM_INDIA_2025': CMAKE_PREFIX_PATH=/home/user/cognipilot/cranium/install/synapse_msgs:/home/user/cognipilot/cranium/install/b3rb_robot:/home/user/cognipilot/cranium/install/b3rb_bringup:/home/user/cognipilot/cranium/install/synapse_ros:/home/user/cognipilot/cranium/install/synapse_tinyframe:/home/user/cognipilot/cranium/install/synapse_protobuf:/home/user/cognipilot/cranium/install/corti:/home/user/cognipilot/cranium/install/ldlidar_stl_ros2:/home/user/cognipilot/cranium/install/b3rb_nav2:/home/user/cognipilot/cranium/install/b3rb_description LD_LIBRARY_PATH=/home/user/cognipilot/cranium/install/synapse_msgs/lib:/home/user/cognipilot/cranium/install/synapse_tinyframe/lib:/home/user/cognipilot/cranium/install/synapse_protobuf/lib:/opt/ros/humble/opt/rviz_ogre_vendor/lib:/opt/ros/humble/lib/aarch64-linux-gnu:/opt/ros/humble/lib PYTHONPATH=/home/user/cognipilot/cranium/build/b3rb_ros_aim_india/prefix_override:/usr/lib/python3/dist-packages/colcon_core/task/python/colcon_distutils_commands:/home/user/cognipilot/cranium/install/b3rb_ros_aim_india/lib/python3.10/site-packages:${PYTHONPATH} /usr/bin/python3 -W ignore:setup.py install is deprecated -W ignore:easy_install command is deprecated setup.py egg_info --egg-base ../../build/b3rb_ros_aim_india build --build-base /home/user/cognipilot/cranium/build/b3rb_ros_aim_india/build install --record /home/user/cognipilot/cranium/build/b3rb_ros_aim_india/install.log --single-version-externally-managed install_data
[8.744s] running egg_info
[8.750s] writing ../../build/b3rb_ros_aim_india/b3rb_ros_aim_india.egg-info/PKG-INFO
[8.751s] writing dependency_links to ../../build/b3rb_ros_aim_india/b3rb_ros_aim_india.egg-info/dependency_links.txt
[8.753s] writing entry points to ../../build/b3rb_ros_aim_india/b3rb_ros_aim_india.egg-info/entry_points.txt
[8.754s] writing requirements to ../../build/b3rb_ros_aim_india/b3rb_ros_aim_india.egg-info/requires.txt
[8.755s] writing top-level names to ../../build/b3rb_ros_aim_india/b3rb_ros_aim_india.egg-info/top_level.txt
[8.779s] reading manifest file '../../build/b3rb_ros_aim_india/b3rb_ros_aim_india.egg-info/SOURCES.txt'
[8.780s] adding license file 'LICENSE'
[8.787s] writing manifest file '../../build/b3rb_ros_aim_india/b3rb_ros_aim_india.egg-info/SOURCES.txt'
[8.788s] running build
[8.789s] running build_py
[8.792s] running install
[8.794s] running install_lib
[8.804s] running install_data
[8.805s] running install_egg_info
[8.818s] removing '/home/user/cognipilot/cranium/install/b3rb_ros_aim_india/lib/python3.10/site-packages/b3rb_ros_aim_india-0.0.0-py3.10.egg-info' (and everything under it)
[8.820s] Copying ../../build/b3rb_ros_aim_india/b3rb_ros_aim_india.egg-info to /home/user/cognipilot/cranium/install/b3rb_ros_aim_india/lib/python3.10/site-packages/b3rb_ros_aim_india-0.0.0-py3.10.egg-info
[8.826s] running install_scripts
[8.985s] Installing detect script to /home/user/cognipilot/cranium/install/b3rb_ros_aim_india/lib/b3rb_ros_aim_india
[8.986s] Installing explore script to /home/user/cognipilot/cranium/install/b3rb_ros_aim_india/lib/b3rb_ros_aim_india
[8.989s] writing list of installed files to '/home/user/cognipilot/cranium/build/b3rb_ros_aim_india/install.log'
[9.217s] Invoked command in '/home/user/cognipilot/cranium/src/NXP_AIM_INDIA_2025' returned '0': CMAKE_PREFIX_PATH=/home/user/cognipilot/cranium/install/synapse_msgs:/home/user/cognipilot/cranium/install/b3rb_robot:/home/user/cognipilot/cranium/install/b3rb_bringup:/home/user/cognipilot/cranium/install/synapse_ros:/home/user/cognipilot/cranium/install/synapse_tinyframe:/home/user/cognipilot/cranium/install/synapse_protobuf:/home/user/cognipilot/cranium/install/corti:/home/user/cognipilot/cranium/install/ldlidar_stl_ros2:/home/user/cognipilot/cranium/install/b3rb_nav2:/home/user/cognipilot/cranium/install/b3rb_description LD_LIBRARY_PATH=/home/user/cognipilot/cranium/install/synapse_msgs/lib:/home/user/cognipilot/cranium/install/synapse_tinyframe/lib:/home/user/cognipilot/cranium/install/synapse_protobuf/lib:/opt/ros/humble/opt/rviz_ogre_vendor/lib:/opt/ros/humble/lib/aarch64-linux-gnu:/opt/ros/humble/lib PYTHONPATH=/home/user/cognipilot/cranium/build/b3rb_ros_aim_india/prefix_override:/usr/lib/python3/dist-packages/colcon_core/task/python/colcon_distutils_commands:/home/user/cognipilot/cranium/install/b3rb_ros_aim_india/lib/python3.10/site-packages:${PYTHONPATH} /usr/bin/python3 -W ignore:setup.py install is deprecated -W ignore:easy_install command is deprecated setup.py egg_info --egg-base ../../build/b3rb_ros_aim_india build --build-base /home/user/cognipilot/cranium/build/b3rb_ros_aim_india/build install --record /home/user/cognipilot/cranium/build/b3rb_ros_aim_india/install.log --single-version-externally-managed install_data
