-- Found ament_cmake: 1.3.11 (/opt/ros/humble/share/ament_cmake/cmake)
-- Found ament_lint_auto: 0.12.12 (/opt/ros/humble/share/ament_lint_auto/cmake)
-- Configuring done
-- Generating done
-- Build files have been written to: /home/user/cognipilot/cranium/build/b3rb_robot
-- Install configuration: ""
-- Up-to-date: /home/user/cognipilot/cranium/install/b3rb_robot/share/ament_index/resource_index/package_run_dependencies/b3rb_robot
-- Installing: /home/user/cognipilot/cranium/install/b3rb_robot/share/ament_index/resource_index/parent_prefix_path/b3rb_robot
-- Up-to-date: /home/user/cognipilot/cranium/install/b3rb_robot/share/b3rb_robot/environment/ament_prefix_path.sh
-- Installing: /home/user/cognipilot/cranium/install/b3rb_robot/share/b3rb_robot/environment/ament_prefix_path.dsv
-- Up-to-date: /home/user/cognipilot/cranium/install/b3rb_robot/share/b3rb_robot/environment/path.sh
-- Installing: /home/user/cognipilot/cranium/install/b3rb_robot/share/b3rb_robot/environment/path.dsv
-- Up-to-date: /home/user/cognipilot/cranium/install/b3rb_robot/share/b3rb_robot/local_setup.bash
-- Up-to-date: /home/user/cognipilot/cranium/install/b3rb_robot/share/b3rb_robot/local_setup.sh
-- Up-to-date: /home/user/cognipilot/cranium/install/b3rb_robot/share/b3rb_robot/local_setup.zsh
-- Installing: /home/user/cognipilot/cranium/install/b3rb_robot/share/b3rb_robot/local_setup.dsv
-- Installing: /home/user/cognipilot/cranium/install/b3rb_robot/share/b3rb_robot/package.dsv
-- Up-to-date: /home/user/cognipilot/cranium/install/b3rb_robot/share/ament_index/resource_index/packages/b3rb_robot
-- Up-to-date: /home/user/cognipilot/cranium/install/b3rb_robot/share/b3rb_robot/cmake/b3rb_robotConfig.cmake
-- Up-to-date: /home/user/cognipilot/cranium/install/b3rb_robot/share/b3rb_robot/cmake/b3rb_robotConfig-version.cmake
-- Installing: /home/user/cognipilot/cranium/install/b3rb_robot/share/b3rb_robot/package.xml
