[0.106s] Invoking command in '/home/user/cognipilot/cranium/build/b3rb_robot': CMAKE_PREFIX_PATH=/home/user/cognipilot/cranium/install/b3rb_bringup:/home/user/cognipilot/cranium/install/synapse_ros:/home/user/cognipilot/cranium/install/corti:/home/user/cognipilot/cranium/install/synapse_tinyframe:/home/user/cognipilot/cranium/install/synapse_protobuf:/home/user/cognipilot/cranium/install/synapse_msgs:/home/user/cognipilot/cranium/install/ldlidar_stl_ros2:/home/user/cognipilot/cranium/install/b3rb_nav2:/home/user/cognipilot/cranium/install/b3rb_description:/home/user/cognipilot/cranium/install/b3rb_robot:/home/user/cognipilot/cranium/install/b3rb_ros_aim_india:/opt/ros/humble LD_LIBRARY_PATH=/home/user/cognipilot/cranium/install/synapse_msgs/lib:/home/user/cognipilot/cranium/install/synapse_tinyframe/lib:/home/user/cognipilot/cranium/install/synapse_protobuf/lib:/opt/ros/humble/opt/rviz_ogre_vendor/lib:/opt/ros/humble/lib/aarch64-linux-gnu:/opt/ros/humble/lib /usr/bin/cmake --build /home/user/cognipilot/cranium/build/b3rb_robot -- -j4 -l4
[0.232s] -- Found ament_cmake: 1.3.11 (/opt/ros/humble/share/ament_cmake/cmake)
[1.288s] -- Found ament_lint_auto: 0.12.12 (/opt/ros/humble/share/ament_lint_auto/cmake)
[1.865s] -- Configuring done
[1.894s] -- Generating done
[1.909s] -- Build files have been written to: /home/user/cognipilot/cranium/build/b3rb_robot
[2.020s] Invoked command in '/home/user/cognipilot/cranium/build/b3rb_robot' returned '0': CMAKE_PREFIX_PATH=/home/user/cognipilot/cranium/install/b3rb_bringup:/home/user/cognipilot/cranium/install/synapse_ros:/home/user/cognipilot/cranium/install/corti:/home/user/cognipilot/cranium/install/synapse_tinyframe:/home/user/cognipilot/cranium/install/synapse_protobuf:/home/user/cognipilot/cranium/install/synapse_msgs:/home/user/cognipilot/cranium/install/ldlidar_stl_ros2:/home/user/cognipilot/cranium/install/b3rb_nav2:/home/user/cognipilot/cranium/install/b3rb_description:/home/user/cognipilot/cranium/install/b3rb_robot:/home/user/cognipilot/cranium/install/b3rb_ros_aim_india:/opt/ros/humble LD_LIBRARY_PATH=/home/user/cognipilot/cranium/install/synapse_msgs/lib:/home/user/cognipilot/cranium/install/synapse_tinyframe/lib:/home/user/cognipilot/cranium/install/synapse_protobuf/lib:/opt/ros/humble/opt/rviz_ogre_vendor/lib:/opt/ros/humble/lib/aarch64-linux-gnu:/opt/ros/humble/lib /usr/bin/cmake --build /home/user/cognipilot/cranium/build/b3rb_robot -- -j4 -l4
[2.028s] Invoking command in '/home/user/cognipilot/cranium/build/b3rb_robot': CMAKE_PREFIX_PATH=/home/user/cognipilot/cranium/install/b3rb_bringup:/home/user/cognipilot/cranium/install/synapse_ros:/home/user/cognipilot/cranium/install/corti:/home/user/cognipilot/cranium/install/synapse_tinyframe:/home/user/cognipilot/cranium/install/synapse_protobuf:/home/user/cognipilot/cranium/install/synapse_msgs:/home/user/cognipilot/cranium/install/ldlidar_stl_ros2:/home/user/cognipilot/cranium/install/b3rb_nav2:/home/user/cognipilot/cranium/install/b3rb_description:/home/user/cognipilot/cranium/install/b3rb_robot:/home/user/cognipilot/cranium/install/b3rb_ros_aim_india:/opt/ros/humble LD_LIBRARY_PATH=/home/user/cognipilot/cranium/install/synapse_msgs/lib:/home/user/cognipilot/cranium/install/synapse_tinyframe/lib:/home/user/cognipilot/cranium/install/synapse_protobuf/lib:/opt/ros/humble/opt/rviz_ogre_vendor/lib:/opt/ros/humble/lib/aarch64-linux-gnu:/opt/ros/humble/lib /usr/bin/cmake --install /home/user/cognipilot/cranium/build/b3rb_robot
[2.070s] -- Install configuration: ""
[2.071s] -- Up-to-date: /home/user/cognipilot/cranium/install/b3rb_robot/share/ament_index/resource_index/package_run_dependencies/b3rb_robot
[2.074s] -- Installing: /home/user/cognipilot/cranium/install/b3rb_robot/share/ament_index/resource_index/parent_prefix_path/b3rb_robot
[2.075s] -- Up-to-date: /home/user/cognipilot/cranium/install/b3rb_robot/share/b3rb_robot/environment/ament_prefix_path.sh
[2.076s] -- Installing: /home/user/cognipilot/cranium/install/b3rb_robot/share/b3rb_robot/environment/ament_prefix_path.dsv
[2.077s] -- Up-to-date: /home/user/cognipilot/cranium/install/b3rb_robot/share/b3rb_robot/environment/path.sh
[2.079s] -- Installing: /home/user/cognipilot/cranium/install/b3rb_robot/share/b3rb_robot/environment/path.dsv
[2.080s] -- Up-to-date: /home/user/cognipilot/cranium/install/b3rb_robot/share/b3rb_robot/local_setup.bash
[2.081s] -- Up-to-date: /home/user/cognipilot/cranium/install/b3rb_robot/share/b3rb_robot/local_setup.sh
[2.082s] -- Up-to-date: /home/user/cognipilot/cranium/install/b3rb_robot/share/b3rb_robot/local_setup.zsh
[2.083s] -- Installing: /home/user/cognipilot/cranium/install/b3rb_robot/share/b3rb_robot/local_setup.dsv
[2.083s] -- Installing: /home/user/cognipilot/cranium/install/b3rb_robot/share/b3rb_robot/package.dsv
[2.084s] -- Up-to-date: /home/user/cognipilot/cranium/install/b3rb_robot/share/ament_index/resource_index/packages/b3rb_robot
[2.085s] -- Up-to-date: /home/user/cognipilot/cranium/install/b3rb_robot/share/b3rb_robot/cmake/b3rb_robotConfig.cmake
[2.087s] -- Up-to-date: /home/user/cognipilot/cranium/install/b3rb_robot/share/b3rb_robot/cmake/b3rb_robotConfig-version.cmake
[2.089s] -- Installing: /home/user/cognipilot/cranium/install/b3rb_robot/share/b3rb_robot/package.xml
[2.096s] Invoked command in '/home/user/cognipilot/cranium/build/b3rb_robot' returned '0': CMAKE_PREFIX_PATH=/home/user/cognipilot/cranium/install/b3rb_bringup:/home/user/cognipilot/cranium/install/synapse_ros:/home/user/cognipilot/cranium/install/corti:/home/user/cognipilot/cranium/install/synapse_tinyframe:/home/user/cognipilot/cranium/install/synapse_protobuf:/home/user/cognipilot/cranium/install/synapse_msgs:/home/user/cognipilot/cranium/install/ldlidar_stl_ros2:/home/user/cognipilot/cranium/install/b3rb_nav2:/home/user/cognipilot/cranium/install/b3rb_description:/home/user/cognipilot/cranium/install/b3rb_robot:/home/user/cognipilot/cranium/install/b3rb_ros_aim_india:/opt/ros/humble LD_LIBRARY_PATH=/home/user/cognipilot/cranium/install/synapse_msgs/lib:/home/user/cognipilot/cranium/install/synapse_tinyframe/lib:/home/user/cognipilot/cranium/install/synapse_protobuf/lib:/opt/ros/humble/opt/rviz_ogre_vendor/lib:/opt/ros/humble/lib/aarch64-linux-gnu:/opt/ros/humble/lib /usr/bin/cmake --install /home/user/cognipilot/cranium/build/b3rb_robot
