[0.281s] Invoking command in '/home/user/cognipilot/cranium/build/ldlidar_stl_ros2': CMAKE_PREFIX_PATH=${CMAKE_PREFIX_PATH}:/home/user/cognipilot/cranium/install/b3rb_ros_aim_india:/opt/ros/humble /usr/bin/cmake --build /home/user/cognipilot/cranium/build/ldlidar_stl_ros2 -- -j4 -l4
[0.707s] [100%] Built target ldlidar_stl_ros2_node
[0.765s] Invoked command in '/home/user/cognipilot/cranium/build/ldlidar_stl_ros2' returned '0': CMAKE_PREFIX_PATH=${CMAKE_PREFIX_PATH}:/home/user/cognipilot/cranium/install/b3rb_ros_aim_india:/opt/ros/humble /usr/bin/cmake --build /home/user/cognipilot/cranium/build/ldlidar_stl_ros2 -- -j4 -l4
[0.774s] Invoking command in '/home/user/cognipilot/cranium/build/ldlidar_stl_ros2': CMAKE_PREFIX_PATH=${CMAKE_PREFIX_PATH}:/home/user/cognipilot/cranium/install/b3rb_ros_aim_india:/opt/ros/humble /usr/bin/cmake --install /home/user/cognipilot/cranium/build/ldlidar_stl_ros2
[0.815s] -- Install configuration: ""
[0.816s] -- Up-to-date: /home/user/cognipilot/cranium/install/ldlidar_stl_ros2/lib/ldlidar_stl_ros2/ldlidar_stl_ros2_node
[0.818s] -- Up-to-date: /home/user/cognipilot/cranium/install/ldlidar_stl_ros2/share/ldlidar_stl_ros2//launch
[0.819s] -- Up-to-date: /home/user/cognipilot/cranium/install/ldlidar_stl_ros2/share/ldlidar_stl_ros2//launch/ld06.launch.py
[0.821s] -- Up-to-date: /home/user/cognipilot/cranium/install/ldlidar_stl_ros2/share/ldlidar_stl_ros2//launch/viewer_ld19.launch.py
[0.822s] -- Up-to-date: /home/user/cognipilot/cranium/install/ldlidar_stl_ros2/share/ldlidar_stl_ros2//launch/viewer_stl27l.launch.py
[0.824s] -- Up-to-date: /home/user/cognipilot/cranium/install/ldlidar_stl_ros2/share/ldlidar_stl_ros2//launch/viewer_ld06.launch.py
[0.825s] -- Up-to-date: /home/user/cognipilot/cranium/install/ldlidar_stl_ros2/share/ldlidar_stl_ros2//launch/ld19.launch.py
[0.825s] -- Up-to-date: /home/user/cognipilot/cranium/install/ldlidar_stl_ros2/share/ldlidar_stl_ros2//launch/stl27l.launch.py
[0.826s] -- Up-to-date: /home/user/cognipilot/cranium/install/ldlidar_stl_ros2/share/ldlidar_stl_ros2//rviz2
[0.827s] -- Up-to-date: /home/user/cognipilot/cranium/install/ldlidar_stl_ros2/share/ldlidar_stl_ros2//rviz2/ldlidar.rviz
[0.828s] -- Up-to-date: /home/user/cognipilot/cranium/install/ldlidar_stl_ros2/share/ament_index/resource_index/package_run_dependencies/ldlidar_stl_ros2
[0.829s] -- Up-to-date: /home/user/cognipilot/cranium/install/ldlidar_stl_ros2/share/ament_index/resource_index/parent_prefix_path/ldlidar_stl_ros2
[0.830s] -- Up-to-date: /home/user/cognipilot/cranium/install/ldlidar_stl_ros2/share/ldlidar_stl_ros2/environment/ament_prefix_path.sh
[0.833s] -- Up-to-date: /home/user/cognipilot/cranium/install/ldlidar_stl_ros2/share/ldlidar_stl_ros2/environment/ament_prefix_path.dsv
[0.839s] -- Up-to-date: /home/user/cognipilot/cranium/install/ldlidar_stl_ros2/share/ldlidar_stl_ros2/environment/path.sh
[0.841s] -- Up-to-date: /home/user/cognipilot/cranium/install/ldlidar_stl_ros2/share/ldlidar_stl_ros2/environment/path.dsv
[0.842s] -- Up-to-date: /home/user/cognipilot/cranium/install/ldlidar_stl_ros2/share/ldlidar_stl_ros2/local_setup.bash
[0.843s] -- Up-to-date: /home/user/cognipilot/cranium/install/ldlidar_stl_ros2/share/ldlidar_stl_ros2/local_setup.sh
[0.844s] -- Up-to-date: /home/user/cognipilot/cranium/install/ldlidar_stl_ros2/share/ldlidar_stl_ros2/local_setup.zsh
[0.845s] -- Up-to-date: /home/user/cognipilot/cranium/install/ldlidar_stl_ros2/share/ldlidar_stl_ros2/local_setup.dsv
[0.847s] -- Installing: /home/user/cognipilot/cranium/install/ldlidar_stl_ros2/share/ldlidar_stl_ros2/package.dsv
[0.848s] -- Up-to-date: /home/user/cognipilot/cranium/install/ldlidar_stl_ros2/share/ament_index/resource_index/packages/ldlidar_stl_ros2
[0.850s] -- Up-to-date: /home/user/cognipilot/cranium/install/ldlidar_stl_ros2/share/ldlidar_stl_ros2/cmake/ldlidar_stl_ros2Config.cmake
[0.851s] -- Up-to-date: /home/user/cognipilot/cranium/install/ldlidar_stl_ros2/share/ldlidar_stl_ros2/cmake/ldlidar_stl_ros2Config-version.cmake
[0.852s] -- Up-to-date: /home/user/cognipilot/cranium/install/ldlidar_stl_ros2/share/ldlidar_stl_ros2/package.xml
[0.853s] Invoked command in '/home/user/cognipilot/cranium/build/ldlidar_stl_ros2' returned '0': CMAKE_PREFIX_PATH=${CMAKE_PREFIX_PATH}:/home/user/cognipilot/cranium/install/b3rb_ros_aim_india:/opt/ros/humble /usr/bin/cmake --install /home/user/cognipilot/cranium/build/ldlidar_stl_ros2
