[0.135s] Invoking command in '/home/user/cognipilot/cranium/build/synapse_ros': CMAKE_PREFIX_PATH=/home/user/cognipilot/cranium/install/synapse_tinyframe:/home/user/cognipilot/cranium/install/synapse_protobuf:/home/user/cognipilot/cranium/install/synapse_msgs:/home/user/cognipilot/cranium/install/b3rb_robot:/home/user/cognipilot/cranium/install/b3rb_bringup:/home/user/cognipilot/cranium/install/synapse_ros:/home/user/cognipilot/cranium/install/corti:/home/user/cognipilot/cranium/install/ldlidar_stl_ros2:/home/user/cognipilot/cranium/install/b3rb_nav2:/home/user/cognipilot/cranium/install/b3rb_description:/home/user/cognipilot/cranium/install/b3rb_ros_aim_india:/opt/ros/humble LD_LIBRARY_PATH=/home/user/cognipilot/cranium/install/synapse_msgs/lib:/home/user/cognipilot/cranium/install/synapse_tinyframe/lib:/home/user/cognipilot/cranium/install/synapse_protobuf/lib:/opt/ros/humble/opt/rviz_ogre_vendor/lib:/opt/ros/humble/lib/aarch64-linux-gnu:/opt/ros/humble/lib /usr/bin/cmake --build /home/user/cognipilot/cranium/build/synapse_ros -- -j4 -l4
[0.596s] [100%] Built target synapse_ros
[2.937s] Invoked command in '/home/user/cognipilot/cranium/build/synapse_ros' returned '0': CMAKE_PREFIX_PATH=/home/user/cognipilot/cranium/install/synapse_tinyframe:/home/user/cognipilot/cranium/install/synapse_protobuf:/home/user/cognipilot/cranium/install/synapse_msgs:/home/user/cognipilot/cranium/install/b3rb_robot:/home/user/cognipilot/cranium/install/b3rb_bringup:/home/user/cognipilot/cranium/install/synapse_ros:/home/user/cognipilot/cranium/install/corti:/home/user/cognipilot/cranium/install/ldlidar_stl_ros2:/home/user/cognipilot/cranium/install/b3rb_nav2:/home/user/cognipilot/cranium/install/b3rb_description:/home/user/cognipilot/cranium/install/b3rb_ros_aim_india:/opt/ros/humble LD_LIBRARY_PATH=/home/user/cognipilot/cranium/install/synapse_msgs/lib:/home/user/cognipilot/cranium/install/synapse_tinyframe/lib:/home/user/cognipilot/cranium/install/synapse_protobuf/lib:/opt/ros/humble/opt/rviz_ogre_vendor/lib:/opt/ros/humble/lib/aarch64-linux-gnu:/opt/ros/humble/lib /usr/bin/cmake --build /home/user/cognipilot/cranium/build/synapse_ros -- -j4 -l4
[2.946s] Invoking command in '/home/user/cognipilot/cranium/build/synapse_ros': CMAKE_PREFIX_PATH=/home/user/cognipilot/cranium/install/synapse_tinyframe:/home/user/cognipilot/cranium/install/synapse_protobuf:/home/user/cognipilot/cranium/install/synapse_msgs:/home/user/cognipilot/cranium/install/b3rb_robot:/home/user/cognipilot/cranium/install/b3rb_bringup:/home/user/cognipilot/cranium/install/synapse_ros:/home/user/cognipilot/cranium/install/corti:/home/user/cognipilot/cranium/install/ldlidar_stl_ros2:/home/user/cognipilot/cranium/install/b3rb_nav2:/home/user/cognipilot/cranium/install/b3rb_description:/home/user/cognipilot/cranium/install/b3rb_ros_aim_india:/opt/ros/humble LD_LIBRARY_PATH=/home/user/cognipilot/cranium/install/synapse_msgs/lib:/home/user/cognipilot/cranium/install/synapse_tinyframe/lib:/home/user/cognipilot/cranium/install/synapse_protobuf/lib:/opt/ros/humble/opt/rviz_ogre_vendor/lib:/opt/ros/humble/lib/aarch64-linux-gnu:/opt/ros/humble/lib /usr/bin/cmake --install /home/user/cognipilot/cranium/build/synapse_ros
[2.993s] -- Install configuration: ""
[2.994s] -- Up-to-date: /home/user/cognipilot/cranium/install/synapse_ros/lib/synapse_ros/synapse_ros
[2.997s] -- Up-to-date: /home/user/cognipilot/cranium/install/synapse_ros/share/synapse_ros/launch
[3.000s] -- Up-to-date: /home/user/cognipilot/cranium/install/synapse_ros/share/synapse_ros/launch/synapse_ros.launch.py
[3.002s] -- Up-to-date: /home/user/cognipilot/cranium/install/synapse_ros/share/ament_index/resource_index/package_run_dependencies/synapse_ros
[3.003s] -- Up-to-date: /home/user/cognipilot/cranium/install/synapse_ros/share/ament_index/resource_index/parent_prefix_path/synapse_ros
[3.004s] -- Up-to-date: /home/user/cognipilot/cranium/install/synapse_ros/share/synapse_ros/environment/ament_prefix_path.sh
[3.005s] -- Up-to-date: /home/user/cognipilot/cranium/install/synapse_ros/share/synapse_ros/environment/ament_prefix_path.dsv
[3.006s] -- Up-to-date: /home/user/cognipilot/cranium/install/synapse_ros/share/synapse_ros/environment/path.sh
[3.007s] -- Up-to-date: /home/user/cognipilot/cranium/install/synapse_ros/share/synapse_ros/environment/path.dsv
[3.008s] -- Up-to-date: /home/user/cognipilot/cranium/install/synapse_ros/share/synapse_ros/local_setup.bash
[3.098s] -- Up-to-date: /home/user/cognipilot/cranium/install/synapse_ros/share/synapse_ros/local_setup.sh
[3.100s] -- Up-to-date: /home/user/cognipilot/cranium/install/synapse_ros/share/synapse_ros/local_setup.zsh
[3.101s] -- Up-to-date: /home/user/cognipilot/cranium/install/synapse_ros/share/synapse_ros/local_setup.dsv
[3.102s] -- Installing: /home/user/cognipilot/cranium/install/synapse_ros/share/synapse_ros/package.dsv
[3.103s] -- Up-to-date: /home/user/cognipilot/cranium/install/synapse_ros/share/ament_index/resource_index/packages/synapse_ros
[3.104s] -- Up-to-date: /home/user/cognipilot/cranium/install/synapse_ros/share/synapse_ros/cmake/synapse_rosConfig.cmake
[3.105s] -- Up-to-date: /home/user/cognipilot/cranium/install/synapse_ros/share/synapse_ros/cmake/synapse_rosConfig-version.cmake
[3.106s] -- Up-to-date: /home/user/cognipilot/cranium/install/synapse_ros/share/synapse_ros/package.xml
[3.129s] Invoked command in '/home/user/cognipilot/cranium/build/synapse_ros' returned '0': CMAKE_PREFIX_PATH=/home/user/cognipilot/cranium/install/synapse_tinyframe:/home/user/cognipilot/cranium/install/synapse_protobuf:/home/user/cognipilot/cranium/install/synapse_msgs:/home/user/cognipilot/cranium/install/b3rb_robot:/home/user/cognipilot/cranium/install/b3rb_bringup:/home/user/cognipilot/cranium/install/synapse_ros:/home/user/cognipilot/cranium/install/corti:/home/user/cognipilot/cranium/install/ldlidar_stl_ros2:/home/user/cognipilot/cranium/install/b3rb_nav2:/home/user/cognipilot/cranium/install/b3rb_description:/home/user/cognipilot/cranium/install/b3rb_ros_aim_india:/opt/ros/humble LD_LIBRARY_PATH=/home/user/cognipilot/cranium/install/synapse_msgs/lib:/home/user/cognipilot/cranium/install/synapse_tinyframe/lib:/home/user/cognipilot/cranium/install/synapse_protobuf/lib:/opt/ros/humble/opt/rviz_ogre_vendor/lib:/opt/ros/humble/lib/aarch64-linux-gnu:/opt/ros/humble/lib /usr/bin/cmake --install /home/user/cognipilot/cranium/build/synapse_ros
