[0.275s] Invoking command in '/home/user/cognipilot/cranium/build/synapse_tinyframe': CMAKE_PREFIX_PATH=${CMAKE_PREFIX_PATH}:/opt/ros/humble /usr/bin/cmake --build /home/user/cognipilot/cranium/build/synapse_tinyframe -- -j4 -l4
[0.719s] [35m[1mConsolidate compiler generated dependencies of target synapse_tinyframe[0m
[0.822s] [100%] Built target synapse_tinyframe
[1.181s] Invoked command in '/home/user/cognipilot/cranium/build/synapse_tinyframe' returned '0': CMAKE_PREFIX_PATH=${CMAKE_PREFIX_PATH}:/opt/ros/humble /usr/bin/cmake --build /home/user/cognipilot/cranium/build/synapse_tinyframe -- -j4 -l4
[1.193s] Invoking command in '/home/user/cognipilot/cranium/build/synapse_tinyframe': CMAKE_PREFIX_PATH=${CMAKE_PREFIX_PATH}:/opt/ros/humble /usr/bin/cmake --install /home/user/cognipilot/cranium/build/synapse_tinyframe
[1.249s] -- Install configuration: ""
[1.251s] -- Up-to-date: /home/user/cognipilot/cranium/install/synapse_tinyframe/share/synapse_tinyframe/environment/library_path.sh
[1.253s] -- Up-to-date: /home/user/cognipilot/cranium/install/synapse_tinyframe/share/synapse_tinyframe/environment/library_path.dsv
[1.255s] -- Up-to-date: /home/user/cognipilot/cranium/install/synapse_tinyframe/include
[1.258s] -- Up-to-date: /home/user/cognipilot/cranium/install/synapse_tinyframe/include/synapse_tinyframe
[1.260s] -- Up-to-date: /home/user/cognipilot/cranium/install/synapse_tinyframe/include/synapse_tinyframe/SynapseTopics.h
[1.261s] -- Up-to-date: /home/user/cognipilot/cranium/install/synapse_tinyframe/include/synapse_tinyframe/TinyFrame.h
[1.262s] -- Up-to-date: /home/user/cognipilot/cranium/install/synapse_tinyframe/include/synapse_tinyframe/utils.h
[1.264s] -- Up-to-date: /home/user/cognipilot/cranium/install/synapse_tinyframe/include/synapse_tinyframe/TF_Config.h
[1.266s] -- Up-to-date: /home/user/cognipilot/cranium/install/synapse_tinyframe/lib/libsynapse_tinyframe.a
[1.270s] -- Up-to-date: /home/user/cognipilot/cranium/install/synapse_tinyframe/share/ament_index/resource_index/package_run_dependencies/synapse_tinyframe
[1.271s] -- Up-to-date: /home/user/cognipilot/cranium/install/synapse_tinyframe/share/ament_index/resource_index/parent_prefix_path/synapse_tinyframe
[1.272s] -- Up-to-date: /home/user/cognipilot/cranium/install/synapse_tinyframe/share/synapse_tinyframe/environment/ament_prefix_path.sh
[1.273s] -- Up-to-date: /home/user/cognipilot/cranium/install/synapse_tinyframe/share/synapse_tinyframe/environment/ament_prefix_path.dsv
[1.275s] -- Up-to-date: /home/user/cognipilot/cranium/install/synapse_tinyframe/share/synapse_tinyframe/environment/path.sh
[1.290s] -- Up-to-date: /home/user/cognipilot/cranium/install/synapse_tinyframe/share/synapse_tinyframe/environment/path.dsv
[1.291s] -- Up-to-date: /home/user/cognipilot/cranium/install/synapse_tinyframe/share/synapse_tinyframe/local_setup.bash
[1.292s] -- Up-to-date: /home/user/cognipilot/cranium/install/synapse_tinyframe/share/synapse_tinyframe/local_setup.sh
[1.293s] -- Up-to-date: /home/user/cognipilot/cranium/install/synapse_tinyframe/share/synapse_tinyframe/local_setup.zsh
[1.294s] -- Up-to-date: /home/user/cognipilot/cranium/install/synapse_tinyframe/share/synapse_tinyframe/local_setup.dsv
[1.295s] -- Installing: /home/user/cognipilot/cranium/install/synapse_tinyframe/share/synapse_tinyframe/package.dsv
[1.299s] -- Up-to-date: /home/user/cognipilot/cranium/install/synapse_tinyframe/share/ament_index/resource_index/packages/synapse_tinyframe
[1.301s] -- Up-to-date: /home/user/cognipilot/cranium/install/synapse_tinyframe/share/synapse_tinyframe/cmake/synapse_tinyframeExport.cmake
[1.302s] -- Up-to-date: /home/user/cognipilot/cranium/install/synapse_tinyframe/share/synapse_tinyframe/cmake/synapse_tinyframeExport-noconfig.cmake
[1.306s] -- Up-to-date: /home/user/cognipilot/cranium/install/synapse_tinyframe/share/synapse_tinyframe/cmake/ament_cmake_export_targets-extras.cmake
[1.307s] -- Up-to-date: /home/user/cognipilot/cranium/install/synapse_tinyframe/share/synapse_tinyframe/cmake/synapse_tinyframeConfig.cmake
[1.308s] -- Up-to-date: /home/user/cognipilot/cranium/install/synapse_tinyframe/share/synapse_tinyframe/cmake/synapse_tinyframeConfig-version.cmake
[1.324s] -- Up-to-date: /home/user/cognipilot/cranium/install/synapse_tinyframe/share/synapse_tinyframe/package.xml
[1.329s] Invoked command in '/home/user/cognipilot/cranium/build/synapse_tinyframe' returned '0': CMAKE_PREFIX_PATH=${CMAKE_PREFIX_PATH}:/opt/ros/humble /usr/bin/cmake --install /home/user/cognipilot/cranium/build/synapse_tinyframe
